{"name": "Выход из аккаунта", "status": "broken", "statusDetails": {"message": "selenium.common.exceptions.WebDriverException: Message: Service C:\\WebDriver\\chromedriver-win64\\chromedriver.exe unexpectedly exited. Status code was: 1", "trace": "tests\\conftest.py:15: in driver\n    driver = DriverFactory.create_driver(request.param)\nutils\\driver_factory.py:138: in create_driver\n    driver = webdriver.Chrome(\nvenv\\lib\\site-packages\\selenium\\webdriver\\chrome\\webdriver.py:45: in __init__\n    super().__init__(\nvenv\\lib\\site-packages\\selenium\\webdriver\\chromium\\webdriver.py:53: in __init__\n    self.service.start()\nvenv\\lib\\site-packages\\selenium\\webdriver\\common\\service.py:102: in start\n    self.assert_process_still_running()\nvenv\\lib\\site-packages\\selenium\\webdriver\\common\\service.py:115: in assert_process_still_running\n    raise WebDriverException(f\"Service {self._path} unexpectedly exited. Status code was: {return_code}\")\nE   selenium.common.exceptions.WebDriverException: Message: Service C:\\WebDriver\\chromedriver-win64\\chromedriver.exe unexpectedly exited. Status code was: 1"}, "description": "Проверяет выход из аккаунта", "parameters": [{"name": "driver", "value": "'chrome'"}], "start": 1767099956441, "stop": 1767099956441, "uuid": "96c4f1fb-2f64-4d9b-9db0-9a0913c88f5c", "historyId": "7b16d23a0cc98967462794b1ee1551ae", "testCaseId": "d68f0606c507b3df4345cd7fbac084cb", "fullName": "tests.test_user_profile.TestUserProfile#test_logout", "labels": [{"name": "story", "value": "Функциональность личного кабинета"}, {"name": "feature", "value": "Личный кабинет"}, {"name": "parentSuite", "value": "tests"}, {"name": "suite", "value": "test_user_profile"}, {"name": "subSuite", "value": "TestUserProfile"}, {"name": "host", "value": "plr-001004476"}, {"name": "thread", "value": "29912-MainThread"}, {"name": "framework", "value": "pytest"}, {"name": "language", "value": "cpython3"}, {"name": "package", "value": "tests.test_user_profile"}]}