{"name": "Всплывающее окно с деталями заказа", "status": "broken", "statusDetails": {"message": "selenium.common.exceptions.WebDriverException: Message: Service C:\\WebDriver\\chromedriver-win64\\chromedriver.exe unexpectedly exited. Status code was: 1", "trace": "tests\\conftest.py:15: in driver\n    driver = DriverFactory.create_driver(request.param)\nutils\\driver_factory.py:138: in create_driver\n    driver = webdriver.Chrome(\nvenv\\lib\\site-packages\\selenium\\webdriver\\chrome\\webdriver.py:45: in __init__\n    super().__init__(\nvenv\\lib\\site-packages\\selenium\\webdriver\\chromium\\webdriver.py:53: in __init__\n    self.service.start()\nvenv\\lib\\site-packages\\selenium\\webdriver\\common\\service.py:102: in start\n    self.assert_process_still_running()\nvenv\\lib\\site-packages\\selenium\\webdriver\\common\\service.py:115: in assert_process_still_running\n    raise WebDriverException(f\"Service {self._path} unexpectedly exited. Status code was: {return_code}\")\nE   selenium.common.exceptions.WebDriverException: Message: Service C:\\WebDriver\\chromedriver-win64\\chromedriver.exe unexpectedly exited. Status code was: 1"}, "description": "Проверяет открытие модального окна с деталями заказа", "parameters": [{"name": "driver", "value": "'chrome'"}], "start": 1767099914587, "stop": 1767099914587, "uuid": "16d71133-f63e-437a-8791-0373d754f656", "historyId": "1bc9ee93c2e145633f626ac9b548a751", "testCaseId": "d471773a1b212acb65506b848a5102ba", "fullName": "tests.test_order_feed.TestOrderFeed#test_order_modal", "labels": [{"name": "feature", "value": "Лента заказов"}, {"name": "story", "value": "Функциональность ленты заказов"}, {"name": "parentSuite", "value": "tests"}, {"name": "suite", "value": "test_order_feed"}, {"name": "subSuite", "value": "TestOrderFeed"}, {"name": "host", "value": "plr-001004476"}, {"name": "thread", "value": "29912-MainThread"}, {"name": "framework", "value": "pytest"}, {"name": "language", "value": "cpython3"}, {"name": "package", "value": "tests.test_order_feed"}]}