{"name": "Всплывающее окно с деталями заказа", "status": "broken", "statusDetails": {"message": "selenium.common.exceptions.TimeoutException: Message: \nStacktrace:\nSymbols not available. Dumping unresolved backtrace:\n\t0x7ff69f437a35\n\t0x7ff69f437a90\n\t0x7ff69f1b16ad\n\t0x7ff69f20a13e\n\t0x7ff69f20a44c\n\t0x7ff69f25ebe7\n\t0x7ff69f25b8fb\n\t0x7ff69f1fb068\n\t0x7ff69f1fbe93\n\t0x7ff69f6f29d0\n\t0x7ff69f6ece50\n\t0x7ff69f70cc45\n\t0x7ff69f4530ce\n\t0x7ff69f45adbf\n\t0x7ff69f440c14\n\t0x7ff69f440dcf\n\t0x7ff69f426828\n\t0x7ffd8250e8d7\n\t0x7ffd8398c53c", "trace": "self = <tests.test_order_feed.TestOrderFeed object at 0x000002BB78938B20>\ndriver = <selenium.webdriver.chrome.webdriver.WebDriver (session=\"ccc11a0286da6217f770efc3c47966cc\")>\nlogged_in_user = {'api_client': <utils.api_client.ApiClient object at 0x000002BB789901C0>, 'driver': <selenium.webdriver.chrome.webdriv..., 'user': {'access_token': None, 'email': 'test_34767@example.com', 'name': 'TestUser8189', 'password': 'password123'}}\n\n    @allure.title(\"Всплывающее окно с деталями заказа\")\n    def test_order_modal(self, driver, logged_in_user):\n        \"\"\"Проверяет открытие модального окна с деталями заказа\"\"\"\n        main_page = logged_in_user[\"main_page\"]\n        main_page.click_order_feed_button()\n    \n        order_feed_page = OrderFeedPage(driver)\n    \n        with allure.step(\"Кликаем на заказ\"):\n>           order_feed_page.click_first_order()\n\ntests\\test_order_feed.py:21: \n_ _ _ _ _ _ _ _ _ _ _ _ _ _ _ _ _ _ _ _ _ _ _ _ _ _ _ _ _ _ _ _ _ _ _ _ _ _ _ _\n\nself = <pages.order_feed_page.OrderFeedPage object at 0x000002BB7925D5A0>\n\n    def click_first_order(self):\n        \"\"\"Кликает по первому заказу\"\"\"\n>       self.click(self.locators.FIRST_ORDER)\n\npages\\order_feed_page.py:16: \n_ _ _ _ _ _ _ _ _ _ _ _ _ _ _ _ _ _ _ _ _ _ _ _ _ _ _ _ _ _ _ _ _ _ _ _ _ _ _ _\n\nself = <pages.order_feed_page.OrderFeedPage object at 0x000002BB7925D5A0>\nlocator = ('xpath', \"//a[contains(@class, 'OrderHistory_listItem')] | //div[contains(@class, 'OrderHistory_list')]//a[1]\")\n\n    def click(self, locator):\n        \"\"\"Кликает по элементу\"\"\"\n>       element = self.find_visible_element(locator)\n\npages\\base_page.py:35: \n_ _ _ _ _ _ _ _ _ _ _ _ _ _ _ _ _ _ _ _ _ _ _ _ _ _ _ _ _ _ _ _ _ _ _ _ _ _ _ _\n\nself = <pages.order_feed_page.OrderFeedPage object at 0x000002BB7925D5A0>\nlocator = ('xpath', \"//a[contains(@class, 'OrderHistory_listItem')] | //div[contains(@class, 'OrderHistory_list')]//a[1]\")\ntimeout = 10\n\n    def find_visible_element(self, locator, timeout=10):\n        \"\"\"Находит видимый элемент\"\"\"\n        wait = WebDriverWait(self.driver, timeout)\n>       return wait.until(EC.visibility_of_element_located(locator))\n\npages\\base_page.py:31: \n_ _ _ _ _ _ _ _ _ _ _ _ _ _ _ _ _ _ _ _ _ _ _ _ _ _ _ _ _ _ _ _ _ _ _ _ _ _ _ _\n\nself = <selenium.webdriver.support.wait.WebDriverWait (session=\"ccc11a0286da6217f770efc3c47966cc\")>\nmethod = <function visibility_of_element_located.<locals>._predicate at 0x000002BB792037F0>\nmessage = ''\n\n    def until(self, method: Callable[[WebDriver], Union[Literal[False], T]], message: str = \"\") -> T:\n        \"\"\"Calls the method provided with the driver as an argument until the \\\n        return value does not evaluate to ``False``.\n    \n        :param method: callable(WebDriver)\n        :param message: optional message for :exc:`TimeoutException`\n        :returns: the result of the last call to `method`\n        :raises: :exc:`selenium.common.exceptions.TimeoutException` if timeout occurs\n        \"\"\"\n        screen = None\n        stacktrace = None\n    \n        end_time = time.monotonic() + self._timeout\n        while True:\n            try:\n                value = method(self._driver)\n                if value:\n                    return value\n            except self._ignored_exceptions as exc:\n                screen = getattr(exc, \"screen\", None)\n                stacktrace = getattr(exc, \"stacktrace\", None)\n            time.sleep(self._poll)\n            if time.monotonic() > end_time:\n                break\n>       raise TimeoutException(message, screen, stacktrace)\nE       selenium.common.exceptions.TimeoutException: Message: \nE       Stacktrace:\nE       Symbols not available. Dumping unresolved backtrace:\nE       \t0x7ff69f437a35\nE       \t0x7ff69f437a90\nE       \t0x7ff69f1b16ad\nE       \t0x7ff69f20a13e\nE       \t0x7ff69f20a44c\nE       \t0x7ff69f25ebe7\nE       \t0x7ff69f25b8fb\nE       \t0x7ff69f1fb068\nE       \t0x7ff69f1fbe93\nE       \t0x7ff69f6f29d0\nE       \t0x7ff69f6ece50\nE       \t0x7ff69f70cc45\nE       \t0x7ff69f4530ce\nE       \t0x7ff69f45adbf\nE       \t0x7ff69f440c14\nE       \t0x7ff69f440dcf\nE       \t0x7ff69f426828\nE       \t0x7ffd8250e8d7\nE       \t0x7ffd8398c53c\n\n..\\..\\AppData\\Local\\Programs\\Python\\Python310\\lib\\site-packages\\selenium\\webdriver\\support\\wait.py:101: TimeoutException"}, "description": "Проверяет открытие модального окна с деталями заказа", "steps": [{"name": "Кликаем на заказ", "status": "broken", "statusDetails": {"message": "selenium.common.exceptions.TimeoutException: Message: \nStacktrace:\nSymbols not available. Dumping unresolved backtrace:\n\t0x7ff69f437a35\n\t0x7ff69f437a90\n\t0x7ff69f1b16ad\n\t0x7ff69f20a13e\n\t0x7ff69f20a44c\n\t0x7ff69f25ebe7\n\t0x7ff69f25b8fb\n\t0x7ff69f1fb068\n\t0x7ff69f1fbe93\n\t0x7ff69f6f29d0\n\t0x7ff69f6ece50\n\t0x7ff69f70cc45\n\t0x7ff69f4530ce\n\t0x7ff69f45adbf\n\t0x7ff69f440c14\n\t0x7ff69f440dcf\n\t0x7ff69f426828\n\t0x7ffd8250e8d7\n\t0x7ffd8398c53c\n\n", "trace": "  File \"C:\\Users\\vikharev-d\\work\\Task_3\\tests\\test_order_feed.py\", line 21, in test_order_modal\n    order_feed_page.click_first_order()\n  File \"C:\\Users\\vikharev-d\\work\\Task_3\\pages\\order_feed_page.py\", line 16, in click_first_order\n    self.click(self.locators.FIRST_ORDER)\n  File \"C:\\Users\\vikharev-d\\work\\Task_3\\pages\\base_page.py\", line 35, in click\n    element = self.find_visible_element(locator)\n  File \"C:\\Users\\vikharev-d\\work\\Task_3\\pages\\base_page.py\", line 31, in find_visible_element\n    return wait.until(EC.visibility_of_element_located(locator))\n  File \"C:\\Users\\vikharev-d\\AppData\\Local\\Programs\\Python\\Python310\\lib\\site-packages\\selenium\\webdriver\\support\\wait.py\", line 101, in until\n    raise TimeoutException(message, screen, stacktrace)\n"}, "start": 1766914098640, "stop": 1766914109177}], "attachments": [{"name": "screenshot", "source": "451507b5-b594-4875-9a90-a8f8cc802829-attachment.png", "type": "image/png"}], "start": 1766914098568, "stop": 1766914109177, "uuid": "66bbb723-c841-4fd2-96e4-76ab86a9f59a", "historyId": "d471773a1b212acb65506b848a5102ba", "testCaseId": "d471773a1b212acb65506b848a5102ba", "fullName": "tests.test_order_feed.TestOrderFeed#test_order_modal", "labels": [{"name": "feature", "value": "Лента заказов"}, {"name": "story", "value": "Функциональность ленты заказов"}, {"name": "parentSuite", "value": "tests"}, {"name": "suite", "value": "test_order_feed"}, {"name": "subSuite", "value": "TestOrderFeed"}, {"name": "host", "value": "plr-001004476"}, {"name": "thread", "value": "11012-MainThread"}, {"name": "framework", "value": "pytest"}, {"name": "language", "value": "cpython3"}, {"name": "package", "value": "tests.test_order_feed"}]}