{"name": "Всплывающее окно с деталями ингредиента", "status": "broken", "statusDetails": {"message": "selenium.common.exceptions.TimeoutException: Message: \nStacktrace:\nSymbols not available. Dumping unresolved backtrace:\n\t0x7ff69f437a35\n\t0x7ff69f437a90\n\t0x7ff69f1b16ad\n\t0x7ff69f20a13e\n\t0x7ff69f20a44c\n\t0x7ff69f25ebe7\n\t0x7ff69f25b8fb\n\t0x7ff69f1fb068\n\t0x7ff69f1fbe93\n\t0x7ff69f6f29d0\n\t0x7ff69f6ece50\n\t0x7ff69f70cc45\n\t0x7ff69f4530ce\n\t0x7ff69f45adbf\n\t0x7ff69f440c14\n\t0x7ff69f440dcf\n\t0x7ff69f426828\n\t0x7ffd8250e8d7\n\t0x7ffd8398c53c", "trace": "E   selenium.common.exceptions.TimeoutException: Message: \n    Stacktrace:\n    Symbols not available. Dumping unresolved backtrace:\n    \t0x7ff69f437a35\n    \t0x7ff69f437a90\n    \t0x7ff69f1b16ad\n    \t0x7ff69f20a13e\n    \t0x7ff69f20a44c\n    \t0x7ff69f25ebe7\n    \t0x7ff69f25b8fb\n    \t0x7ff69f1fb068\n    \t0x7ff69f1fbe93\n    \t0x7ff69f6f29d0\n    \t0x7ff69f6ece50\n    \t0x7ff69f70cc45\n    \t0x7ff69f4530ce\n    \t0x7ff69f45adbf\n    \t0x7ff69f440c14\n    \t0x7ff69f440dcf\n    \t0x7ff69f426828\n    \t0x7ffd8250e8d7\n    \t0x7ffd8398c53c"}, "description": "Проверяет открытие модального окна с деталями ингредиента", "steps": [{"name": "Кликаем на ингредиент", "status": "broken", "statusDetails": {"message": "selenium.common.exceptions.TimeoutException: Message: \nStacktrace:\nSymbols not available. Dumping unresolved backtrace:\n\t0x7ff69f437a35\n\t0x7ff69f437a90\n\t0x7ff69f1b16ad\n\t0x7ff69f20a13e\n\t0x7ff69f20a44c\n\t0x7ff69f25ebe7\n\t0x7ff69f25b8fb\n\t0x7ff69f1fb068\n\t0x7ff69f1fbe93\n\t0x7ff69f6f29d0\n\t0x7ff69f6ece50\n\t0x7ff69f70cc45\n\t0x7ff69f4530ce\n\t0x7ff69f45adbf\n\t0x7ff69f440c14\n\t0x7ff69f440dcf\n\t0x7ff69f426828\n\t0x7ffd8250e8d7\n\t0x7ffd8398c53c\n\n", "trace": "  File \"C:\\Users\\vikharev-d\\work\\Task_3\\tests\\test_constructor.py\", line 45, in test_ingredient_modal\n    main_page.click_first_bun_ingredient()\n  File \"C:\\Users\\vikharev-d\\work\\Task_3\\pages\\main_page.py\", line 26, in click_first_bun_ingredient\n    self.click(self.locators.FIRST_BUN_INGREDIENT)\n  File \"C:\\Users\\vikharev-d\\work\\Task_3\\pages\\base_page.py\", line 35, in click\n    element = self.find_visible_element(locator)\n  File \"C:\\Users\\vikharev-d\\work\\Task_3\\pages\\base_page.py\", line 31, in find_visible_element\n    return wait.until(EC.visibility_of_element_located(locator))\n  File \"C:\\Users\\vikharev-d\\AppData\\Local\\Programs\\Python\\Python310\\lib\\site-packages\\selenium\\webdriver\\support\\wait.py\", line 101, in until\n    raise TimeoutException(message, screen, stacktrace)\n"}, "start": 1766912393263, "stop": 1766912403821}], "attachments": [{"name": "screenshot", "source": "3301a08c-13e6-4566-8b0f-1ed789a41ab6-attachment.png", "type": "image/png"}], "start": 1766912393263, "stop": 1766912403822, "uuid": "a5b21cb7-9c3e-4f93-a82a-49db73e0f091", "historyId": "d615fcda3f5266a5e3a773476d48d4a3", "testCaseId": "d615fcda3f5266a5e3a773476d48d4a3", "fullName": "tests.test_constructor.TestConstructor#test_ingredient_modal", "labels": [{"name": "story", "value": "Проверка основного функционала приложения"}, {"name": "feature", "value": "Основной функционал"}, {"name": "parentSuite", "value": "tests"}, {"name": "suite", "value": "test_constructor"}, {"name": "subSuite", "value": "TestConstructor"}, {"name": "host", "value": "plr-001004476"}, {"name": "thread", "value": "27296-MainThread"}, {"name": "framework", "value": "pytest"}, {"name": "language", "value": "cpython3"}, {"name": "package", "value": "tests.test_constructor"}]}