{"name": "Увеличение счетчика ингредиента при добавлении", "status": "broken", "statusDetails": {"message": "selenium.common.exceptions.TimeoutException: Message: \nStacktrace:\nRemoteError@chrome://remote/content/shared/RemoteError.sys.mjs:8:8\nWebDriverError@chrome://remote/content/shared/webdriver/Errors.sys.mjs:202:5\nNoSuchElementError@chrome://remote/content/shared/webdriver/Errors.sys.mjs:555:5\ndom.find/</<@chrome://remote/content/shared/DOM.sys.mjs:136:16", "trace": "tests\\test_constructor.py:80: in test_ingredient_counter_increase\n    main_page.drag_ingredient_to_constructor(main_page.locators.FIRST_BUN_INGREDIENT)\npages\\main_page.py:52: in drag_ingredient_to_constructor\n    ingredient = self.find_visible_element(ingredient_locator)\npages\\base_page.py:31: in find_visible_element\n    return wait.until(EC.visibility_of_element_located(locator))\n..\\..\\AppData\\Local\\Programs\\Python\\Python310\\lib\\site-packages\\selenium\\webdriver\\support\\wait.py:101: in until\n    raise TimeoutException(message, screen, stacktrace)\nE   selenium.common.exceptions.TimeoutException: Message: \nE   Stacktrace:\nE   RemoteError@chrome://remote/content/shared/RemoteError.sys.mjs:8:8\nE   WebDriverError@chrome://remote/content/shared/webdriver/Errors.sys.mjs:202:5\nE   NoSuchElementError@chrome://remote/content/shared/webdriver/Errors.sys.mjs:555:5\nE   dom.find/</<@chrome://remote/content/shared/DOM.sys.mjs:136:16"}, "description": "Проверяет увеличение счетчика ингредиента при добавлении в заказ", "steps": [{"name": "Добавляем ингредиент в конструктор", "status": "broken", "statusDetails": {"message": "selenium.common.exceptions.TimeoutException: Message: \nStacktrace:\nRemoteError@chrome://remote/content/shared/RemoteError.sys.mjs:8:8\nWebDriverError@chrome://remote/content/shared/webdriver/Errors.sys.mjs:202:5\nNoSuchElementError@chrome://remote/content/shared/webdriver/Errors.sys.mjs:555:5\ndom.find/</<@chrome://remote/content/shared/DOM.sys.mjs:136:16\n\n", "trace": "  File \"C:\\Users\\vikharev-d\\work\\Task_3\\tests\\test_constructor.py\", line 80, in test_ingredient_counter_increase\n    main_page.drag_ingredient_to_constructor(main_page.locators.FIRST_BUN_INGREDIENT)\n  File \"C:\\Users\\vikharev-d\\work\\Task_3\\pages\\main_page.py\", line 52, in drag_ingredient_to_constructor\n    ingredient = self.find_visible_element(ingredient_locator)\n  File \"C:\\Users\\vikharev-d\\work\\Task_3\\pages\\base_page.py\", line 31, in find_visible_element\n    return wait.until(EC.visibility_of_element_located(locator))\n  File \"C:\\Users\\vikharev-d\\AppData\\Local\\Programs\\Python\\Python310\\lib\\site-packages\\selenium\\webdriver\\support\\wait.py\", line 101, in until\n    raise TimeoutException(message, screen, stacktrace)\n"}, "start": 1766911160748, "stop": 1766911171278}], "attachments": [{"name": "screenshot", "source": "ccd0686c-7281-4fef-af25-b7262f4ec36b-attachment.png", "type": "image/png"}], "start": 1766911150231, "stop": 1766911171279, "uuid": "e19ae032-e767-458e-a96e-3d86e5842605", "historyId": "9c542995b5503c1530460062e9c339f5", "testCaseId": "9c542995b5503c1530460062e9c339f5", "fullName": "tests.test_constructor.TestConstructor#test_ingredient_counter_increase", "labels": [{"name": "feature", "value": "Основной функционал"}, {"name": "story", "value": "Проверка основного функционала приложения"}, {"name": "parentSuite", "value": "tests"}, {"name": "suite", "value": "test_constructor"}, {"name": "subSuite", "value": "TestConstructor"}, {"name": "host", "value": "plr-001004476"}, {"name": "thread", "value": "27152-MainThread"}, {"name": "framework", "value": "pytest"}, {"name": "language", "value": "cpython3"}, {"name": "package", "value": "tests.test_constructor"}]}