{"name": "Оформление заказа залогиненным пользователем", "status": "broken", "statusDetails": {"message": "selenium.common.exceptions.TimeoutException: Message: \nStacktrace:\nSymbols not available. Dumping unresolved backtrace:\n\t0x7ff7cd0e7a35\n\t0x7ff7cd0e7a90\n\t0x7ff7cce616ad\n\t0x7ff7cceba13e\n\t0x7ff7cceba44c\n\t0x7ff7ccf0ebe7\n\t0x7ff7ccf0b8fb\n\t0x7ff7cceab068\n\t0x7ff7cceabe93\n\t0x7ff7cd3a29d0\n\t0x7ff7cd39ce50\n\t0x7ff7cd3bcc45\n\t0x7ff7cd1030ce\n\t0x7ff7cd10adbf\n\t0x7ff7cd0f0c14\n\t0x7ff7cd0f0dcf\n\t0x7ff7cd0d6828\n\t0x7fffe82ce8d7\n\t0x7fffea58c53c", "trace": "tests\\test_constructor.py:326: in test_create_order\n    order_number = main_page.get_text(OrderFeedPageLocators.ORDER_NUMBER)\npages\\base_page.py:119: in get_text\n    element = self.find_visible_element(locator)\npages\\base_page.py:66: in find_visible_element\n    element = wait.until(EC.visibility_of_element_located(locator))\nvenv\\lib\\site-packages\\selenium\\webdriver\\support\\wait.py:101: in until\n    raise TimeoutException(message, screen, stacktrace)\nE   selenium.common.exceptions.TimeoutException: Message: \nE   Stacktrace:\nE   Symbols not available. Dumping unresolved backtrace:\nE   \t0x7ff7cd0e7a35\nE   \t0x7ff7cd0e7a90\nE   \t0x7ff7cce616ad\nE   \t0x7ff7cceba13e\nE   \t0x7ff7cceba44c\nE   \t0x7ff7ccf0ebe7\nE   \t0x7ff7ccf0b8fb\nE   \t0x7ff7cceab068\nE   \t0x7ff7cceabe93\nE   \t0x7ff7cd3a29d0\nE   \t0x7ff7cd39ce50\nE   \t0x7ff7cd3bcc45\nE   \t0x7ff7cd1030ce\nE   \t0x7ff7cd10adbf\nE   \t0x7ff7cd0f0c14\nE   \t0x7ff7cd0f0dcf\nE   \t0x7ff7cd0d6828\nE   \t0x7fffe82ce8d7\nE   \t0x7fffea58c53c"}, "description": "Проверяет оформление заказа залогиненным пользователем", "steps": [{"name": "Загрузка сайта, проверка что сайт загружен", "status": "passed", "steps": [{"name": "Открыть страницу", "status": "passed", "start": 1767009907568, "stop": 1767009909884}, {"name": "Ожидать загрузки главной страницы", "status": "passed", "steps": [{"name": "Ожидать исчезновения элемента", "status": "passed", "parameters": [{"name": "locator", "value": "('xpath', \"//div[contains(@class, 'Modal_modal_overlay')]\")"}, {"name": "timeout", "value": "5"}], "start": 1767009909884, "stop": 1767009909903}], "start": 1767009909884, "stop": 1767009909903}], "start": 1767009907568, "stop": 1767009909903}, {"name": "Авторизуемся (используем данные из фикстуры registered_user)", "status": "passed", "steps": [{"name": "Открыть страницу", "status": "passed", "start": 1767009909904, "stop": 1767009910141}, {"name": "Ожидать загрузки главной страницы", "status": "passed", "steps": [{"name": "Ожидать исчезновения элемента", "status": "passed", "parameters": [{"name": "locator", "value": "('xpath', \"//div[contains(@class, 'Modal_modal_overlay')]\")"}, {"name": "timeout", "value": "5"}], "start": 1767009910141, "stop": 1767009910160}], "start": 1767009910141, "stop": 1767009910160}, {"name": "Проверить видимость элемента", "status": "passed", "parameters": [{"name": "locator", "value": "('xpath', \"//button[contains(@class, 'button_button') and contains(text(), 'Войти в аккаунт')]\")"}, {"name": "timeout", "value": "5"}], "start": 1767009910160, "stop": 1767009910205}, {"name": "Кликнуть по элементу через JavaScript", "status": "passed", "steps": [{"name": "Найти видимый элемент", "status": "passed", "parameters": [{"name": "locator", "value": "('xpath', \"//button[contains(@class, 'button_button') and contains(text(), 'Войти в аккаунт')]\")"}, {"name": "timeout", "value": "10"}], "start": 1767009910205, "stop": 1767009910263}], "parameters": [{"name": "locator", "value": "('xpath', \"//button[contains(@class, 'button_button') and contains(text(), 'Войти в аккаунт')]\")"}], "start": 1767009910205, "stop": 1767009910276}, {"name": "Проверить видимость формы входа", "status": "passed", "steps": [{"name": "Проверить видимость элемента", "status": "passed", "parameters": [{"name": "locator", "value": "('xpath', \"//button[contains(@class, 'button_button') and contains(text(), 'Войти')]\")"}, {"name": "timeout", "value": "5"}], "start": 1767009910276, "stop": 1767009910312}], "start": 1767009910276, "stop": 1767009910312}, {"name": "Выполнить вход", "status": "passed", "steps": [{"name": "Получить текущий URL", "status": "passed", "start": 1767009910313, "stop": 1767009910318}, {"name": "Ввести email", "status": "passed", "steps": [{"name": "Ввести текст в поле", "status": "passed", "steps": [{"name": "Найти видимый элемент", "status": "passed", "parameters": [{"name": "locator", "value": "('xpath', \"//input[@name='name' and @type='text']\")"}, {"name": "timeout", "value": "10"}], "start": 1767009910319, "stop": 1767009910361}], "parameters": [{"name": "locator", "value": "('xpath', \"//input[@name='name' and @type='text']\")"}, {"name": "text", "value": "'test_9ff0019d-18af-4f8b-8a94-b9a33854bc15@mail.ru'"}], "start": 1767009910319, "stop": 1767009910469}], "parameters": [{"name": "email", "value": "'test_9ff0019d-18af-4f8b-8a94-b9a33854bc15@mail.ru'"}], "start": 1767009910319, "stop": 1767009910469}, {"name": "Ввести пароль", "status": "passed", "steps": [{"name": "Ввести текст в поле", "status": "passed", "steps": [{"name": "Найти видимый элемент", "status": "passed", "parameters": [{"name": "locator", "value": "('xpath', \"//input[@name='Пароль' and @type='password']\")"}, {"name": "timeout", "value": "10"}], "start": 1767009910469, "stop": 1767009910503}], "parameters": [{"name": "locator", "value": "('xpath', \"//input[@name='Пароль' and @type='password']\")"}, {"name": "text", "value": "'123456'"}], "start": 1767009910469, "stop": 1767009910558}], "parameters": [{"name": "password", "value": "'123456'"}], "start": 1767009910469, "stop": 1767009910558}, {"name": "Получить текущий URL", "status": "passed", "start": 1767009910558, "stop": 1767009910560}, {"name": "Кликнуть по кнопке входа", "status": "passed", "steps": [{"name": "Кликнуть по элементу через JavaScript", "status": "passed", "steps": [{"name": "Найти видимый элемент", "status": "passed", "parameters": [{"name": "locator", "value": "('xpath', \"//button[contains(@class, 'button_button') and contains(text(), 'Войти')]\")"}, {"name": "timeout", "value": "10"}], "start": 1767009910561, "stop": 1767009910593}], "parameters": [{"name": "locator", "value": "('xpath', \"//button[contains(@class, 'button_button') and contains(text(), 'Войти')]\")"}], "start": 1767009910561, "stop": 1767009910599}], "start": 1767009910561, "stop": 1767009910599}], "parameters": [{"name": "email", "value": "'test_9ff0019d-18af-4f8b-8a94-b9a33854bc15@mail.ru'"}, {"name": "password", "value": "'123456'"}], "start": 1767009910312, "stop": 1767009913129}, {"name": "Открыть страницу", "status": "passed", "start": 1767009913133, "stop": 1767009913346}, {"name": "Ожидать загрузки главной страницы", "status": "passed", "steps": [{"name": "Ожидать исчезновения элемента", "status": "passed", "parameters": [{"name": "locator", "value": "('xpath', \"//div[contains(@class, 'Modal_modal_overlay')]\")"}, {"name": "timeout", "value": "5"}], "start": 1767009913347, "stop": 1767009913380}], "start": 1767009913347, "stop": 1767009913380}, {"name": "Проверить, что пользователь авторизован", "status": "passed", "steps": [{"name": "Проверить видимость элемента", "status": "passed", "parameters": [{"name": "locator", "value": "('xpath', \"//button[contains(@class, 'button_button__33qZ0') and contains(text(), 'Оформить заказ')]\")"}, {"name": "timeout", "value": "3"}], "start": 1767009916398, "stop": 1767009916455}], "start": 1767009916398, "stop": 1767009916455}, {"name": "Проверить, что пользователь авторизован", "status": "passed", "steps": [{"name": "Проверить видимость элемента", "status": "passed", "parameters": [{"name": "locator", "value": "('xpath', \"//button[contains(@class, 'button_button__33qZ0') and contains(text(), 'Оформить заказ')]\")"}, {"name": "timeout", "value": "3"}], "start": 1767009916455, "stop": 1767009916472}], "start": 1767009916455, "stop": 1767009916472}], "attachments": [{"name": "User credentials", "source": "48e7052f-255d-4944-b22e-0408f386b30f-attachment.txt", "type": "text/plain"}], "start": 1767009909903, "stop": 1767009916472}, {"name": "Переходим в конструктор, проверяем что находимся в конструкторе и мы авторизованы (находим заголовок 'Соберите бургер' и в области конструктора есть кнопка 'Оформить заказ')", "status": "passed", "steps": [{"name": "Кликнуть по кнопке 'Конструктор'", "status": "passed", "steps": [{"name": "Ожидать загрузки главной страницы", "status": "passed", "steps": [{"name": "Ожидать исчезновения элемента", "status": "passed", "parameters": [{"name": "locator", "value": "('xpath', \"//div[contains(@class, 'Modal_modal_overlay')]\")"}, {"name": "timeout", "value": "5"}], "start": 1767009916472, "stop": 1767009916479}], "start": 1767009916472, "stop": 1767009916479}, {"name": "Кликнуть по элементу через JavaScript", "status": "passed", "steps": [{"name": "Найти видимый элемент", "status": "passed", "parameters": [{"name": "locator", "value": "('xpath', \"//a[contains(@class, 'AppHeader_header__link') and (@href='/' or @href='https://stellarburgers.education-services.ru/')]\")"}, {"name": "timeout", "value": "10"}], "start": 1767009916479, "stop": 1767009916507}], "parameters": [{"name": "locator", "value": "('xpath', \"//a[contains(@class, 'AppHeader_header__link') and (@href='/' or @href='https://stellarburgers.education-services.ru/')]\")"}], "start": 1767009916479, "stop": 1767009916513}], "start": 1767009916472, "stop": 1767009916513}, {"name": "Проверить видимость конструктора", "status": "passed", "steps": [{"name": "Проверить видимость элемента", "status": "passed", "parameters": [{"name": "locator", "value": "('xpath', \"//h1[contains(text(), 'Соберите бургер')]\")"}, {"name": "timeout", "value": "5"}], "start": 1767009916513, "stop": 1767009916532}], "start": 1767009916513, "stop": 1767009916532}, {"name": "Проверить, что пользователь авторизован", "status": "passed", "steps": [{"name": "Проверить видимость элемента", "status": "passed", "parameters": [{"name": "locator", "value": "('xpath', \"//button[contains(@class, 'button_button__33qZ0') and contains(text(), 'Оформить заказ')]\")"}, {"name": "timeout", "value": "3"}], "start": 1767009916532, "stop": 1767009916549}], "start": 1767009916532, "stop": 1767009916549}], "start": 1767009916472, "stop": 1767009916552}, {"name": "Добавляем первый ингредиент из списка булки (перетаскиваем в область конструктора, проверяем что изменился счетчик)", "status": "passed", "steps": [{"name": "Получить счетчик ингредиента", "status": "passed", "steps": [{"name": "Найти элемент", "status": "passed", "parameters": [{"name": "locator", "value": "('xpath', \"//a[contains(@class, 'BurgerIngredient_ingredient')]//p[text()='Флюоресцентная булка R2-D3']/parent::a\")"}, {"name": "timeout", "value": "10"}], "start": 1767009916553, "stop": 1767009916558}], "parameters": [{"name": "ingredient_locator", "value": "('xpath', \"//a[contains(@class, 'BurgerIngredient_ingredient')]//p[text()='Флюоресцентная булка R2-D3']/parent::a\")"}], "start": 1767009916553, "stop": 1767009916580}, {"name": "Перетащить ингредиент в конструктор", "status": "passed", "steps": [{"name": "Найти видимый элемент", "status": "passed", "parameters": [{"name": "locator", "value": "('xpath', \"//a[contains(@class, 'BurgerIngredient_ingredient')]//p[text()='Флюоресцентная булка R2-D3']/parent::a\")"}, {"name": "timeout", "value": "10"}], "start": 1767009916581, "stop": 1767009916621}, {"name": "Найти видимый элемент", "status": "passed", "parameters": [{"name": "locator", "value": "('xpath', \"//ul[contains(@class, 'BurgerConstructor_basket__list__l9dp_')]\")"}, {"name": "timeout", "value": "10"}], "start": 1767009916621, "stop": 1767009916650}, {"name": "Перетащить элемент", "status": "passed", "parameters": [{"name": "source", "value": "<selenium.webdriver.remote.webelement.WebElement (session=\"68b9064e5aa707b65ffd0855aac23fac\", element=\"f.05A359996582EB30FAF6D0BDCBB379E7.d.BE9AE9FED9A8AB6EA6136E1051AEB441.e.96\")>"}, {"name": "target", "value": "<selenium.webdriver.remote.webelement.WebElement (session=\"68b9064e5aa707b65ffd0855aac23fac\", element=\"f.05A359996582EB30FAF6D0BDCBB379E7.d.BE9AE9FED9A8AB6EA6136E1051AEB441.e.102\")>"}], "start": 1767009916715, "stop": 1767009916725}], "parameters": [{"name": "ingredient_locator", "value": "('xpath', \"//a[contains(@class, 'BurgerIngredient_ingredient')]//p[text()='Флюоресцентная булка R2-D3']/parent::a\")"}], "start": 1767009916580, "stop": 1767009916725}, {"name": "Ожидать появления счетчика ингредиента", "status": "passed", "parameters": [{"name": "timeout", "value": "10"}], "start": 1767009916725, "stop": 1767009916735}, {"name": "Получить счетчик ингредиента", "status": "passed", "steps": [{"name": "Найти элемент", "status": "passed", "parameters": [{"name": "locator", "value": "('xpath', \"//a[contains(@class, 'BurgerIngredient_ingredient')]//p[text()='Флюоресцентная булка R2-D3']/parent::a\")"}, {"name": "timeout", "value": "10"}], "start": 1767009916735, "stop": 1767009916739}], "parameters": [{"name": "ingredient_locator", "value": "('xpath', \"//a[contains(@class, 'BurgerIngredient_ingredient')]//p[text()='Флюоресцентная булка R2-D3']/parent::a\")"}], "start": 1767009916735, "stop": 1767009916750}], "start": 1767009916552, "stop": 1767009916750}, {"name": "Кликаем на кнопку 'Оформить заказ'", "status": "passed", "steps": [{"name": "Кликнуть по кнопке 'Оформить заказ'", "status": "passed", "steps": [{"name": "Проверить, что пользователь авторизован", "status": "passed", "steps": [{"name": "Проверить видимость элемента", "status": "passed", "parameters": [{"name": "locator", "value": "('xpath', \"//button[contains(@class, 'button_button__33qZ0') and contains(text(), 'Оформить заказ')]\")"}, {"name": "timeout", "value": "3"}], "start": 1767009916750, "stop": 1767009916767}], "start": 1767009916750, "stop": 1767009916767}, {"name": "Кликнуть по элементу через JavaScript", "status": "passed", "steps": [{"name": "Найти видимый элемент", "status": "passed", "parameters": [{"name": "locator", "value": "('xpath', \"//button[contains(@class, 'button_button__33qZ0') and contains(text(), 'Оформить заказ')]\")"}, {"name": "timeout", "value": "10"}], "start": 1767009916768, "stop": 1767009916790}], "parameters": [{"name": "locator", "value": "('xpath', \"//button[contains(@class, 'button_button__33qZ0') and contains(text(), 'Оформить заказ')]\")"}], "start": 1767009916768, "stop": 1767009916795}], "start": 1767009916750, "stop": 1767009916795}], "start": 1767009916750, "stop": 1767009916795}, {"name": "Получаем модальное окно с текстом 'идентификатор заказа', 'tick animation', 'Ваш заказ начали готовить', 'Дождитесь готовности на орбитальной станции'", "status": "broken", "statusDetails": {"message": "selenium.common.exceptions.TimeoutException: Message: \nStacktrace:\nSymbols not available. Dumping unresolved backtrace:\n\t0x7ff7cd0e7a35\n\t0x7ff7cd0e7a90\n\t0x7ff7cce616ad\n\t0x7ff7cceba13e\n\t0x7ff7cceba44c\n\t0x7ff7ccf0ebe7\n\t0x7ff7ccf0b8fb\n\t0x7ff7cceab068\n\t0x7ff7cceabe93\n\t0x7ff7cd3a29d0\n\t0x7ff7cd39ce50\n\t0x7ff7cd3bcc45\n\t0x7ff7cd1030ce\n\t0x7ff7cd10adbf\n\t0x7ff7cd0f0c14\n\t0x7ff7cd0f0dcf\n\t0x7ff7cd0d6828\n\t0x7fffe82ce8d7\n\t0x7fffea58c53c\n\n", "trace": "  File \"C:\\Users\\vikharev-d\\work\\Task_3\\tests\\test_constructor.py\", line 326, in test_create_order\n    order_number = main_page.get_text(OrderFeedPageLocators.ORDER_NUMBER)\n  File \"C:\\Users\\vikharev-d\\work\\Task_3\\venv\\lib\\site-packages\\allure_commons\\_allure.py\", line 192, in impl\n    return func(*a, **kw)\n  File \"C:\\Users\\vikharev-d\\work\\Task_3\\pages\\base_page.py\", line 119, in get_text\n    element = self.find_visible_element(locator)\n  File \"C:\\Users\\vikharev-d\\work\\Task_3\\venv\\lib\\site-packages\\allure_commons\\_allure.py\", line 192, in impl\n    return func(*a, **kw)\n  File \"C:\\Users\\vikharev-d\\work\\Task_3\\pages\\base_page.py\", line 66, in find_visible_element\n    element = wait.until(EC.visibility_of_element_located(locator))\n  File \"C:\\Users\\vikharev-d\\work\\Task_3\\venv\\lib\\site-packages\\selenium\\webdriver\\support\\wait.py\", line 101, in until\n    raise TimeoutException(message, screen, stacktrace)\n"}, "steps": [{"name": "Ожидать появления и загрузки номера заказа в модальном окне", "status": "passed", "steps": [{"name": "Ожидать появления видимого элемента", "status": "passed", "steps": [{"name": "Найти видимый элемент", "status": "passed", "parameters": [{"name": "locator", "value": "('xpath', \"//div[contains(@class, 'Modal_modal__container')]\")"}, {"name": "timeout", "value": "15"}], "start": 1767009916795, "stop": 1767009916835}], "parameters": [{"name": "locator", "value": "('xpath', \"//div[contains(@class, 'Modal_modal__container')]\")"}, {"name": "timeout", "value": "15"}], "start": 1767009916795, "stop": 1767009916835}], "parameters": [{"name": "timeout", "value": "15"}], "start": 1767009916795, "stop": 1767009937913}, {"name": "Проверить видимость модального окна", "status": "passed", "steps": [{"name": "Проверить видимость элемента", "status": "passed", "parameters": [{"name": "locator", "value": "('xpath', \"//div[contains(@class, 'Modal_modal__container')]\")"}, {"name": "timeout", "value": "5"}], "start": 1767009937913, "stop": 1767009937930}], "start": 1767009937913, "stop": 1767009937930}, {"name": "Проверить видимость сообщения об успешном заказе", "status": "passed", "steps": [{"name": "Проверить видимость элемента", "status": "passed", "parameters": [{"name": "locator", "value": "('xpath', \"//h2[contains(@class, 'Modal_modal_title') and contains(@class, 'text_type_digits-large')]\")"}, {"name": "timeout", "value": "5"}], "start": 1767009937930, "stop": 1767009948448}, {"name": "Проверить видимость элемента", "status": "passed", "parameters": [{"name": "locator", "value": "('xpath', \"//p[contains(text(), 'идентификатор заказа')]\")"}, {"name": "timeout", "value": "5"}], "start": 1767009948448, "stop": 1767009948477}], "start": 1767009937930, "stop": 1767009948477}, {"name": "Получить текст элемента", "status": "broken", "statusDetails": {"message": "selenium.common.exceptions.TimeoutException: Message: \nStacktrace:\nSymbols not available. Dumping unresolved backtrace:\n\t0x7ff7cd0e7a35\n\t0x7ff7cd0e7a90\n\t0x7ff7cce616ad\n\t0x7ff7cceba13e\n\t0x7ff7cceba44c\n\t0x7ff7ccf0ebe7\n\t0x7ff7ccf0b8fb\n\t0x7ff7cceab068\n\t0x7ff7cceabe93\n\t0x7ff7cd3a29d0\n\t0x7ff7cd39ce50\n\t0x7ff7cd3bcc45\n\t0x7ff7cd1030ce\n\t0x7ff7cd10adbf\n\t0x7ff7cd0f0c14\n\t0x7ff7cd0f0dcf\n\t0x7ff7cd0d6828\n\t0x7fffe82ce8d7\n\t0x7fffea58c53c\n\n", "trace": "  File \"C:\\Users\\vikharev-d\\work\\Task_3\\venv\\lib\\site-packages\\allure_commons\\_allure.py\", line 192, in impl\n    return func(*a, **kw)\n  File \"C:\\Users\\vikharev-d\\work\\Task_3\\pages\\base_page.py\", line 119, in get_text\n    element = self.find_visible_element(locator)\n  File \"C:\\Users\\vikharev-d\\work\\Task_3\\venv\\lib\\site-packages\\allure_commons\\_allure.py\", line 192, in impl\n    return func(*a, **kw)\n  File \"C:\\Users\\vikharev-d\\work\\Task_3\\pages\\base_page.py\", line 66, in find_visible_element\n    element = wait.until(EC.visibility_of_element_located(locator))\n  File \"C:\\Users\\vikharev-d\\work\\Task_3\\venv\\lib\\site-packages\\selenium\\webdriver\\support\\wait.py\", line 101, in until\n    raise TimeoutException(message, screen, stacktrace)\n"}, "steps": [{"name": "Найти видимый элемент", "status": "broken", "statusDetails": {"message": "selenium.common.exceptions.TimeoutException: Message: \nStacktrace:\nSymbols not available. Dumping unresolved backtrace:\n\t0x7ff7cd0e7a35\n\t0x7ff7cd0e7a90\n\t0x7ff7cce616ad\n\t0x7ff7cceba13e\n\t0x7ff7cceba44c\n\t0x7ff7ccf0ebe7\n\t0x7ff7ccf0b8fb\n\t0x7ff7cceab068\n\t0x7ff7cceabe93\n\t0x7ff7cd3a29d0\n\t0x7ff7cd39ce50\n\t0x7ff7cd3bcc45\n\t0x7ff7cd1030ce\n\t0x7ff7cd10adbf\n\t0x7ff7cd0f0c14\n\t0x7ff7cd0f0dcf\n\t0x7ff7cd0d6828\n\t0x7fffe82ce8d7\n\t0x7fffea58c53c\n\n", "trace": "  File \"C:\\Users\\vikharev-d\\work\\Task_3\\venv\\lib\\site-packages\\allure_commons\\_allure.py\", line 192, in impl\n    return func(*a, **kw)\n  File \"C:\\Users\\vikharev-d\\work\\Task_3\\pages\\base_page.py\", line 66, in find_visible_element\n    element = wait.until(EC.visibility_of_element_located(locator))\n  File \"C:\\Users\\vikharev-d\\work\\Task_3\\venv\\lib\\site-packages\\selenium\\webdriver\\support\\wait.py\", line 101, in until\n    raise TimeoutException(message, screen, stacktrace)\n"}, "parameters": [{"name": "locator", "value": "('xpath', \"//h2[contains(@class, 'Modal_modal_title') and contains(@class, 'text_type_digits-large')]\")"}, {"name": "timeout", "value": "10"}], "start": 1767009948477, "stop": 1767009959028}], "parameters": [{"name": "locator", "value": "('xpath', \"//h2[contains(@class, 'Modal_modal_title') and contains(@class, 'text_type_digits-large')]\")"}], "start": 1767009948477, "stop": 1767009959029}], "start": 1767009916795, "stop": 1767009959029}], "attachments": [{"name": "screenshot", "source": "5d8d157a-329c-43cd-a07e-da6edd871d0d-attachment.png", "type": "image/png"}], "parameters": [{"name": "driver", "value": "'chrome'"}], "start": 1767009907566, "stop": 1767009959029, "uuid": "191cd43c-45d5-4512-8796-71861eef183a", "historyId": "ce482e565c0f91204c0af966a9b26300", "testCaseId": "08697d8feb5c30f95bcfbb211cf0c003", "fullName": "tests.test_constructor.TestConstructor#test_create_order", "labels": [{"name": "feature", "value": "Основной функционал"}, {"name": "story", "value": "Проверка основного функционала приложения"}, {"name": "parentSuite", "value": "tests"}, {"name": "suite", "value": "test_constructor"}, {"name": "subSuite", "value": "TestConstructor"}, {"name": "host", "value": "plr-001004476"}, {"name": "thread", "value": "29708-MainThread"}, {"name": "framework", "value": "pytest"}, {"name": "language", "value": "cpython3"}, {"name": "package", "value": "tests.test_constructor"}]}