{"name": "Увеличение счетчика 'Выполнено за всё время'", "status": "passed", "description": "Проверяет увеличение счетчика 'Выполнено за всё время' при создании заказа", "steps": [{"name": "Кликнуть по кнопке 'Лента заказов'", "status": "passed", "steps": [{"name": "Ожидать загрузки главной страницы", "status": "passed", "steps": [{"name": "Ожидать исчезновения элемента", "status": "passed", "parameters": [{"name": "locator", "value": "('xpath', \"//div[contains(@class, 'Modal_modal_overlay')]\")"}, {"name": "timeout", "value": "5"}], "start": 1767013977527, "stop": 1767013977537}], "start": 1767013977527, "stop": 1767013977537}, {"name": "Кликнуть по элементу через JavaScript", "status": "passed", "steps": [{"name": "Найти видимый элемент", "status": "passed", "parameters": [{"name": "locator", "value": "('xpath', \"//a[contains(@class, 'AppHeader_header__link') and contains(@href, '/feed')]\")"}, {"name": "timeout", "value": "10"}], "start": 1767013977537, "stop": 1767013977563}], "parameters": [{"name": "locator", "value": "('xpath', \"//a[contains(@class, 'AppHeader_header__link') and contains(@href, '/feed')]\")"}], "start": 1767013977537, "stop": 1767013977574}], "start": 1767013977527, "stop": 1767013977574}, {"name": "Получить счетчик 'Выполнено за всё время'", "status": "passed", "steps": [{"name": "Получить текст элемента", "status": "broken", "statusDetails": {"message": "selenium.common.exceptions.TimeoutException: Message: \nStacktrace:\nRemoteError@chrome://remote/content/shared/RemoteError.sys.mjs:8:8\nWebDriverError@chrome://remote/content/shared/webdriver/Errors.sys.mjs:202:5\nNoSuchElementError@chrome://remote/content/shared/webdriver/Errors.sys.mjs:555:5\ndom.find/</<@chrome://remote/content/shared/DOM.sys.mjs:136:16\n\n", "trace": "  File \"C:\\Users\\vikharev-d\\work\\Task_3\\venv\\lib\\site-packages\\allure_commons\\_allure.py\", line 192, in impl\n    return func(*a, **kw)\n  File \"C:\\Users\\vikharev-d\\work\\Task_3\\pages\\base_page.py\", line 119, in get_text\n    element = self.find_visible_element(locator)\n  File \"C:\\Users\\vikharev-d\\work\\Task_3\\venv\\lib\\site-packages\\allure_commons\\_allure.py\", line 192, in impl\n    return func(*a, **kw)\n  File \"C:\\Users\\vikharev-d\\work\\Task_3\\pages\\base_page.py\", line 66, in find_visible_element\n    element = wait.until(EC.visibility_of_element_located(locator))\n  File \"C:\\Users\\vikharev-d\\work\\Task_3\\venv\\lib\\site-packages\\selenium\\webdriver\\support\\wait.py\", line 101, in until\n    raise TimeoutException(message, screen, stacktrace)\n"}, "steps": [{"name": "Найти видимый элемент", "status": "broken", "statusDetails": {"message": "selenium.common.exceptions.TimeoutException: Message: \nStacktrace:\nRemoteError@chrome://remote/content/shared/RemoteError.sys.mjs:8:8\nWebDriverError@chrome://remote/content/shared/webdriver/Errors.sys.mjs:202:5\nNoSuchElementError@chrome://remote/content/shared/webdriver/Errors.sys.mjs:555:5\ndom.find/</<@chrome://remote/content/shared/DOM.sys.mjs:136:16\n\n", "trace": "  File \"C:\\Users\\vikharev-d\\work\\Task_3\\venv\\lib\\site-packages\\allure_commons\\_allure.py\", line 192, in impl\n    return func(*a, **kw)\n  File \"C:\\Users\\vikharev-d\\work\\Task_3\\pages\\base_page.py\", line 66, in find_visible_element\n    element = wait.until(EC.visibility_of_element_located(locator))\n  File \"C:\\Users\\vikharev-d\\work\\Task_3\\venv\\lib\\site-packages\\selenium\\webdriver\\support\\wait.py\", line 101, in until\n    raise TimeoutException(message, screen, stacktrace)\n"}, "parameters": [{"name": "locator", "value": "('xpath', \"//p[contains(text(), 'Выполнено за всё время')]/following-sibling::p\")"}, {"name": "timeout", "value": "10"}], "start": 1767013977575, "stop": 1767013988110}], "parameters": [{"name": "locator", "value": "('xpath', \"//p[contains(text(), 'Выполнено за всё время')]/following-sibling::p\")"}], "start": 1767013977575, "stop": 1767013988110}], "start": 1767013977574, "stop": 1767013988110}, {"name": "Создаем новый заказ через API", "status": "passed", "start": 1767013988110, "stop": 1767013988319}, {"name": "Открыть страницу", "status": "passed", "start": 1767013988319, "stop": 1767013988607}, {"name": "Проверяем увеличение счетчика", "status": "passed", "steps": [{"name": "Получить счетчик 'Выполнено за всё время'", "status": "passed", "steps": [{"name": "Получить текст элемента", "status": "broken", "statusDetails": {"message": "selenium.common.exceptions.TimeoutException: Message: \nStacktrace:\nRemoteError@chrome://remote/content/shared/RemoteError.sys.mjs:8:8\nWebDriverError@chrome://remote/content/shared/webdriver/Errors.sys.mjs:202:5\nNoSuchElementError@chrome://remote/content/shared/webdriver/Errors.sys.mjs:555:5\ndom.find/</<@chrome://remote/content/shared/DOM.sys.mjs:136:16\n\n", "trace": "  File \"C:\\Users\\vikharev-d\\work\\Task_3\\venv\\lib\\site-packages\\allure_commons\\_allure.py\", line 192, in impl\n    return func(*a, **kw)\n  File \"C:\\Users\\vikharev-d\\work\\Task_3\\pages\\base_page.py\", line 119, in get_text\n    element = self.find_visible_element(locator)\n  File \"C:\\Users\\vikharev-d\\work\\Task_3\\venv\\lib\\site-packages\\allure_commons\\_allure.py\", line 192, in impl\n    return func(*a, **kw)\n  File \"C:\\Users\\vikharev-d\\work\\Task_3\\pages\\base_page.py\", line 66, in find_visible_element\n    element = wait.until(EC.visibility_of_element_located(locator))\n  File \"C:\\Users\\vikharev-d\\work\\Task_3\\venv\\lib\\site-packages\\selenium\\webdriver\\support\\wait.py\", line 101, in until\n    raise TimeoutException(message, screen, stacktrace)\n"}, "steps": [{"name": "Найти видимый элемент", "status": "broken", "statusDetails": {"message": "selenium.common.exceptions.TimeoutException: Message: \nStacktrace:\nRemoteError@chrome://remote/content/shared/RemoteError.sys.mjs:8:8\nWebDriverError@chrome://remote/content/shared/webdriver/Errors.sys.mjs:202:5\nNoSuchElementError@chrome://remote/content/shared/webdriver/Errors.sys.mjs:555:5\ndom.find/</<@chrome://remote/content/shared/DOM.sys.mjs:136:16\n\n", "trace": "  File \"C:\\Users\\vikharev-d\\work\\Task_3\\venv\\lib\\site-packages\\allure_commons\\_allure.py\", line 192, in impl\n    return func(*a, **kw)\n  File \"C:\\Users\\vikharev-d\\work\\Task_3\\pages\\base_page.py\", line 66, in find_visible_element\n    element = wait.until(EC.visibility_of_element_located(locator))\n  File \"C:\\Users\\vikharev-d\\work\\Task_3\\venv\\lib\\site-packages\\selenium\\webdriver\\support\\wait.py\", line 101, in until\n    raise TimeoutException(message, screen, stacktrace)\n"}, "parameters": [{"name": "locator", "value": "('xpath', \"//p[contains(text(), 'Выполнено за всё время')]/following-sibling::p\")"}, {"name": "timeout", "value": "10"}], "start": 1767013990618, "stop": 1767014001155}], "parameters": [{"name": "locator", "value": "('xpath', \"//p[contains(text(), 'Выполнено за всё время')]/following-sibling::p\")"}], "start": 1767013990618, "stop": 1767014001155}], "start": 1767013990618, "stop": 1767014001155}], "start": 1767013990618, "stop": 1767014001155}], "parameters": [{"name": "driver", "value": "'firefox'"}], "start": 1767013977527, "stop": 1767014001156, "uuid": "c0e3cc52-9286-401c-8e69-b11be0867238", "historyId": "6f301ea30dde78aa752e8f183b448f27", "testCaseId": "350bdcc5b17f80dc9c7cb916b696ed49", "fullName": "tests.test_order_feed.TestOrderFeed#test_total_orders_counter_increase", "labels": [{"name": "story", "value": "Функциональность ленты заказов"}, {"name": "feature", "value": "Лента заказов"}, {"name": "parentSuite", "value": "tests"}, {"name": "suite", "value": "test_order_feed"}, {"name": "subSuite", "value": "TestOrderFeed"}, {"name": "host", "value": "plr-001004476"}, {"name": "thread", "value": "30144-MainThread"}, {"name": "framework", "value": "pytest"}, {"name": "language", "value": "cpython3"}, {"name": "package", "value": "tests.test_order_feed"}]}