{"name": "Номер заказа появляется в разделе 'В работе'", "status": "failed", "statusDetails": {"message": "AssertionError: Заказ 338899 (номер: 338899) не появился в разделе 'В работе' после 15 попыток. Найдены заказы в разделе: []\nassert False", "trace": "tests\\test_order_feed.py:240: in test_order_in_progress\n    assert found, \\\nE   AssertionError: Заказ 338899 (номер: 338899) не появился в разделе 'В работе' после 15 попыток. Найдены заказы в разделе: []\nE   assert False"}, "description": "Проверяет, что номер заказа появляется в разделе 'В работе' после оформления", "steps": [{"name": "Добавляем ингредиенты в конструктор", "status": "passed", "steps": [{"name": "Перетащить ингредиент в конструктор", "status": "passed", "steps": [{"name": "Найти видимый элемент", "status": "passed", "parameters": [{"name": "locator", "value": "('xpath', \"//a[contains(@class, 'BurgerIngredient_ingredient')]//p[text()='Флюоресцентная булка R2-D3']/parent::a\")"}, {"name": "timeout", "value": "10"}], "start": 1767078575278, "stop": 1767078575310}, {"name": "Найти видимый элемент", "status": "passed", "parameters": [{"name": "locator", "value": "('xpath', \"//ul[contains(@class, 'BurgerConstructor_basket__list__l9dp_')]\")"}, {"name": "timeout", "value": "10"}], "start": 1767078575310, "stop": 1767078575345}, {"name": "Перетащить элемент", "status": "passed", "parameters": [{"name": "source", "value": "<selenium.webdriver.remote.webelement.WebElement (session=\"ef15b923-ef4b-4d41-97b5-f0ee6eefea4e\", element=\"ec6affa1-c0b7-45fb-bb74-8cba28a31546\")>"}, {"name": "target", "value": "<selenium.webdriver.remote.webelement.WebElement (session=\"ef15b923-ef4b-4d41-97b5-f0ee6eefea4e\", element=\"85025b90-9640-413d-af20-94cba873dc20\")>"}], "start": 1767078575347, "stop": 1767078575356}], "parameters": [{"name": "ingredient_locator", "value": "('xpath', \"//a[contains(@class, 'BurgerIngredient_ingredient')]//p[text()='Флюоресцентная булка R2-D3']/parent::a\")"}], "start": 1767078575278, "stop": 1767078575356}], "start": 1767078575278, "stop": 1767078577363}, {"name": "Оформляем заказ", "status": "passed", "steps": [{"name": "Кликнуть по кнопке 'Оформить заказ'", "status": "passed", "steps": [{"name": "Проверить, что пользователь авторизован", "status": "passed", "steps": [{"name": "Проверить видимость элемента", "status": "passed", "parameters": [{"name": "locator", "value": "('xpath', \"//button[contains(@class, 'button_button__33qZ0') and contains(text(), 'Оформить заказ')]\")"}, {"name": "timeout", "value": "3"}], "start": 1767078577363, "stop": 1767078577379}], "start": 1767078577363, "stop": 1767078577379}, {"name": "Кликнуть по элементу через JavaScript", "status": "passed", "steps": [{"name": "Найти видимый элемент", "status": "passed", "parameters": [{"name": "locator", "value": "('xpath', \"//button[contains(@class, 'button_button__33qZ0') and contains(text(), 'Оформить заказ')]\")"}, {"name": "timeout", "value": "10"}], "start": 1767078577380, "stop": 1767078577396}], "parameters": [{"name": "locator", "value": "('xpath', \"//button[contains(@class, 'button_button__33qZ0') and contains(text(), 'Оформить заказ')]\")"}], "start": 1767078577380, "stop": 1767078577404}], "start": 1767078577363, "stop": 1767078577404}], "start": 1767078577363, "stop": 1767078580408}, {"name": "Получаем номер заказа из модального окна", "status": "passed", "steps": [{"name": "Проверить видимость модального окна", "status": "passed", "steps": [{"name": "Проверить видимость элемента", "status": "passed", "parameters": [{"name": "locator", "value": "('xpath', \"//div[contains(@class, 'Modal_modal__container')]\")"}, {"name": "timeout", "value": "5"}], "start": 1767078580408, "stop": 1767078580425}], "start": 1767078580408, "stop": 1767078580425}, {"name": "Получить номер заказа из модального окна", "status": "passed", "steps": [{"name": "Найти видимый элемент", "status": "broken", "statusDetails": {"message": "selenium.common.exceptions.TimeoutException: Message: \nStacktrace:\nRemoteError@chrome://remote/content/shared/RemoteError.sys.mjs:8:8\nWebDriverError@chrome://remote/content/shared/webdriver/Errors.sys.mjs:202:5\nNoSuchElementError@chrome://remote/content/shared/webdriver/Errors.sys.mjs:555:5\ndom.find/</<@chrome://remote/content/shared/DOM.sys.mjs:136:16\n\n", "trace": "  File \"C:\\Users\\vikharev-d\\work\\Task_3\\venv\\lib\\site-packages\\allure_commons\\_allure.py\", line 192, in impl\n    return func(*a, **kw)\n  File \"C:\\Users\\vikharev-d\\work\\Task_3\\pages\\base_page.py\", line 66, in find_visible_element\n    element = wait.until(EC.visibility_of_element_located(locator))\n  File \"C:\\Users\\vikharev-d\\work\\Task_3\\venv\\lib\\site-packages\\selenium\\webdriver\\support\\wait.py\", line 101, in until\n    raise TimeoutException(message, screen, stacktrace)\n"}, "parameters": [{"name": "locator", "value": "('xpath', \"//section[2]/div[1]/div//p[contains(@class, 'text_type_digits-default')]\")"}, {"name": "timeout", "value": "30"}], "start": 1767078580426, "stop": 1767078612007}, {"name": "Получить текст модального окна заказа", "status": "passed", "steps": [{"name": "Найти элемент", "status": "passed", "parameters": [{"name": "locator", "value": "('xpath', \"//div[contains(@class, 'Modal_modal__container')]\")"}, {"name": "timeout", "value": "5"}], "start": 1767078612007, "stop": 1767078612008}], "start": 1767078612007, "stop": 1767078612013}], "parameters": [{"name": "timeout", "value": "30"}], "start": 1767078580426, "stop": 1767078612013}], "start": 1767078580408, "stop": 1767078612013}, {"name": "Закрываем модальное окно", "status": "passed", "steps": [{"name": "Закрыть модальное окно", "status": "passed", "steps": [{"name": "Кликнуть по элементу через JavaScript", "status": "passed", "steps": [{"name": "Найти видимый элемент", "status": "passed", "parameters": [{"name": "locator", "value": "('xpath', \"//button[contains(@class, 'Modal_modal__close')]\")"}, {"name": "timeout", "value": "10"}], "start": 1767078612013, "stop": 1767078612030}], "parameters": [{"name": "locator", "value": "('xpath', \"//button[contains(@class, 'Modal_modal__close')]\")"}], "start": 1767078612013, "stop": 1767078612036}], "start": 1767078612013, "stop": 1767078612036}], "start": 1767078612013, "stop": 1767078615050}, {"name": "Переходим в ленту заказов", "status": "passed", "steps": [{"name": "Кликнуть по кнопке 'Лента заказов'", "status": "passed", "steps": [{"name": "Ожидать загрузки главной страницы", "status": "passed", "steps": [{"name": "Ожидать исчезновения элемента", "status": "passed", "parameters": [{"name": "locator", "value": "('xpath', \"//div[contains(@class, 'Modal_modal_overlay')]\")"}, {"name": "timeout", "value": "5"}], "start": 1767078615050, "stop": 1767078615057}], "start": 1767078615050, "stop": 1767078615057}, {"name": "Кликнуть по элементу через JavaScript", "status": "passed", "steps": [{"name": "Найти видимый элемент", "status": "passed", "parameters": [{"name": "locator", "value": "('xpath', \"//a[contains(@class, 'AppHeader_header__link') and contains(@href, '/feed')]\")"}, {"name": "timeout", "value": "10"}], "start": 1767078615057, "stop": 1767078615079}], "parameters": [{"name": "locator", "value": "('xpath', \"//a[contains(@class, 'AppHeader_header__link') and contains(@href, '/feed')]\")"}], "start": 1767078615057, "stop": 1767078615086}], "start": 1767078615050, "stop": 1767078615086}, {"name": "Проверить видимость заголовка 'Лента заказов'", "status": "passed", "steps": [{"name": "Проверить видимость элемента", "status": "passed", "parameters": [{"name": "locator", "value": "('xpath', \"//h1[contains(text(), 'Лента заказов')]\")"}, {"name": "timeout", "value": "5"}], "start": 1767078615086, "stop": 1767078615881}], "start": 1767078615086, "stop": 1767078615881}], "start": 1767078615050, "stop": 1767078617888}, {"name": "Ожидаем обновления раздела 'В работе'", "status": "passed", "steps": [{"name": "Проверить, есть ли заказ в разделе 'В работе'", "status": "passed", "steps": [{"name": "Получить список заказов в работе", "status": "passed", "steps": [{"name": "Проверить видимость элемента", "status": "passed", "parameters": [{"name": "locator", "value": "('xpath', \"//div[contains(@class, 'OrderFeed_orderListReady__')]\")"}, {"name": "timeout", "value": "5"}], "start": 1767078617888, "stop": 1767078628413}], "start": 1767078617888, "stop": 1767078628413}, {"name": "Найти все элементы", "status": "broken", "statusDetails": {"message": "selenium.common.exceptions.TimeoutException: Message: \n\n", "trace": "  File \"C:\\Users\\vikharev-d\\work\\Task_3\\venv\\lib\\site-packages\\allure_commons\\_allure.py\", line 192, in impl\n    return func(*a, **kw)\n  File \"C:\\Users\\vikharev-d\\work\\Task_3\\pages\\base_page.py\", line 52, in find_elements\n    return wait.until(EC.presence_of_all_elements_located(locator))\n  File \"C:\\Users\\vikharev-d\\work\\Task_3\\venv\\lib\\site-packages\\selenium\\webdriver\\support\\wait.py\", line 101, in until\n    raise TimeoutException(message, screen, stacktrace)\n"}, "parameters": [{"name": "locator", "value": "('xpath', \"//div[contains(@class, 'OrderFeed_orderListReady__')]//li\")"}, {"name": "timeout", "value": "10"}], "start": 1767078628414, "stop": 1767078638937}], "parameters": [{"name": "order_number", "value": "'338899'"}], "start": 1767078617888, "stop": 1767078638937}, {"name": "Проверить, есть ли заказ в разделе 'В работе'", "status": "passed", "steps": [{"name": "Получить список заказов в работе", "status": "passed", "steps": [{"name": "Проверить видимость элемента", "status": "passed", "parameters": [{"name": "locator", "value": "('xpath', \"//div[contains(@class, 'OrderFeed_orderListReady__')]\")"}, {"name": "timeout", "value": "5"}], "start": 1767078640946, "stop": 1767078651466}], "start": 1767078640946, "stop": 1767078651466}, {"name": "Найти все элементы", "status": "broken", "statusDetails": {"message": "selenium.common.exceptions.TimeoutException: Message: \n\n", "trace": "  File \"C:\\Users\\vikharev-d\\work\\Task_3\\venv\\lib\\site-packages\\allure_commons\\_allure.py\", line 192, in impl\n    return func(*a, **kw)\n  File \"C:\\Users\\vikharev-d\\work\\Task_3\\pages\\base_page.py\", line 52, in find_elements\n    return wait.until(EC.presence_of_all_elements_located(locator))\n  File \"C:\\Users\\vikharev-d\\work\\Task_3\\venv\\lib\\site-packages\\selenium\\webdriver\\support\\wait.py\", line 101, in until\n    raise TimeoutException(message, screen, stacktrace)\n"}, "parameters": [{"name": "locator", "value": "('xpath', \"//div[contains(@class, 'OrderFeed_orderListReady__')]//li\")"}, {"name": "timeout", "value": "10"}], "start": 1767078651466, "stop": 1767078661993}], "parameters": [{"name": "order_number", "value": "'338899'"}], "start": 1767078640946, "stop": 1767078661993}, {"name": "Проверить, есть ли заказ в разделе 'В работе'", "status": "passed", "steps": [{"name": "Получить список заказов в работе", "status": "passed", "steps": [{"name": "Проверить видимость элемента", "status": "passed", "parameters": [{"name": "locator", "value": "('xpath', \"//div[contains(@class, 'OrderFeed_orderListReady__')]\")"}, {"name": "timeout", "value": "5"}], "start": 1767078664497, "stop": 1767078675020}], "start": 1767078664497, "stop": 1767078675020}, {"name": "Найти все элементы", "status": "broken", "statusDetails": {"message": "selenium.common.exceptions.TimeoutException: Message: \n\n", "trace": "  File \"C:\\Users\\vikharev-d\\work\\Task_3\\venv\\lib\\site-packages\\allure_commons\\_allure.py\", line 192, in impl\n    return func(*a, **kw)\n  File \"C:\\Users\\vikharev-d\\work\\Task_3\\pages\\base_page.py\", line 52, in find_elements\n    return wait.until(EC.presence_of_all_elements_located(locator))\n  File \"C:\\Users\\vikharev-d\\work\\Task_3\\venv\\lib\\site-packages\\selenium\\webdriver\\support\\wait.py\", line 101, in until\n    raise TimeoutException(message, screen, stacktrace)\n"}, "parameters": [{"name": "locator", "value": "('xpath', \"//div[contains(@class, 'OrderFeed_orderListReady__')]//li\")"}, {"name": "timeout", "value": "10"}], "start": 1767078675020, "stop": 1767078685538}], "parameters": [{"name": "order_number", "value": "'338899'"}], "start": 1767078664497, "stop": 1767078685538}, {"name": "Проверить, есть ли заказ в разделе 'В работе'", "status": "passed", "steps": [{"name": "Получить список заказов в работе", "status": "passed", "steps": [{"name": "Проверить видимость элемента", "status": "passed", "parameters": [{"name": "locator", "value": "('xpath', \"//div[contains(@class, 'OrderFeed_orderListReady__')]\")"}, {"name": "timeout", "value": "5"}], "start": 1767078688550, "stop": 1767078699081}], "start": 1767078688550, "stop": 1767078699081}, {"name": "Найти все элементы", "status": "broken", "statusDetails": {"message": "selenium.common.exceptions.TimeoutException: Message: \n\n", "trace": "  File \"C:\\Users\\vikharev-d\\work\\Task_3\\venv\\lib\\site-packages\\allure_commons\\_allure.py\", line 192, in impl\n    return func(*a, **kw)\n  File \"C:\\Users\\vikharev-d\\work\\Task_3\\pages\\base_page.py\", line 52, in find_elements\n    return wait.until(EC.presence_of_all_elements_located(locator))\n  File \"C:\\Users\\vikharev-d\\work\\Task_3\\venv\\lib\\site-packages\\selenium\\webdriver\\support\\wait.py\", line 101, in until\n    raise TimeoutException(message, screen, stacktrace)\n"}, "parameters": [{"name": "locator", "value": "('xpath', \"//div[contains(@class, 'OrderFeed_orderListReady__')]//li\")"}, {"name": "timeout", "value": "10"}], "start": 1767078699081, "stop": 1767078709595}], "parameters": [{"name": "order_number", "value": "'338899'"}], "start": 1767078688550, "stop": 1767078709595}, {"name": "Проверить, есть ли заказ в разделе 'В работе'", "status": "passed", "steps": [{"name": "Получить список заказов в работе", "status": "passed", "steps": [{"name": "Проверить видимость элемента", "status": "passed", "parameters": [{"name": "locator", "value": "('xpath', \"//div[contains(@class, 'OrderFeed_orderListReady__')]\")"}, {"name": "timeout", "value": "5"}], "start": 1767078713101, "stop": 1767078723630}], "start": 1767078713101, "stop": 1767078723630}, {"name": "Найти все элементы", "status": "broken", "statusDetails": {"message": "selenium.common.exceptions.TimeoutException: Message: \n\n", "trace": "  File \"C:\\Users\\vikharev-d\\work\\Task_3\\venv\\lib\\site-packages\\allure_commons\\_allure.py\", line 192, in impl\n    return func(*a, **kw)\n  File \"C:\\Users\\vikharev-d\\work\\Task_3\\pages\\base_page.py\", line 52, in find_elements\n    return wait.until(EC.presence_of_all_elements_located(locator))\n  File \"C:\\Users\\vikharev-d\\work\\Task_3\\venv\\lib\\site-packages\\selenium\\webdriver\\support\\wait.py\", line 101, in until\n    raise TimeoutException(message, screen, stacktrace)\n"}, "parameters": [{"name": "locator", "value": "('xpath', \"//div[contains(@class, 'OrderFeed_orderListReady__')]//li\")"}, {"name": "timeout", "value": "10"}], "start": 1767078723630, "stop": 1767078734150}], "parameters": [{"name": "order_number", "value": "'338899'"}], "start": 1767078713101, "stop": 1767078734150}, {"name": "Проверить, есть ли заказ в разделе 'В работе'", "status": "passed", "steps": [{"name": "Получить список заказов в работе", "status": "passed", "steps": [{"name": "Проверить видимость элемента", "status": "passed", "parameters": [{"name": "locator", "value": "('xpath', \"//div[contains(@class, 'OrderFeed_orderListReady__')]\")"}, {"name": "timeout", "value": "5"}], "start": 1767078738164, "stop": 1767078748678}], "start": 1767078738164, "stop": 1767078748678}, {"name": "Найти все элементы", "status": "broken", "statusDetails": {"message": "selenium.common.exceptions.TimeoutException: Message: \n\n", "trace": "  File \"C:\\Users\\vikharev-d\\work\\Task_3\\venv\\lib\\site-packages\\allure_commons\\_allure.py\", line 192, in impl\n    return func(*a, **kw)\n  File \"C:\\Users\\vikharev-d\\work\\Task_3\\pages\\base_page.py\", line 52, in find_elements\n    return wait.until(EC.presence_of_all_elements_located(locator))\n  File \"C:\\Users\\vikharev-d\\work\\Task_3\\venv\\lib\\site-packages\\selenium\\webdriver\\support\\wait.py\", line 101, in until\n    raise TimeoutException(message, screen, stacktrace)\n"}, "parameters": [{"name": "locator", "value": "('xpath', \"//div[contains(@class, 'OrderFeed_orderListReady__')]//li\")"}, {"name": "timeout", "value": "10"}], "start": 1767078748678, "stop": 1767078759195}], "parameters": [{"name": "order_number", "value": "'338899'"}], "start": 1767078738164, "stop": 1767078759195}, {"name": "Проверить, есть ли заказ в разделе 'В работе'", "status": "passed", "steps": [{"name": "Получить список заказов в работе", "status": "passed", "steps": [{"name": "Проверить видимость элемента", "status": "passed", "parameters": [{"name": "locator", "value": "('xpath', \"//div[contains(@class, 'OrderFeed_orderListReady__')]\")"}, {"name": "timeout", "value": "5"}], "start": 1767078763710, "stop": 1767078774241}], "start": 1767078763710, "stop": 1767078774241}, {"name": "Найти все элементы", "status": "broken", "statusDetails": {"message": "selenium.common.exceptions.TimeoutException: Message: \n\n", "trace": "  File \"C:\\Users\\vikharev-d\\work\\Task_3\\venv\\lib\\site-packages\\allure_commons\\_allure.py\", line 192, in impl\n    return func(*a, **kw)\n  File \"C:\\Users\\vikharev-d\\work\\Task_3\\pages\\base_page.py\", line 52, in find_elements\n    return wait.until(EC.presence_of_all_elements_located(locator))\n  File \"C:\\Users\\vikharev-d\\work\\Task_3\\venv\\lib\\site-packages\\selenium\\webdriver\\support\\wait.py\", line 101, in until\n    raise TimeoutException(message, screen, stacktrace)\n"}, "parameters": [{"name": "locator", "value": "('xpath', \"//div[contains(@class, 'OrderFeed_orderListReady__')]//li\")"}, {"name": "timeout", "value": "10"}], "start": 1767078774241, "stop": 1767078784769}], "parameters": [{"name": "order_number", "value": "'338899'"}], "start": 1767078763710, "stop": 1767078784769}, {"name": "Проверить, есть ли заказ в разделе 'В работе'", "status": "passed", "steps": [{"name": "Получить список заказов в работе", "status": "passed", "steps": [{"name": "Проверить видимость элемента", "status": "passed", "parameters": [{"name": "locator", "value": "('xpath', \"//div[contains(@class, 'OrderFeed_orderListReady__')]\")"}, {"name": "timeout", "value": "5"}], "start": 1767078789779, "stop": 1767078800300}], "start": 1767078789779, "stop": 1767078800300}, {"name": "Найти все элементы", "status": "broken", "statusDetails": {"message": "selenium.common.exceptions.TimeoutException: Message: \n\n", "trace": "  File \"C:\\Users\\vikharev-d\\work\\Task_3\\venv\\lib\\site-packages\\allure_commons\\_allure.py\", line 192, in impl\n    return func(*a, **kw)\n  File \"C:\\Users\\vikharev-d\\work\\Task_3\\pages\\base_page.py\", line 52, in find_elements\n    return wait.until(EC.presence_of_all_elements_located(locator))\n  File \"C:\\Users\\vikharev-d\\work\\Task_3\\venv\\lib\\site-packages\\selenium\\webdriver\\support\\wait.py\", line 101, in until\n    raise TimeoutException(message, screen, stacktrace)\n"}, "parameters": [{"name": "locator", "value": "('xpath', \"//div[contains(@class, 'OrderFeed_orderListReady__')]//li\")"}, {"name": "timeout", "value": "10"}], "start": 1767078800300, "stop": 1767078810824}], "parameters": [{"name": "order_number", "value": "'338899'"}], "start": 1767078789779, "stop": 1767078810824}, {"name": "Проверить, есть ли заказ в разделе 'В работе'", "status": "passed", "steps": [{"name": "Получить список заказов в работе", "status": "passed", "steps": [{"name": "Проверить видимость элемента", "status": "passed", "parameters": [{"name": "locator", "value": "('xpath', \"//div[contains(@class, 'OrderFeed_orderListReady__')]\")"}, {"name": "timeout", "value": "5"}], "start": 1767078816325, "stop": 1767078826839}], "start": 1767078816325, "stop": 1767078826839}, {"name": "Найти все элементы", "status": "broken", "statusDetails": {"message": "selenium.common.exceptions.TimeoutException: Message: \n\n", "trace": "  File \"C:\\Users\\vikharev-d\\work\\Task_3\\venv\\lib\\site-packages\\allure_commons\\_allure.py\", line 192, in impl\n    return func(*a, **kw)\n  File \"C:\\Users\\vikharev-d\\work\\Task_3\\pages\\base_page.py\", line 52, in find_elements\n    return wait.until(EC.presence_of_all_elements_located(locator))\n  File \"C:\\Users\\vikharev-d\\work\\Task_3\\venv\\lib\\site-packages\\selenium\\webdriver\\support\\wait.py\", line 101, in until\n    raise TimeoutException(message, screen, stacktrace)\n"}, "parameters": [{"name": "locator", "value": "('xpath', \"//div[contains(@class, 'OrderFeed_orderListReady__')]//li\")"}, {"name": "timeout", "value": "10"}], "start": 1767078826839, "stop": 1767078837345}], "parameters": [{"name": "order_number", "value": "'338899'"}], "start": 1767078816325, "stop": 1767078837345}, {"name": "Проверить, есть ли заказ в разделе 'В работе'", "status": "passed", "steps": [{"name": "Получить список заказов в работе", "status": "passed", "steps": [{"name": "Проверить видимость элемента", "status": "passed", "parameters": [{"name": "locator", "value": "('xpath', \"//div[contains(@class, 'OrderFeed_orderListReady__')]\")"}, {"name": "timeout", "value": "5"}], "start": 1767078843348, "stop": 1767078853872}], "start": 1767078843348, "stop": 1767078853873}, {"name": "Найти все элементы", "status": "broken", "statusDetails": {"message": "selenium.common.exceptions.TimeoutException: Message: \n\n", "trace": "  File \"C:\\Users\\vikharev-d\\work\\Task_3\\venv\\lib\\site-packages\\allure_commons\\_allure.py\", line 192, in impl\n    return func(*a, **kw)\n  File \"C:\\Users\\vikharev-d\\work\\Task_3\\pages\\base_page.py\", line 52, in find_elements\n    return wait.until(EC.presence_of_all_elements_located(locator))\n  File \"C:\\Users\\vikharev-d\\work\\Task_3\\venv\\lib\\site-packages\\selenium\\webdriver\\support\\wait.py\", line 101, in until\n    raise TimeoutException(message, screen, stacktrace)\n"}, "parameters": [{"name": "locator", "value": "('xpath', \"//div[contains(@class, 'OrderFeed_orderListReady__')]//li\")"}, {"name": "timeout", "value": "10"}], "start": 1767078853873, "stop": 1767078864390}], "parameters": [{"name": "order_number", "value": "'338899'"}], "start": 1767078843348, "stop": 1767078864390}, {"name": "Проверить, есть ли заказ в разделе 'В работе'", "status": "passed", "steps": [{"name": "Получить список заказов в работе", "status": "passed", "steps": [{"name": "Проверить видимость элемента", "status": "passed", "parameters": [{"name": "locator", "value": "('xpath', \"//div[contains(@class, 'OrderFeed_orderListReady__')]\")"}, {"name": "timeout", "value": "5"}], "start": 1767078870892, "stop": 1767078881419}], "start": 1767078870892, "stop": 1767078881419}, {"name": "Найти все элементы", "status": "broken", "statusDetails": {"message": "selenium.common.exceptions.TimeoutException: Message: \n\n", "trace": "  File \"C:\\Users\\vikharev-d\\work\\Task_3\\venv\\lib\\site-packages\\allure_commons\\_allure.py\", line 192, in impl\n    return func(*a, **kw)\n  File \"C:\\Users\\vikharev-d\\work\\Task_3\\pages\\base_page.py\", line 52, in find_elements\n    return wait.until(EC.presence_of_all_elements_located(locator))\n  File \"C:\\Users\\vikharev-d\\work\\Task_3\\venv\\lib\\site-packages\\selenium\\webdriver\\support\\wait.py\", line 101, in until\n    raise TimeoutException(message, screen, stacktrace)\n"}, "parameters": [{"name": "locator", "value": "('xpath', \"//div[contains(@class, 'OrderFeed_orderListReady__')]//li\")"}, {"name": "timeout", "value": "10"}], "start": 1767078881419, "stop": 1767078891939}], "parameters": [{"name": "order_number", "value": "'338899'"}], "start": 1767078870892, "stop": 1767078891939}, {"name": "Проверить, есть ли заказ в разделе 'В работе'", "status": "passed", "steps": [{"name": "Получить список заказов в работе", "status": "passed", "steps": [{"name": "Проверить видимость элемента", "status": "passed", "parameters": [{"name": "locator", "value": "('xpath', \"//div[contains(@class, 'OrderFeed_orderListReady__')]\")"}, {"name": "timeout", "value": "5"}], "start": 1767078898941, "stop": 1767078909456}], "start": 1767078898941, "stop": 1767078909456}, {"name": "Найти все элементы", "status": "broken", "statusDetails": {"message": "selenium.common.exceptions.TimeoutException: Message: \n\n", "trace": "  File \"C:\\Users\\vikharev-d\\work\\Task_3\\venv\\lib\\site-packages\\allure_commons\\_allure.py\", line 192, in impl\n    return func(*a, **kw)\n  File \"C:\\Users\\vikharev-d\\work\\Task_3\\pages\\base_page.py\", line 52, in find_elements\n    return wait.until(EC.presence_of_all_elements_located(locator))\n  File \"C:\\Users\\vikharev-d\\work\\Task_3\\venv\\lib\\site-packages\\selenium\\webdriver\\support\\wait.py\", line 101, in until\n    raise TimeoutException(message, screen, stacktrace)\n"}, "parameters": [{"name": "locator", "value": "('xpath', \"//div[contains(@class, 'OrderFeed_orderListReady__')]//li\")"}, {"name": "timeout", "value": "10"}], "start": 1767078909456, "stop": 1767078919977}], "parameters": [{"name": "order_number", "value": "'338899'"}], "start": 1767078898941, "stop": 1767078919977}, {"name": "Проверить, есть ли заказ в разделе 'В работе'", "status": "passed", "steps": [{"name": "Получить список заказов в работе", "status": "passed", "steps": [{"name": "Проверить видимость элемента", "status": "passed", "parameters": [{"name": "locator", "value": "('xpath', \"//div[contains(@class, 'OrderFeed_orderListReady__')]\")"}, {"name": "timeout", "value": "5"}], "start": 1767078927492, "stop": 1767078938010}], "start": 1767078927492, "stop": 1767078938010}, {"name": "Найти все элементы", "status": "broken", "statusDetails": {"message": "selenium.common.exceptions.TimeoutException: Message: \n\n", "trace": "  File \"C:\\Users\\vikharev-d\\work\\Task_3\\venv\\lib\\site-packages\\allure_commons\\_allure.py\", line 192, in impl\n    return func(*a, **kw)\n  File \"C:\\Users\\vikharev-d\\work\\Task_3\\pages\\base_page.py\", line 52, in find_elements\n    return wait.until(EC.presence_of_all_elements_located(locator))\n  File \"C:\\Users\\vikharev-d\\work\\Task_3\\venv\\lib\\site-packages\\selenium\\webdriver\\support\\wait.py\", line 101, in until\n    raise TimeoutException(message, screen, stacktrace)\n"}, "parameters": [{"name": "locator", "value": "('xpath', \"//div[contains(@class, 'OrderFeed_orderListReady__')]//li\")"}, {"name": "timeout", "value": "10"}], "start": 1767078938010, "stop": 1767078948523}], "parameters": [{"name": "order_number", "value": "'338899'"}], "start": 1767078927492, "stop": 1767078948523}, {"name": "Проверить, есть ли заказ в разделе 'В работе'", "status": "passed", "steps": [{"name": "Получить список заказов в работе", "status": "passed", "steps": [{"name": "Проверить видимость элемента", "status": "passed", "parameters": [{"name": "locator", "value": "('xpath', \"//div[contains(@class, 'OrderFeed_orderListReady__')]\")"}, {"name": "timeout", "value": "5"}], "start": 1767078956524, "stop": 1767078967054}], "start": 1767078956524, "stop": 1767078967054}, {"name": "Найти все элементы", "status": "broken", "statusDetails": {"message": "selenium.common.exceptions.TimeoutException: Message: \n\n", "trace": "  File \"C:\\Users\\vikharev-d\\work\\Task_3\\venv\\lib\\site-packages\\allure_commons\\_allure.py\", line 192, in impl\n    return func(*a, **kw)\n  File \"C:\\Users\\vikharev-d\\work\\Task_3\\pages\\base_page.py\", line 52, in find_elements\n    return wait.until(EC.presence_of_all_elements_located(locator))\n  File \"C:\\Users\\vikharev-d\\work\\Task_3\\venv\\lib\\site-packages\\selenium\\webdriver\\support\\wait.py\", line 101, in until\n    raise TimeoutException(message, screen, stacktrace)\n"}, "parameters": [{"name": "locator", "value": "('xpath', \"//div[contains(@class, 'OrderFeed_orderListReady__')]//li\")"}, {"name": "timeout", "value": "10"}], "start": 1767078967054, "stop": 1767078977569}], "parameters": [{"name": "order_number", "value": "'338899'"}], "start": 1767078956524, "stop": 1767078977569}, {"name": "Проверить, есть ли заказ в разделе 'В работе'", "status": "passed", "steps": [{"name": "Получить список заказов в работе", "status": "passed", "steps": [{"name": "Проверить видимость элемента", "status": "passed", "parameters": [{"name": "locator", "value": "('xpath', \"//div[contains(@class, 'OrderFeed_orderListReady__')]\")"}, {"name": "timeout", "value": "5"}], "start": 1767078986085, "stop": 1767078996603}], "start": 1767078986085, "stop": 1767078996603}, {"name": "Найти все элементы", "status": "broken", "statusDetails": {"message": "selenium.common.exceptions.TimeoutException: Message: \n\n", "trace": "  File \"C:\\Users\\vikharev-d\\work\\Task_3\\venv\\lib\\site-packages\\allure_commons\\_allure.py\", line 192, in impl\n    return func(*a, **kw)\n  File \"C:\\Users\\vikharev-d\\work\\Task_3\\pages\\base_page.py\", line 52, in find_elements\n    return wait.until(EC.presence_of_all_elements_located(locator))\n  File \"C:\\Users\\vikharev-d\\work\\Task_3\\venv\\lib\\site-packages\\selenium\\webdriver\\support\\wait.py\", line 101, in until\n    raise TimeoutException(message, screen, stacktrace)\n"}, "parameters": [{"name": "locator", "value": "('xpath', \"//div[contains(@class, 'OrderFeed_orderListReady__')]//li\")"}, {"name": "timeout", "value": "10"}], "start": 1767078996603, "stop": 1767079007124}], "parameters": [{"name": "order_number", "value": "'338899'"}], "start": 1767078986085, "stop": 1767079007124}], "start": 1767078617888, "stop": 1767079016136}, {"name": "Проверяем, что номер заказа появился в разделе 'В работе'", "status": "failed", "statusDetails": {"message": "AssertionError: Заказ 338899 (номер: 338899) не появился в разделе 'В работе' после 15 попыток. Найдены заказы в разделе: []\nassert False\n", "trace": "  File \"C:\\Users\\vikharev-d\\work\\Task_3\\tests\\test_order_feed.py\", line 240, in test_order_in_progress\n    assert found, \\\n"}, "steps": [{"name": "Получить список заказов в работе", "status": "passed", "steps": [{"name": "Проверить видимость элемента", "status": "passed", "parameters": [{"name": "locator", "value": "('xpath', \"//div[contains(@class, 'OrderFeed_orderListReady__')]\")"}, {"name": "timeout", "value": "5"}], "start": 1767079016136, "stop": 1767079026658}], "start": 1767079016136, "stop": 1767079026658}], "start": 1767079016136, "stop": 1767079026658}], "attachments": [{"name": "screenshot", "source": "c1983cf4-d32a-4892-a40e-e22ccfe9afe5-attachment.png", "type": "image/png"}], "parameters": [{"name": "driver", "value": "'firefox'"}], "start": 1767078575277, "stop": 1767079026659, "uuid": "e1a03ad1-7b66-4c2b-87a2-9a2e461d3fa0", "historyId": "d7813d62616f581ec2147020c2d91fbb", "testCaseId": "db22de7e6445bc8b783ef3182ac18fe0", "fullName": "tests.test_order_feed.TestOrderFeed#test_order_in_progress", "labels": [{"name": "feature", "value": "Лента заказов"}, {"name": "story", "value": "Функциональность ленты заказов"}, {"name": "parentSuite", "value": "tests"}, {"name": "suite", "value": "test_order_feed"}, {"name": "subSuite", "value": "TestOrderFeed"}, {"name": "host", "value": "plr-001004476"}, {"name": "thread", "value": "18616-MainThread"}, {"name": "framework", "value": "pytest"}, {"name": "language", "value": "cpython3"}, {"name": "package", "value": "tests.test_order_feed"}]}