{"name": "Оформление заказа залогиненным пользователем", "status": "broken", "statusDetails": {"message": "Exception: Пользователь не авторизован. Кнопка 'Оформить заказ' не найдена.", "trace": "tests\\test_constructor.py:193: in test_create_order\n    main_page.click_order_button()\npages\\main_page.py:209: in click_order_button\n    raise Exception(\"Пользователь не авторизован. Кнопка 'Оформить заказ' не найдена.\")\nE   Exception: Пользователь не авторизован. Кнопка 'Оформить заказ' не найдена."}, "description": "Проверяет оформление заказа залогиненным пользователем", "steps": [{"name": "Добавляем ингредиенты в конструктор", "status": "passed", "steps": [{"name": "Перетащить ингредиент в конструктор", "status": "passed", "steps": [{"name": "Найти видимый элемент", "status": "passed", "parameters": [{"name": "locator", "value": "('xpath', \"//a[contains(@class, 'BurgerIngredient_ingredient')]//p[text()='Флюоресцентная булка R2-D3']/parent::a\")"}, {"name": "timeout", "value": "10"}], "start": 1767004906818, "stop": 1767004906856}, {"name": "Найти видимый элемент", "status": "passed", "parameters": [{"name": "locator", "value": "('xpath', \"//ul[contains(@class, 'BurgerConstructor_basket__list__l9dp_')]\")"}, {"name": "timeout", "value": "10"}], "start": 1767004906856, "stop": 1767004906897}, {"name": "Перетащить элемент", "status": "passed", "parameters": [{"name": "source", "value": "<selenium.webdriver.remote.webelement.WebElement (session=\"266c4286-e23e-447f-9814-273f12c1d99f\", element=\"6f96d0ba-286f-4f83-a992-94a23b51bbba\")>"}, {"name": "target", "value": "<selenium.webdriver.remote.webelement.WebElement (session=\"266c4286-e23e-447f-9814-273f12c1d99f\", element=\"b3ad5039-7fc9-4fa6-afde-393ccfcb084f\")>"}], "start": 1767004906901, "stop": 1767004906912}], "parameters": [{"name": "ingredient_locator", "value": "('xpath', \"//a[contains(@class, 'BurgerIngredient_ingredient')]//p[text()='Флюоресцентная булка R2-D3']/parent::a\")"}], "start": 1767004906818, "stop": 1767004906912}], "start": 1767004906818, "stop": 1767004907925}, {"name": "Кликаем по кнопке 'Оформить заказ'", "status": "broken", "statusDetails": {"message": "Exception: Пользователь не авторизован. Кнопка 'Оформить заказ' не найдена.\n", "trace": "  File \"C:\\Users\\vikharev-d\\work\\Task_3\\tests\\test_constructor.py\", line 193, in test_create_order\n    main_page.click_order_button()\n  File \"C:\\Users\\vikharev-d\\work\\Task_3\\venv\\lib\\site-packages\\allure_commons\\_allure.py\", line 192, in impl\n    return func(*a, **kw)\n  File \"C:\\Users\\vikharev-d\\work\\Task_3\\pages\\main_page.py\", line 209, in click_order_button\n    raise Exception(\"Пользователь не авторизован. Кнопка 'Оформить заказ' не найдена.\")\n"}, "steps": [{"name": "Кликнуть по кнопке 'Оформить заказ'", "status": "broken", "statusDetails": {"message": "Exception: Пользователь не авторизован. Кнопка 'Оформить заказ' не найдена.\n", "trace": "  File \"C:\\Users\\vikharev-d\\work\\Task_3\\venv\\lib\\site-packages\\allure_commons\\_allure.py\", line 192, in impl\n    return func(*a, **kw)\n  File \"C:\\Users\\vikharev-d\\work\\Task_3\\pages\\main_page.py\", line 209, in click_order_button\n    raise Exception(\"Пользователь не авторизован. Кнопка 'Оформить заказ' не найдена.\")\n"}, "steps": [{"name": "Проверить, что пользователь авторизован", "status": "passed", "steps": [{"name": "Проверить видимость элемента", "status": "passed", "parameters": [{"name": "locator", "value": "('xpath', \"//button[contains(@class, 'button_button__33qZ0') and contains(text(), 'Оформить заказ')]\")"}, {"name": "timeout", "value": "3"}], "start": 1767004907925, "stop": 1767004918444}], "start": 1767004907925, "stop": 1767004918444}], "start": 1767004907925, "stop": 1767004918444}], "start": 1767004907925, "stop": 1767004918444}], "attachments": [{"name": "screenshot", "source": "5688612f-f868-46ce-b675-1f2a085c5c42-attachment.png", "type": "image/png"}], "parameters": [{"name": "driver", "value": "'firefox'"}], "start": 1767004906817, "stop": 1767004918444, "uuid": "cbf2507e-4838-4033-aad7-eedb534fba3c", "historyId": "620ca03644e02f7506bd2c615af8094b", "testCaseId": "08697d8feb5c30f95bcfbb211cf0c003", "fullName": "tests.test_constructor.TestConstructor#test_create_order", "labels": [{"name": "feature", "value": "Основной функционал"}, {"name": "story", "value": "Проверка основного функционала приложения"}, {"name": "parentSuite", "value": "tests"}, {"name": "suite", "value": "test_constructor"}, {"name": "subSuite", "value": "TestConstructor"}, {"name": "host", "value": "plr-001004476"}, {"name": "thread", "value": "28616-MainThread"}, {"name": "framework", "value": "pytest"}, {"name": "language", "value": "cpython3"}, {"name": "package", "value": "tests.test_constructor"}]}