{"name": "Оформление заказа залогиненным пользователем", "status": "failed", "statusDetails": {"message": "AssertionError: Пользователь не авторизован. Кнопка 'Оформить заказ' не найдена.\nassert False\n +  where False = <bound method MainPage.is_user_logged_in of <pages.main_page.MainPage object at 0x000002117825D660>>()\n +    where <bound method MainPage.is_user_logged_in of <pages.main_page.MainPage object at 0x000002117825D660>> = <pages.main_page.MainPage object at 0x000002117825D660>.is_user_logged_in", "trace": "tests\\test_constructor.py:210: in test_create_order\n    assert main_page.is_user_logged_in(), \\\nE   AssertionError: Пользователь не авторизован. Кнопка 'Оформить заказ' не найдена.\nE   assert False\nE    +  where False = <bound method MainPage.is_user_logged_in of <pages.main_page.MainPage object at 0x000002117825D660>>()\nE    +    where <bound method MainPage.is_user_logged_in of <pages.main_page.MainPage object at 0x000002117825D660>> = <pages.main_page.MainPage object at 0x000002117825D660>.is_user_logged_in"}, "description": "Проверяет оформление заказа залогиненным пользователем", "steps": [{"name": "Загрузка сайта, проверка что сайт загружен", "status": "passed", "steps": [{"name": "Открыть страницу", "status": "passed", "start": 1767005593498, "stop": 1767005594830}, {"name": "Ожидать загрузки главной страницы", "status": "passed", "steps": [{"name": "Ожидать исчезновения элемента", "status": "passed", "parameters": [{"name": "locator", "value": "('xpath', \"//div[contains(@class, 'Modal_modal_overlay')]\")"}, {"name": "timeout", "value": "5"}], "start": 1767005594830, "stop": 1767005594848}], "start": 1767005594830, "stop": 1767005594848}], "start": 1767005593498, "stop": 1767005594848}, {"name": "Авторизуемся (используем данные из фикстуры registered_user)", "status": "passed", "steps": [{"name": "Открыть страницу", "status": "passed", "start": 1767005594848, "stop": 1767005595142}, {"name": "Выполнить вход", "status": "passed", "steps": [{"name": "Ввести email", "status": "passed", "steps": [{"name": "Ввести текст в поле", "status": "passed", "steps": [{"name": "Найти видимый элемент", "status": "passed", "parameters": [{"name": "locator", "value": "('xpath', \"//input[@name='name' and @type='text']\")"}, {"name": "timeout", "value": "10"}], "start": 1767005595142, "stop": 1767005595179}], "parameters": [{"name": "locator", "value": "('xpath', \"//input[@name='name' and @type='text']\")"}, {"name": "text", "value": "'test_92308@example.com'"}], "start": 1767005595142, "stop": 1767005595217}], "parameters": [{"name": "email", "value": "'test_92308@example.com'"}], "start": 1767005595142, "stop": 1767005595217}, {"name": "Ввести пароль", "status": "passed", "steps": [{"name": "Ввести текст в поле", "status": "passed", "steps": [{"name": "Найти видимый элемент", "status": "passed", "parameters": [{"name": "locator", "value": "('xpath', \"//input[@name='Пароль' and @type='password']\")"}, {"name": "timeout", "value": "10"}], "start": 1767005595217, "stop": 1767005595252}], "parameters": [{"name": "locator", "value": "('xpath', \"//input[@name='Пароль' and @type='password']\")"}, {"name": "text", "value": "'password123'"}], "start": 1767005595217, "stop": 1767005595270}], "parameters": [{"name": "password", "value": "'password123'"}], "start": 1767005595217, "stop": 1767005595270}, {"name": "Кликнуть по кнопке входа", "status": "passed", "steps": [{"name": "Кликнуть по элементу через JavaScript", "status": "passed", "steps": [{"name": "Найти видимый элемент", "status": "passed", "parameters": [{"name": "locator", "value": "('xpath', \"//button[contains(@class, 'button_button') and contains(text(), 'Войти')]\")"}, {"name": "timeout", "value": "10"}], "start": 1767005595270, "stop": 1767005595308}], "parameters": [{"name": "locator", "value": "('xpath', \"//button[contains(@class, 'button_button') and contains(text(), 'Войти')]\")"}], "start": 1767005595270, "stop": 1767005595317}], "start": 1767005595270, "stop": 1767005595317}, {"name": "Проверить, что URL содержит часть", "status": "passed", "parameters": [{"name": "url_part", "value": "'https://stellarburgers.education-services.ru'"}, {"name": "timeout", "value": "8"}], "start": 1767005597326, "stop": 1767005597328}], "parameters": [{"name": "email", "value": "'test_92308@example.com'"}, {"name": "password", "value": "'password123'"}], "start": 1767005595142, "stop": 1767005597328}, {"name": "Открыть страницу", "status": "passed", "start": 1767005599335, "stop": 1767005599598}, {"name": "Ожидать загрузки главной страницы", "status": "passed", "steps": [{"name": "Ожидать исчезновения элемента", "status": "passed", "parameters": [{"name": "locator", "value": "('xpath', \"//div[contains(@class, 'Modal_modal_overlay')]\")"}, {"name": "timeout", "value": "5"}], "start": 1767005599598, "stop": 1767005599619}], "start": 1767005599598, "stop": 1767005599619}], "start": 1767005594848, "stop": 1767005599619}, {"name": "Переходим в конструктор, проверяем что находимся в конструкторе и мы авторизованы (находим заголовок 'Соберите бургер' и в области конструктора есть кнопка 'Оформить заказ')", "status": "failed", "statusDetails": {"message": "AssertionError: Пользователь не авторизован. Кнопка 'Оформить заказ' не найдена.\nassert False\n +  where False = <bound method MainPage.is_user_logged_in of <pages.main_page.MainPage object at 0x000002117825D660>>()\n +    where <bound method MainPage.is_user_logged_in of <pages.main_page.MainPage object at 0x000002117825D660>> = <pages.main_page.MainPage object at 0x000002117825D660>.is_user_logged_in\n", "trace": "  File \"C:\\Users\\vikharev-d\\work\\Task_3\\tests\\test_constructor.py\", line 210, in test_create_order\n    assert main_page.is_user_logged_in(), \\\n"}, "steps": [{"name": "Кликнуть по кнопке 'Конструктор'", "status": "passed", "steps": [{"name": "Ожидать загрузки главной страницы", "status": "passed", "steps": [{"name": "Ожидать исчезновения элемента", "status": "passed", "parameters": [{"name": "locator", "value": "('xpath', \"//div[contains(@class, 'Modal_modal_overlay')]\")"}, {"name": "timeout", "value": "5"}], "start": 1767005599619, "stop": 1767005599634}], "start": 1767005599619, "stop": 1767005599634}, {"name": "Кликнуть по элементу через JavaScript", "status": "passed", "steps": [{"name": "Найти видимый элемент", "status": "passed", "parameters": [{"name": "locator", "value": "('xpath', \"//a[contains(@class, 'AppHeader_header__link') and (@href='/' or @href='https://stellarburgers.education-services.ru/')]\")"}, {"name": "timeout", "value": "10"}], "start": 1767005599634, "stop": 1767005599673}], "parameters": [{"name": "locator", "value": "('xpath', \"//a[contains(@class, 'AppHeader_header__link') and (@href='/' or @href='https://stellarburgers.education-services.ru/')]\")"}], "start": 1767005599634, "stop": 1767005599679}], "start": 1767005599619, "stop": 1767005599679}, {"name": "Проверить видимость конструктора", "status": "passed", "steps": [{"name": "Проверить видимость элемента", "status": "passed", "parameters": [{"name": "locator", "value": "('xpath', \"//h1[contains(text(), 'Соберите бургер')]\")"}, {"name": "timeout", "value": "5"}], "start": 1767005599679, "stop": 1767005599701}], "start": 1767005599679, "stop": 1767005599701}, {"name": "Проверить, что пользователь авторизован", "status": "passed", "steps": [{"name": "Проверить видимость элемента", "status": "passed", "parameters": [{"name": "locator", "value": "('xpath', \"//button[contains(@class, 'button_button__33qZ0') and contains(text(), 'Оформить заказ')]\")"}, {"name": "timeout", "value": "3"}], "start": 1767005599701, "stop": 1767005610225}], "start": 1767005599701, "stop": 1767005610225}], "start": 1767005599619, "stop": 1767005610225}], "attachments": [{"name": "screenshot", "source": "9091b5b2-65c1-4ce7-8bdc-e89105522569-attachment.png", "type": "image/png"}], "parameters": [{"name": "driver", "value": "'firefox'"}], "start": 1767005593498, "stop": 1767005610225, "uuid": "60917d2f-7ec8-4b4c-ba69-54582bc2f60d", "historyId": "620ca03644e02f7506bd2c615af8094b", "testCaseId": "08697d8feb5c30f95bcfbb211cf0c003", "fullName": "tests.test_constructor.TestConstructor#test_create_order", "labels": [{"name": "feature", "value": "Основной функционал"}, {"name": "story", "value": "Проверка основного функционала приложения"}, {"name": "parentSuite", "value": "tests"}, {"name": "suite", "value": "test_constructor"}, {"name": "subSuite", "value": "TestConstructor"}, {"name": "host", "value": "plr-001004476"}, {"name": "thread", "value": "29132-MainThread"}, {"name": "framework", "value": "pytest"}, {"name": "language", "value": "cpython3"}, {"name": "package", "value": "tests.test_constructor"}]}