{"name": "Всплывающее окно с деталями заказа", "status": "broken", "statusDetails": {"message": "selenium.common.exceptions.TimeoutException: Message: \nStacktrace:\nSymbols not available. Dumping unresolved backtrace:\n\t0x7ff69f437a35\n\t0x7ff69f437a90\n\t0x7ff69f1b16ad\n\t0x7ff69f20a13e\n\t0x7ff69f20a44c\n\t0x7ff69f25ebe7\n\t0x7ff69f25b8fb\n\t0x7ff69f1fb068\n\t0x7ff69f1fbe93\n\t0x7ff69f6f29d0\n\t0x7ff69f6ece50\n\t0x7ff69f70cc45\n\t0x7ff69f4530ce\n\t0x7ff69f45adbf\n\t0x7ff69f440c14\n\t0x7ff69f440dcf\n\t0x7ff69f426828\n\t0x7ffd8250e8d7\n\t0x7ffd8398c53c", "trace": "E   selenium.common.exceptions.TimeoutException: Message: \n    Stacktrace:\n    Symbols not available. Dumping unresolved backtrace:\n    \t0x7ff69f437a35\n    \t0x7ff69f437a90\n    \t0x7ff69f1b16ad\n    \t0x7ff69f20a13e\n    \t0x7ff69f20a44c\n    \t0x7ff69f25ebe7\n    \t0x7ff69f25b8fb\n    \t0x7ff69f1fb068\n    \t0x7ff69f1fbe93\n    \t0x7ff69f6f29d0\n    \t0x7ff69f6ece50\n    \t0x7ff69f70cc45\n    \t0x7ff69f4530ce\n    \t0x7ff69f45adbf\n    \t0x7ff69f440c14\n    \t0x7ff69f440dcf\n    \t0x7ff69f426828\n    \t0x7ffd8250e8d7\n    \t0x7ffd8398c53c"}, "description": "Проверяет открытие модального окна с деталями заказа", "steps": [{"name": "Кликаем на заказ", "status": "broken", "statusDetails": {"message": "selenium.common.exceptions.TimeoutException: Message: \nStacktrace:\nSymbols not available. Dumping unresolved backtrace:\n\t0x7ff69f437a35\n\t0x7ff69f437a90\n\t0x7ff69f1b16ad\n\t0x7ff69f20a13e\n\t0x7ff69f20a44c\n\t0x7ff69f25ebe7\n\t0x7ff69f25b8fb\n\t0x7ff69f1fb068\n\t0x7ff69f1fbe93\n\t0x7ff69f6f29d0\n\t0x7ff69f6ece50\n\t0x7ff69f70cc45\n\t0x7ff69f4530ce\n\t0x7ff69f45adbf\n\t0x7ff69f440c14\n\t0x7ff69f440dcf\n\t0x7ff69f426828\n\t0x7ffd8250e8d7\n\t0x7ffd8398c53c\n\n", "trace": "  File \"C:\\Users\\vikharev-d\\work\\Task_3\\tests\\test_order_feed.py\", line 21, in test_order_modal\n    order_feed_page.click_first_order()\n  File \"C:\\Users\\vikharev-d\\work\\Task_3\\pages\\order_feed_page.py\", line 16, in click_first_order\n    self.click(self.locators.FIRST_ORDER)\n  File \"C:\\Users\\vikharev-d\\work\\Task_3\\pages\\base_page.py\", line 35, in click\n    element = self.find_visible_element(locator)\n  File \"C:\\Users\\vikharev-d\\work\\Task_3\\pages\\base_page.py\", line 31, in find_visible_element\n    return wait.until(EC.visibility_of_element_located(locator))\n  File \"C:\\Users\\vikharev-d\\AppData\\Local\\Programs\\Python\\Python310\\lib\\site-packages\\selenium\\webdriver\\support\\wait.py\", line 101, in until\n    raise TimeoutException(message, screen, stacktrace)\n"}, "start": 1766912473999, "stop": 1766912484538}], "attachments": [{"name": "screenshot", "source": "3cc810a2-2947-4539-8bb0-bbda15cc0d97-attachment.png", "type": "image/png"}], "start": 1766912473733, "stop": 1766912484538, "uuid": "8e852bdd-2c1b-49a6-8f03-0674a094485b", "historyId": "d471773a1b212acb65506b848a5102ba", "testCaseId": "d471773a1b212acb65506b848a5102ba", "fullName": "tests.test_order_feed.TestOrderFeed#test_order_modal", "labels": [{"name": "feature", "value": "Лента заказов"}, {"name": "story", "value": "Функциональность ленты заказов"}, {"name": "parentSuite", "value": "tests"}, {"name": "suite", "value": "test_order_feed"}, {"name": "subSuite", "value": "TestOrderFeed"}, {"name": "host", "value": "plr-001004476"}, {"name": "thread", "value": "27296-MainThread"}, {"name": "framework", "value": "pytest"}, {"name": "language", "value": "cpython3"}, {"name": "package", "value": "tests.test_order_feed"}]}