{"name": "Всплывающее окно с деталями ингредиента", "status": "broken", "statusDetails": {"message": "selenium.common.exceptions.TimeoutException: Message:", "trace": "self = <tests.test_constructor.TestConstructor object at 0x0000027664F77D30>\ndriver = <selenium.webdriver.chrome.webdriver.WebDriver (session=\"311b8828c9c4c53b1589432cdda40473\")>\nlogged_in_user = {'api_client': <utils.api_client.ApiClient object at 0x000002766501BA60>, 'driver': <selenium.webdriver.chrome.webdriv..., 'user': {'access_token': None, 'email': 'test_43957@example.com', 'name': 'TestUser5076', 'password': 'password123'}}\n\n    @allure.title(\"Всплывающее окно с деталями ингредиента\")\n    def test_ingredient_modal(self, driver, logged_in_user):\n        \"\"\"Проверяет открытие модального окна с деталями ингредиента\"\"\"\n        main_page = logged_in_user[\"main_page\"]\n    \n        with allure.step(\"Кликаем на ингредиент\"):\n>           main_page.click_first_bun_ingredient()\n\ntests\\test_constructor.py:45: \n_ _ _ _ _ _ _ _ _ _ _ _ _ _ _ _ _ _ _ _ _ _ _ _ _ _ _ _ _ _ _ _ _ _ _ _ _ _ _ _\n\nself = <pages.main_page.MainPage object at 0x0000027665018E20>\n\n    def click_first_bun_ingredient(self):\n        \"\"\"Кликает по первому ингредиенту из булок\"\"\"\n        import time\n        time.sleep(3)  # Ждем загрузки страницы\n        # Ищем ингредиенты напрямую\n>       ingredients = self.find_elements((By.XPATH, \"//a[contains(@class, 'BurgerIngredient_ingredient')]\"), timeout=15)\n\npages\\main_page.py:30: \n_ _ _ _ _ _ _ _ _ _ _ _ _ _ _ _ _ _ _ _ _ _ _ _ _ _ _ _ _ _ _ _ _ _ _ _ _ _ _ _\n\nself = <pages.main_page.MainPage object at 0x0000027665018E20>\nlocator = ('xpath', \"//a[contains(@class, 'BurgerIngredient_ingredient')]\")\ntimeout = 15\n\n    def find_elements(self, locator, timeout=10):\n        \"\"\"Находит все элементы с ожиданием\"\"\"\n        wait = WebDriverWait(self.driver, timeout)\n>       return wait.until(EC.presence_of_all_elements_located(locator))\n\npages\\base_page.py:26: \n_ _ _ _ _ _ _ _ _ _ _ _ _ _ _ _ _ _ _ _ _ _ _ _ _ _ _ _ _ _ _ _ _ _ _ _ _ _ _ _\n\nself = <selenium.webdriver.support.wait.WebDriverWait (session=\"311b8828c9c4c53b1589432cdda40473\")>\nmethod = <function presence_of_all_elements_located.<locals>._predicate at 0x0000027664FBBBE0>\nmessage = ''\n\n    def until(self, method: Callable[[WebDriver], Union[Literal[False], T]], message: str = \"\") -> T:\n        \"\"\"Calls the method provided with the driver as an argument until the \\\n        return value does not evaluate to ``False``.\n    \n        :param method: callable(WebDriver)\n        :param message: optional message for :exc:`TimeoutException`\n        :returns: the result of the last call to `method`\n        :raises: :exc:`selenium.common.exceptions.TimeoutException` if timeout occurs\n        \"\"\"\n        screen = None\n        stacktrace = None\n    \n        end_time = time.monotonic() + self._timeout\n        while True:\n            try:\n                value = method(self._driver)\n                if value:\n                    return value\n            except self._ignored_exceptions as exc:\n                screen = getattr(exc, \"screen\", None)\n                stacktrace = getattr(exc, \"stacktrace\", None)\n            time.sleep(self._poll)\n            if time.monotonic() > end_time:\n                break\n>       raise TimeoutException(message, screen, stacktrace)\nE       selenium.common.exceptions.TimeoutException: Message:\n\n..\\..\\AppData\\Local\\Programs\\Python\\Python310\\lib\\site-packages\\selenium\\webdriver\\support\\wait.py:101: TimeoutException"}, "description": "Проверяет открытие модального окна с деталями ингредиента", "steps": [{"name": "Кликаем на ингредиент", "status": "broken", "statusDetails": {"message": "selenium.common.exceptions.TimeoutException: Message: \n\n", "trace": "  File \"C:\\Users\\vikharev-d\\work\\Task_3\\tests\\test_constructor.py\", line 45, in test_ingredient_modal\n    main_page.click_first_bun_ingredient()\n  File \"C:\\Users\\vikharev-d\\work\\Task_3\\pages\\main_page.py\", line 30, in click_first_bun_ingredient\n    ingredients = self.find_elements((By.XPATH, \"//a[contains(@class, 'BurgerIngredient_ingredient')]\"), timeout=15)\n  File \"C:\\Users\\vikharev-d\\work\\Task_3\\pages\\base_page.py\", line 26, in find_elements\n    return wait.until(EC.presence_of_all_elements_located(locator))\n  File \"C:\\Users\\vikharev-d\\AppData\\Local\\Programs\\Python\\Python310\\lib\\site-packages\\selenium\\webdriver\\support\\wait.py\", line 101, in until\n    raise TimeoutException(message, screen, stacktrace)\n"}, "start": 1766914859312, "stop": 1766914883384}], "attachments": [{"name": "screenshot", "source": "4e3cdc46-8e3a-45d6-9a58-f2c847ffdf1f-attachment.png", "type": "image/png"}], "start": 1766914859312, "stop": 1766914883385, "uuid": "024aad2b-57ab-4b7f-a9ca-668b0f99a144", "historyId": "d615fcda3f5266a5e3a773476d48d4a3", "testCaseId": "d615fcda3f5266a5e3a773476d48d4a3", "fullName": "tests.test_constructor.TestConstructor#test_ingredient_modal", "labels": [{"name": "story", "value": "Проверка основного функционала приложения"}, {"name": "feature", "value": "Основной функционал"}, {"name": "parentSuite", "value": "tests"}, {"name": "suite", "value": "test_constructor"}, {"name": "subSuite", "value": "TestConstructor"}, {"name": "host", "value": "plr-001004476"}, {"name": "thread", "value": "27336-MainThread"}, {"name": "framework", "value": "pytest"}, {"name": "language", "value": "cpython3"}, {"name": "package", "value": "tests.test_constructor"}]}