{"name": "Оформление заказа залогиненным пользователем", "status": "broken", "statusDetails": {"message": "selenium.common.exceptions.TimeoutException: Message: \nStacktrace:\nSymbols not available. Dumping unresolved backtrace:\n\t0x7ff681567a35\n\t0x7ff681567a90\n\t0x7ff6812e16ad\n\t0x7ff68133a13e\n\t0x7ff68133a44c\n\t0x7ff68138ebe7\n\t0x7ff68138b8fb\n\t0x7ff68132b068\n\t0x7ff68132be93\n\t0x7ff6818229d0\n\t0x7ff68181ce50\n\t0x7ff68183cc45\n\t0x7ff6815830ce\n\t0x7ff68158adbf\n\t0x7ff681570c14\n\t0x7ff681570dcf\n\t0x7ff681556828\n\t0x7fffe82ce8d7\n\t0x7fffea58c53c", "trace": "tests\\test_constructor.py:99: in test_create_order\n    main_page.click_order_button()\npages\\main_page.py:180: in click_order_button\n    self.click_by_js(self.locators.ORDER_BUTTON)\npages\\base_page.py:100: in click_by_js\n    element = self.find_visible_element(locator)\npages\\base_page.py:66: in find_visible_element\n    element = wait.until(EC.visibility_of_element_located(locator))\nvenv\\lib\\site-packages\\selenium\\webdriver\\support\\wait.py:101: in until\n    raise TimeoutException(message, screen, stacktrace)\nE   selenium.common.exceptions.TimeoutException: Message: \nE   Stacktrace:\nE   Symbols not available. Dumping unresolved backtrace:\nE   \t0x7ff681567a35\nE   \t0x7ff681567a90\nE   \t0x7ff6812e16ad\nE   \t0x7ff68133a13e\nE   \t0x7ff68133a44c\nE   \t0x7ff68138ebe7\nE   \t0x7ff68138b8fb\nE   \t0x7ff68132b068\nE   \t0x7ff68132be93\nE   \t0x7ff6818229d0\nE   \t0x7ff68181ce50\nE   \t0x7ff68183cc45\nE   \t0x7ff6815830ce\nE   \t0x7ff68158adbf\nE   \t0x7ff681570c14\nE   \t0x7ff681570dcf\nE   \t0x7ff681556828\nE   \t0x7fffe82ce8d7\nE   \t0x7fffea58c53c"}, "description": "Проверяет оформление заказа залогиненным пользователем", "steps": [{"name": "Добавляем ингредиенты в конструктор", "status": "passed", "steps": [{"name": "Перетащить ингредиент в конструктор", "status": "passed", "steps": [{"name": "Найти видимый элемент", "status": "passed", "parameters": [{"name": "locator", "value": "('xpath', \"//a[contains(@class, 'BurgerIngredient_ingredient')]//p[text()='Флюоресцентная булка R2-D3']/parent::a\")"}, {"name": "timeout", "value": "10"}], "start": 1767001507033, "stop": 1767001507071}, {"name": "Найти видимый элемент", "status": "passed", "parameters": [{"name": "locator", "value": "('xpath', \"//ul[contains(@class, 'BurgerConstructor_basket__list__l9dp_')]\")"}, {"name": "timeout", "value": "10"}], "start": 1767001507072, "stop": 1767001507121}, {"name": "Перетащить элемент", "status": "passed", "parameters": [{"name": "source", "value": "<selenium.webdriver.remote.webelement.WebElement (session=\"23986c59a5dd4fd7126e131b15c5156e\", element=\"f.B233477100AC3DEAA89A2F37EE81018D.d.520EACE50A654019F7D51E7DF42A2F14.e.37\")>"}, {"name": "target", "value": "<selenium.webdriver.remote.webelement.WebElement (session=\"23986c59a5dd4fd7126e131b15c5156e\", element=\"f.B233477100AC3DEAA89A2F37EE81018D.d.520EACE50A654019F7D51E7DF42A2F14.e.38\")>"}], "start": 1767001507128, "stop": 1767001507138}], "parameters": [{"name": "ingredient_locator", "value": "('xpath', \"//a[contains(@class, 'BurgerIngredient_ingredient')]//p[text()='Флюоресцентная булка R2-D3']/parent::a\")"}], "start": 1767001507032, "stop": 1767001507138}], "start": 1767001507032, "stop": 1767001508152}, {"name": "Кликаем по кнопке 'Оформить заказ'", "status": "broken", "statusDetails": {"message": "selenium.common.exceptions.TimeoutException: Message: \nStacktrace:\nSymbols not available. Dumping unresolved backtrace:\n\t0x7ff681567a35\n\t0x7ff681567a90\n\t0x7ff6812e16ad\n\t0x7ff68133a13e\n\t0x7ff68133a44c\n\t0x7ff68138ebe7\n\t0x7ff68138b8fb\n\t0x7ff68132b068\n\t0x7ff68132be93\n\t0x7ff6818229d0\n\t0x7ff68181ce50\n\t0x7ff68183cc45\n\t0x7ff6815830ce\n\t0x7ff68158adbf\n\t0x7ff681570c14\n\t0x7ff681570dcf\n\t0x7ff681556828\n\t0x7fffe82ce8d7\n\t0x7fffea58c53c\n\n", "trace": "  File \"C:\\Users\\vikharev-d\\work\\Task_3\\tests\\test_constructor.py\", line 99, in test_create_order\n    main_page.click_order_button()\n  File \"C:\\Users\\vikharev-d\\work\\Task_3\\venv\\lib\\site-packages\\allure_commons\\_allure.py\", line 192, in impl\n    return func(*a, **kw)\n  File \"C:\\Users\\vikharev-d\\work\\Task_3\\pages\\main_page.py\", line 180, in click_order_button\n    self.click_by_js(self.locators.ORDER_BUTTON)\n  File \"C:\\Users\\vikharev-d\\work\\Task_3\\venv\\lib\\site-packages\\allure_commons\\_allure.py\", line 192, in impl\n    return func(*a, **kw)\n  File \"C:\\Users\\vikharev-d\\work\\Task_3\\pages\\base_page.py\", line 100, in click_by_js\n    element = self.find_visible_element(locator)\n  File \"C:\\Users\\vikharev-d\\work\\Task_3\\venv\\lib\\site-packages\\allure_commons\\_allure.py\", line 192, in impl\n    return func(*a, **kw)\n  File \"C:\\Users\\vikharev-d\\work\\Task_3\\pages\\base_page.py\", line 66, in find_visible_element\n    element = wait.until(EC.visibility_of_element_located(locator))\n  File \"C:\\Users\\vikharev-d\\work\\Task_3\\venv\\lib\\site-packages\\selenium\\webdriver\\support\\wait.py\", line 101, in until\n    raise TimeoutException(message, screen, stacktrace)\n"}, "steps": [{"name": "Кликнуть по кнопке 'Оформить заказ'", "status": "broken", "statusDetails": {"message": "selenium.common.exceptions.TimeoutException: Message: \nStacktrace:\nSymbols not available. Dumping unresolved backtrace:\n\t0x7ff681567a35\n\t0x7ff681567a90\n\t0x7ff6812e16ad\n\t0x7ff68133a13e\n\t0x7ff68133a44c\n\t0x7ff68138ebe7\n\t0x7ff68138b8fb\n\t0x7ff68132b068\n\t0x7ff68132be93\n\t0x7ff6818229d0\n\t0x7ff68181ce50\n\t0x7ff68183cc45\n\t0x7ff6815830ce\n\t0x7ff68158adbf\n\t0x7ff681570c14\n\t0x7ff681570dcf\n\t0x7ff681556828\n\t0x7fffe82ce8d7\n\t0x7fffea58c53c\n\n", "trace": "  File \"C:\\Users\\vikharev-d\\work\\Task_3\\venv\\lib\\site-packages\\allure_commons\\_allure.py\", line 192, in impl\n    return func(*a, **kw)\n  File \"C:\\Users\\vikharev-d\\work\\Task_3\\pages\\main_page.py\", line 180, in click_order_button\n    self.click_by_js(self.locators.ORDER_BUTTON)\n  File \"C:\\Users\\vikharev-d\\work\\Task_3\\venv\\lib\\site-packages\\allure_commons\\_allure.py\", line 192, in impl\n    return func(*a, **kw)\n  File \"C:\\Users\\vikharev-d\\work\\Task_3\\pages\\base_page.py\", line 100, in click_by_js\n    element = self.find_visible_element(locator)\n  File \"C:\\Users\\vikharev-d\\work\\Task_3\\venv\\lib\\site-packages\\allure_commons\\_allure.py\", line 192, in impl\n    return func(*a, **kw)\n  File \"C:\\Users\\vikharev-d\\work\\Task_3\\pages\\base_page.py\", line 66, in find_visible_element\n    element = wait.until(EC.visibility_of_element_located(locator))\n  File \"C:\\Users\\vikharev-d\\work\\Task_3\\venv\\lib\\site-packages\\selenium\\webdriver\\support\\wait.py\", line 101, in until\n    raise TimeoutException(message, screen, stacktrace)\n"}, "steps": [{"name": "Кликнуть по элементу через JavaScript", "status": "broken", "statusDetails": {"message": "selenium.common.exceptions.TimeoutException: Message: \nStacktrace:\nSymbols not available. Dumping unresolved backtrace:\n\t0x7ff681567a35\n\t0x7ff681567a90\n\t0x7ff6812e16ad\n\t0x7ff68133a13e\n\t0x7ff68133a44c\n\t0x7ff68138ebe7\n\t0x7ff68138b8fb\n\t0x7ff68132b068\n\t0x7ff68132be93\n\t0x7ff6818229d0\n\t0x7ff68181ce50\n\t0x7ff68183cc45\n\t0x7ff6815830ce\n\t0x7ff68158adbf\n\t0x7ff681570c14\n\t0x7ff681570dcf\n\t0x7ff681556828\n\t0x7fffe82ce8d7\n\t0x7fffea58c53c\n\n", "trace": "  File \"C:\\Users\\vikharev-d\\work\\Task_3\\venv\\lib\\site-packages\\allure_commons\\_allure.py\", line 192, in impl\n    return func(*a, **kw)\n  File \"C:\\Users\\vikharev-d\\work\\Task_3\\pages\\base_page.py\", line 100, in click_by_js\n    element = self.find_visible_element(locator)\n  File \"C:\\Users\\vikharev-d\\work\\Task_3\\venv\\lib\\site-packages\\allure_commons\\_allure.py\", line 192, in impl\n    return func(*a, **kw)\n  File \"C:\\Users\\vikharev-d\\work\\Task_3\\pages\\base_page.py\", line 66, in find_visible_element\n    element = wait.until(EC.visibility_of_element_located(locator))\n  File \"C:\\Users\\vikharev-d\\work\\Task_3\\venv\\lib\\site-packages\\selenium\\webdriver\\support\\wait.py\", line 101, in until\n    raise TimeoutException(message, screen, stacktrace)\n"}, "steps": [{"name": "Найти видимый элемент", "status": "broken", "statusDetails": {"message": "selenium.common.exceptions.TimeoutException: Message: \nStacktrace:\nSymbols not available. Dumping unresolved backtrace:\n\t0x7ff681567a35\n\t0x7ff681567a90\n\t0x7ff6812e16ad\n\t0x7ff68133a13e\n\t0x7ff68133a44c\n\t0x7ff68138ebe7\n\t0x7ff68138b8fb\n\t0x7ff68132b068\n\t0x7ff68132be93\n\t0x7ff6818229d0\n\t0x7ff68181ce50\n\t0x7ff68183cc45\n\t0x7ff6815830ce\n\t0x7ff68158adbf\n\t0x7ff681570c14\n\t0x7ff681570dcf\n\t0x7ff681556828\n\t0x7fffe82ce8d7\n\t0x7fffea58c53c\n\n", "trace": "  File \"C:\\Users\\vikharev-d\\work\\Task_3\\venv\\lib\\site-packages\\allure_commons\\_allure.py\", line 192, in impl\n    return func(*a, **kw)\n  File \"C:\\Users\\vikharev-d\\work\\Task_3\\pages\\base_page.py\", line 66, in find_visible_element\n    element = wait.until(EC.visibility_of_element_located(locator))\n  File \"C:\\Users\\vikharev-d\\work\\Task_3\\venv\\lib\\site-packages\\selenium\\webdriver\\support\\wait.py\", line 101, in until\n    raise TimeoutException(message, screen, stacktrace)\n"}, "parameters": [{"name": "locator", "value": "('xpath', \"//button[contains(@class, 'button_button__33qZ0') and contains(text(), 'Оформить заказ')]\")"}, {"name": "timeout", "value": "10"}], "start": 1767001508152, "stop": 1767001518807}], "parameters": [{"name": "locator", "value": "('xpath', \"//button[contains(@class, 'button_button__33qZ0') and contains(text(), 'Оформить заказ')]\")"}], "start": 1767001508152, "stop": 1767001518808}], "start": 1767001508152, "stop": 1767001518808}], "start": 1767001508152, "stop": 1767001518809}], "attachments": [{"name": "screenshot", "source": "b2b4d3ae-a9b4-4175-a996-dfe74c47e55e-attachment.png", "type": "image/png"}], "parameters": [{"name": "driver", "value": "'chrome'"}], "start": 1767001507032, "stop": 1767001518809, "uuid": "d89cfb81-ed57-447d-a579-e13afc49db21", "historyId": "ce482e565c0f91204c0af966a9b26300", "testCaseId": "08697d8feb5c30f95bcfbb211cf0c003", "fullName": "tests.test_constructor.TestConstructor#test_create_order", "labels": [{"name": "story", "value": "Проверка основного функционала приложения"}, {"name": "feature", "value": "Основной функционал"}, {"name": "parentSuite", "value": "tests"}, {"name": "suite", "value": "test_constructor"}, {"name": "subSuite", "value": "TestConstructor"}, {"name": "host", "value": "plr-001004476"}, {"name": "thread", "value": "28856-MainThread"}, {"name": "framework", "value": "pytest"}, {"name": "language", "value": "cpython3"}, {"name": "package", "value": "tests.test_constructor"}]}