{"name": "Номер заказа появляется в разделе 'В работе'", "status": "broken", "statusDetails": {"message": "selenium.common.exceptions.TimeoutException: Message: \nStacktrace:\nSymbols not available. Dumping unresolved backtrace:\n\t0x7ff69f437a35\n\t0x7ff69f437a90\n\t0x7ff69f1b16ad\n\t0x7ff69f20a13e\n\t0x7ff69f20a44c\n\t0x7ff69f25ebe7\n\t0x7ff69f25b8fb\n\t0x7ff69f1fb068\n\t0x7ff69f1fbe93\n\t0x7ff69f6f29d0\n\t0x7ff69f6ece50\n\t0x7ff69f70cc45\n\t0x7ff69f4530ce\n\t0x7ff69f45adbf\n\t0x7ff69f440c14\n\t0x7ff69f440dcf\n\t0x7ff69f426828\n\t0x7ffd8250e8d7\n\t0x7ffd8398c53c", "trace": "self = <tests.test_order_feed.TestOrderFeed object at 0x0000027664FCDAB0>\ndriver = <selenium.webdriver.chrome.webdriver.WebDriver (session=\"9702b45f60f6b3d6a416fca876d02424\")>\nlogged_in_user = {'api_client': <utils.api_client.ApiClient object at 0x000002766512BA30>, 'driver': <selenium.webdriver.chrome.webdriv..., 'user': {'access_token': None, 'email': 'test_42323@example.com', 'name': 'TestUser1527', 'password': 'password123'}}\n\n    @allure.title(\"Номер заказа появляется в разделе 'В работе'\")\n    def test_order_in_progress(self, driver, logged_in_user):\n        \"\"\"Проверяет, что номер заказа появляется в разделе 'В работе' после оформления\"\"\"\n        main_page = logged_in_user[\"main_page\"]\n    \n        # Добавляем ингредиенты и оформляем заказ\n        with allure.step(\"Добавляем ингредиенты в конструктор\"):\n>           main_page.drag_ingredient_to_constructor(main_page.locators.FIRST_BUN_INGREDIENT)\n\ntests\\test_order_feed.py:128: \n_ _ _ _ _ _ _ _ _ _ _ _ _ _ _ _ _ _ _ _ _ _ _ _ _ _ _ _ _ _ _ _ _ _ _ _ _ _ _ _\n\nself = <pages.main_page.MainPage object at 0x00000276650B0520>\ningredient_locator = ('xpath', \"(//a[contains(@class, 'BurgerIngredient_ingredient')])[1]\")\n\n    def drag_ingredient_to_constructor(self, ingredient_locator):\n        \"\"\"Перетаскивает ингредиент в конструктор\"\"\"\n        from selenium.webdriver.common.action_chains import ActionChains\n    \n>       ingredient = self.find_visible_element(ingredient_locator)\n\npages\\main_page.py:62: \n_ _ _ _ _ _ _ _ _ _ _ _ _ _ _ _ _ _ _ _ _ _ _ _ _ _ _ _ _ _ _ _ _ _ _ _ _ _ _ _\n\nself = <pages.main_page.MainPage object at 0x00000276650B0520>\nlocator = ('xpath', \"(//a[contains(@class, 'BurgerIngredient_ingredient')])[1]\")\ntimeout = 10\n\n    def find_visible_element(self, locator, timeout=10):\n        \"\"\"Находит видимый элемент\"\"\"\n        wait = WebDriverWait(self.driver, timeout)\n>       return wait.until(EC.visibility_of_element_located(locator))\n\npages\\base_page.py:31: \n_ _ _ _ _ _ _ _ _ _ _ _ _ _ _ _ _ _ _ _ _ _ _ _ _ _ _ _ _ _ _ _ _ _ _ _ _ _ _ _\n\nself = <selenium.webdriver.support.wait.WebDriverWait (session=\"9702b45f60f6b3d6a416fca876d02424\")>\nmethod = <function visibility_of_element_located.<locals>._predicate at 0x0000027665092C20>\nmessage = ''\n\n    def until(self, method: Callable[[WebDriver], Union[Literal[False], T]], message: str = \"\") -> T:\n        \"\"\"Calls the method provided with the driver as an argument until the \\\n        return value does not evaluate to ``False``.\n    \n        :param method: callable(WebDriver)\n        :param message: optional message for :exc:`TimeoutException`\n        :returns: the result of the last call to `method`\n        :raises: :exc:`selenium.common.exceptions.TimeoutException` if timeout occurs\n        \"\"\"\n        screen = None\n        stacktrace = None\n    \n        end_time = time.monotonic() + self._timeout\n        while True:\n            try:\n                value = method(self._driver)\n                if value:\n                    return value\n            except self._ignored_exceptions as exc:\n                screen = getattr(exc, \"screen\", None)\n                stacktrace = getattr(exc, \"stacktrace\", None)\n            time.sleep(self._poll)\n            if time.monotonic() > end_time:\n                break\n>       raise TimeoutException(message, screen, stacktrace)\nE       selenium.common.exceptions.TimeoutException: Message: \nE       Stacktrace:\nE       Symbols not available. Dumping unresolved backtrace:\nE       \t0x7ff69f437a35\nE       \t0x7ff69f437a90\nE       \t0x7ff69f1b16ad\nE       \t0x7ff69f20a13e\nE       \t0x7ff69f20a44c\nE       \t0x7ff69f25ebe7\nE       \t0x7ff69f25b8fb\nE       \t0x7ff69f1fb068\nE       \t0x7ff69f1fbe93\nE       \t0x7ff69f6f29d0\nE       \t0x7ff69f6ece50\nE       \t0x7ff69f70cc45\nE       \t0x7ff69f4530ce\nE       \t0x7ff69f45adbf\nE       \t0x7ff69f440c14\nE       \t0x7ff69f440dcf\nE       \t0x7ff69f426828\nE       \t0x7ffd8250e8d7\nE       \t0x7ffd8398c53c\n\n..\\..\\AppData\\Local\\Programs\\Python\\Python310\\lib\\site-packages\\selenium\\webdriver\\support\\wait.py:101: TimeoutException"}, "description": "Проверяет, что номер заказа появляется в разделе 'В работе' после оформления", "steps": [{"name": "Добавляем ингредиенты в конструктор", "status": "broken", "statusDetails": {"message": "selenium.common.exceptions.TimeoutException: Message: \nStacktrace:\nSymbols not available. Dumping unresolved backtrace:\n\t0x7ff69f437a35\n\t0x7ff69f437a90\n\t0x7ff69f1b16ad\n\t0x7ff69f20a13e\n\t0x7ff69f20a44c\n\t0x7ff69f25ebe7\n\t0x7ff69f25b8fb\n\t0x7ff69f1fb068\n\t0x7ff69f1fbe93\n\t0x7ff69f6f29d0\n\t0x7ff69f6ece50\n\t0x7ff69f70cc45\n\t0x7ff69f4530ce\n\t0x7ff69f45adbf\n\t0x7ff69f440c14\n\t0x7ff69f440dcf\n\t0x7ff69f426828\n\t0x7ffd8250e8d7\n\t0x7ffd8398c53c\n\n", "trace": "  File \"C:\\Users\\vikharev-d\\work\\Task_3\\tests\\test_order_feed.py\", line 128, in test_order_in_progress\n    main_page.drag_ingredient_to_constructor(main_page.locators.FIRST_BUN_INGREDIENT)\n  File \"C:\\Users\\vikharev-d\\work\\Task_3\\pages\\main_page.py\", line 62, in drag_ingredient_to_constructor\n    ingredient = self.find_visible_element(ingredient_locator)\n  File \"C:\\Users\\vikharev-d\\work\\Task_3\\pages\\base_page.py\", line 31, in find_visible_element\n    return wait.until(EC.visibility_of_element_located(locator))\n  File \"C:\\Users\\vikharev-d\\AppData\\Local\\Programs\\Python\\Python310\\lib\\site-packages\\selenium\\webdriver\\support\\wait.py\", line 101, in until\n    raise TimeoutException(message, screen, stacktrace)\n"}, "start": 1766915231560, "stop": 1766915242072}], "attachments": [{"name": "screenshot", "source": "ac1b0520-3ced-450b-b85d-2c14406bb724-attachment.png", "type": "image/png"}], "start": 1766915231560, "stop": 1766915242072, "uuid": "d28cf72f-40dd-4a4f-9a2e-a0cdff5599e9", "historyId": "db22de7e6445bc8b783ef3182ac18fe0", "testCaseId": "db22de7e6445bc8b783ef3182ac18fe0", "fullName": "tests.test_order_feed.TestOrderFeed#test_order_in_progress", "labels": [{"name": "feature", "value": "Лента заказов"}, {"name": "story", "value": "Функциональность ленты заказов"}, {"name": "parentSuite", "value": "tests"}, {"name": "suite", "value": "test_order_feed"}, {"name": "subSuite", "value": "TestOrderFeed"}, {"name": "host", "value": "plr-001004476"}, {"name": "thread", "value": "27336-MainThread"}, {"name": "framework", "value": "pytest"}, {"name": "language", "value": "cpython3"}, {"name": "package", "value": "tests.test_order_feed"}]}