{"name": "Номер заказа появляется в разделе 'В работе'", "status": "broken", "statusDetails": {"message": "selenium.common.exceptions.TimeoutException: Message: \nStacktrace:\nSymbols not available. Dumping unresolved backtrace:\n\t0x7ff7cd0e7a35\n\t0x7ff7cd0e7a90\n\t0x7ff7cce616ad\n\t0x7ff7cceba13e\n\t0x7ff7cceba44c\n\t0x7ff7ccf0ebe7\n\t0x7ff7ccf0b8fb\n\t0x7ff7cceab068\n\t0x7ff7cceabe93\n\t0x7ff7cd3a29d0\n\t0x7ff7cd39ce50\n\t0x7ff7cd3bcc45\n\t0x7ff7cd1030ce\n\t0x7ff7cd10adbf\n\t0x7ff7cd0f0c14\n\t0x7ff7cd0f0dcf\n\t0x7ff7cd0d6828\n\t0x7fffe82ce8d7\n\t0x7fffea58c53c", "trace": "tests\\test_order_feed.py:190: in test_order_in_progress\n    order_number_element = main_page.find_element(OrderFeedPageLocators.ORDER_NUMBER, timeout=Constants.TIMEOUT_ELEMENT)\npages\\base_page.py:46: in find_element\n    return wait.until(EC.presence_of_element_located(locator))\nvenv\\lib\\site-packages\\selenium\\webdriver\\support\\wait.py:101: in until\n    raise TimeoutException(message, screen, stacktrace)\nE   selenium.common.exceptions.TimeoutException: Message: \nE   Stacktrace:\nE   Symbols not available. Dumping unresolved backtrace:\nE   \t0x7ff7cd0e7a35\nE   \t0x7ff7cd0e7a90\nE   \t0x7ff7cce616ad\nE   \t0x7ff7cceba13e\nE   \t0x7ff7cceba44c\nE   \t0x7ff7ccf0ebe7\nE   \t0x7ff7ccf0b8fb\nE   \t0x7ff7cceab068\nE   \t0x7ff7cceabe93\nE   \t0x7ff7cd3a29d0\nE   \t0x7ff7cd39ce50\nE   \t0x7ff7cd3bcc45\nE   \t0x7ff7cd1030ce\nE   \t0x7ff7cd10adbf\nE   \t0x7ff7cd0f0c14\nE   \t0x7ff7cd0f0dcf\nE   \t0x7ff7cd0d6828\nE   \t0x7fffe82ce8d7\nE   \t0x7fffea58c53c"}, "description": "Проверяет, что номер заказа появляется в разделе 'В работе' после оформления", "steps": [{"name": "Добавляем ингредиенты в конструктор", "status": "passed", "steps": [{"name": "Перетащить ингредиент в конструктор", "status": "passed", "steps": [{"name": "Найти видимый элемент", "status": "passed", "parameters": [{"name": "locator", "value": "('xpath', \"//a[contains(@class, 'BurgerIngredient_ingredient')]//p[text()='Флюоресцентная булка R2-D3']/parent::a\")"}, {"name": "timeout", "value": "10"}], "start": 1767022063669, "stop": 1767022063704}, {"name": "Найти видимый элемент", "status": "passed", "parameters": [{"name": "locator", "value": "('xpath', \"//ul[contains(@class, 'BurgerConstructor_basket__list__l9dp_')]\")"}, {"name": "timeout", "value": "10"}], "start": 1767022063704, "stop": 1767022063735}, {"name": "Перетащить элемент", "status": "passed", "parameters": [{"name": "source", "value": "<selenium.webdriver.remote.webelement.WebElement (session=\"2d360374a92569d8fc4d395292e48f8d\", element=\"f.C67267092D15F78E9FC74AFFA58DA6C1.d.40B6DB4490767DB371A3320EC5F6B8A5.e.71\")>"}, {"name": "target", "value": "<selenium.webdriver.remote.webelement.WebElement (session=\"2d360374a92569d8fc4d395292e48f8d\", element=\"f.C67267092D15F78E9FC74AFFA58DA6C1.d.40B6DB4490767DB371A3320EC5F6B8A5.e.74\")>"}], "start": 1767022063741, "stop": 1767022063747}], "parameters": [{"name": "ingredient_locator", "value": "('xpath', \"//a[contains(@class, 'BurgerIngredient_ingredient')]//p[text()='Флюоресцентная булка R2-D3']/parent::a\")"}], "start": 1767022063668, "stop": 1767022063747}], "start": 1767022063668, "stop": 1767022065759}, {"name": "Оформляем заказ", "status": "passed", "steps": [{"name": "Кликнуть по кнопке 'Оформить заказ'", "status": "passed", "steps": [{"name": "Проверить, что пользователь авторизован", "status": "passed", "steps": [{"name": "Проверить видимость элемента", "status": "passed", "parameters": [{"name": "locator", "value": "('xpath', \"//button[contains(@class, 'button_button__33qZ0') and contains(text(), 'Оформить заказ')]\")"}, {"name": "timeout", "value": "3"}], "start": 1767022065759, "stop": 1767022065777}], "start": 1767022065759, "stop": 1767022065777}, {"name": "Кликнуть по элементу через JavaScript", "status": "passed", "steps": [{"name": "Найти видимый элемент", "status": "passed", "parameters": [{"name": "locator", "value": "('xpath', \"//button[contains(@class, 'button_button__33qZ0') and contains(text(), 'Оформить заказ')]\")"}, {"name": "timeout", "value": "10"}], "start": 1767022065777, "stop": 1767022065798}], "parameters": [{"name": "locator", "value": "('xpath', \"//button[contains(@class, 'button_button__33qZ0') and contains(text(), 'Оформить заказ')]\")"}], "start": 1767022065777, "stop": 1767022065803}], "start": 1767022065759, "stop": 1767022065803}], "start": 1767022065759, "stop": 1767022068809}, {"name": "Найти элемент", "status": "broken", "statusDetails": {"message": "selenium.common.exceptions.TimeoutException: Message: \nStacktrace:\nSymbols not available. Dumping unresolved backtrace:\n\t0x7ff7cd0e7a35\n\t0x7ff7cd0e7a90\n\t0x7ff7cce616ad\n\t0x7ff7cceba13e\n\t0x7ff7cceba44c\n\t0x7ff7ccf0ebe7\n\t0x7ff7ccf0b8fb\n\t0x7ff7cceab068\n\t0x7ff7cceabe93\n\t0x7ff7cd3a29d0\n\t0x7ff7cd39ce50\n\t0x7ff7cd3bcc45\n\t0x7ff7cd1030ce\n\t0x7ff7cd10adbf\n\t0x7ff7cd0f0c14\n\t0x7ff7cd0f0dcf\n\t0x7ff7cd0d6828\n\t0x7fffe82ce8d7\n\t0x7fffea58c53c\n\n", "trace": "  File \"C:\\Users\\vikharev-d\\work\\Task_3\\venv\\lib\\site-packages\\allure_commons\\_allure.py\", line 192, in impl\n    return func(*a, **kw)\n  File \"C:\\Users\\vikharev-d\\work\\Task_3\\pages\\base_page.py\", line 46, in find_element\n    return wait.until(EC.presence_of_element_located(locator))\n  File \"C:\\Users\\vikharev-d\\work\\Task_3\\venv\\lib\\site-packages\\selenium\\webdriver\\support\\wait.py\", line 101, in until\n    raise TimeoutException(message, screen, stacktrace)\n"}, "parameters": [{"name": "locator", "value": "('xpath', \"//section[2]/div[1]/div//p[contains(@class, 'text_type_digits-default')]\")"}, {"name": "timeout", "value": "10"}], "start": 1767022068809, "stop": 1767022079381}], "attachments": [{"name": "screenshot", "source": "a816718f-0d13-4d34-8474-b09e7f22c580-attachment.png", "type": "image/png"}], "parameters": [{"name": "driver", "value": "'chrome'"}], "start": 1767022063668, "stop": 1767022079382, "uuid": "03caf0b3-c159-44d0-9de4-aef70eeb3b96", "historyId": "1371006384a94e07753a70d1d0a000fa", "testCaseId": "db22de7e6445bc8b783ef3182ac18fe0", "fullName": "tests.test_order_feed.TestOrderFeed#test_order_in_progress", "labels": [{"name": "feature", "value": "Лента заказов"}, {"name": "story", "value": "Функциональность ленты заказов"}, {"name": "parentSuite", "value": "tests"}, {"name": "suite", "value": "test_order_feed"}, {"name": "subSuite", "value": "TestOrderFeed"}, {"name": "host", "value": "plr-001004476"}, {"name": "thread", "value": "26252-MainThread"}, {"name": "framework", "value": "pytest"}, {"name": "language", "value": "cpython3"}, {"name": "package", "value": "tests.test_order_feed"}]}