{"name": "Увеличение счетчика ингредиента при добавлении", "status": "failed", "statusDetails": {"message": "AssertionError: Счетчик не увеличился. Было: 0, стало: 0\nassert 0 > 0", "trace": "tests\\test_constructor.py:84: in test_ingredient_counter_increase\n    assert new_counter > initial_counter, f\"Счетчик не увеличился. Было: {initial_counter}, стало: {new_counter}\"\nE   AssertionError: Счетчик не увеличился. Было: 0, стало: 0\nE   assert 0 > 0"}, "description": "Проверяет увеличение счетчика ингредиента при добавлении в заказ", "steps": [{"name": "Получить счетчик ингредиента", "status": "passed", "steps": [{"name": "Найти элемент", "status": "passed", "parameters": [{"name": "locator", "value": "('xpath', \"//a[contains(@class, 'BurgerIngredient_ingredient')]//p[text()='Флюоресцентная булка R2-D3']/parent::a\")"}, {"name": "timeout", "value": "10"}], "start": 1767000815011, "stop": 1767000815016}], "parameters": [{"name": "ingredient_locator", "value": "('xpath', \"//a[contains(@class, 'BurgerIngredient_ingredient')]//p[text()='Флюоресцентная булка R2-D3']/parent::a\")"}], "start": 1767000815011, "stop": 1767000815025}, {"name": "Добавляем ингредиент в конструктор", "status": "passed", "steps": [{"name": "Перетащить ингредиент в конструктор", "status": "passed", "steps": [{"name": "Найти видимый элемент", "status": "passed", "parameters": [{"name": "locator", "value": "('xpath', \"//a[contains(@class, 'BurgerIngredient_ingredient')]//p[text()='Флюоресцентная булка R2-D3']/parent::a\")"}, {"name": "timeout", "value": "10"}], "start": 1767000815027, "stop": 1767000815072}, {"name": "Найти видимый элемент", "status": "passed", "parameters": [{"name": "locator", "value": "('xpath', \"//ul[contains(@class, 'BurgerConstructor_basket__list__l9dp_')]\")"}, {"name": "timeout", "value": "10"}], "start": 1767000815072, "stop": 1767000815120}], "parameters": [{"name": "ingredient_locator", "value": "('xpath', \"//a[contains(@class, 'BurgerIngredient_ingredient')]//p[text()='Флюоресцентная булка R2-D3']/parent::a\")"}], "start": 1767000815026, "stop": 1767000815642}], "start": 1767000815025, "stop": 1767000815642}, {"name": "Проверяем увеличение счетчика", "status": "failed", "statusDetails": {"message": "AssertionError: Счетчик не увеличился. Было: 0, стало: 0\nassert 0 > 0\n", "trace": "  File \"C:\\Users\\vikharev-d\\work\\Task_3\\tests\\test_constructor.py\", line 84, in test_ingredient_counter_increase\n    assert new_counter > initial_counter, f\"Счетчик не увеличился. Было: {initial_counter}, стало: {new_counter}\"\n"}, "steps": [{"name": "Получить счетчик ингредиента", "status": "passed", "steps": [{"name": "Найти элемент", "status": "passed", "parameters": [{"name": "locator", "value": "('xpath', \"//a[contains(@class, 'BurgerIngredient_ingredient')]//p[text()='Флюоресцентная булка R2-D3']/parent::a\")"}, {"name": "timeout", "value": "10"}], "start": 1767000816657, "stop": 1767000816659}], "parameters": [{"name": "ingredient_locator", "value": "('xpath', \"//a[contains(@class, 'BurgerIngredient_ingredient')]//p[text()='Флюоресцентная булка R2-D3']/parent::a\")"}], "start": 1767000816657, "stop": 1767000816666}], "start": 1767000815642, "stop": 1767000816666}], "attachments": [{"name": "screenshot", "source": "fcbf7a1e-6cbf-4163-b5df-b6a3f24c298c-attachment.png", "type": "image/png"}], "parameters": [{"name": "driver", "value": "'firefox'"}], "start": 1767000815011, "stop": 1767000816667, "uuid": "ed4eb9e2-c204-496d-9669-801ecacaeb65", "historyId": "046417ec7d65b73f96eff2f16876fd79", "testCaseId": "9c542995b5503c1530460062e9c339f5", "fullName": "tests.test_constructor.TestConstructor#test_ingredient_counter_increase", "labels": [{"name": "feature", "value": "Основной функционал"}, {"name": "story", "value": "Проверка основного функционала приложения"}, {"name": "parentSuite", "value": "tests"}, {"name": "suite", "value": "test_constructor"}, {"name": "subSuite", "value": "TestConstructor"}, {"name": "host", "value": "plr-001004476"}, {"name": "thread", "value": "31488-MainThread"}, {"name": "framework", "value": "pytest"}, {"name": "language", "value": "cpython3"}, {"name": "package", "value": "tests.test_constructor"}]}