{"name": "Всплывающее окно с деталями ингредиента", "status": "broken", "statusDetails": {"message": "selenium.common.exceptions.TimeoutException: Message: \nStacktrace:\nSymbols not available. Dumping unresolved backtrace:\n\t0x7ff69f437a35\n\t0x7ff69f437a90\n\t0x7ff69f1b16ad\n\t0x7ff69f20a13e\n\t0x7ff69f20a44c\n\t0x7ff69f25ebe7\n\t0x7ff69f25b8fb\n\t0x7ff69f1fb068\n\t0x7ff69f1fbe93\n\t0x7ff69f6f29d0\n\t0x7ff69f6ece50\n\t0x7ff69f70cc45\n\t0x7ff69f4530ce\n\t0x7ff69f45adbf\n\t0x7ff69f440c14\n\t0x7ff69f440dcf\n\t0x7ff69f426828\n\t0x7ffd8250e8d7\n\t0x7ffd8398c53c", "trace": "tests\\test_constructor.py:45: in test_ingredient_modal\n    main_page.click_first_bun_ingredient()\npages\\main_page.py:58: in click_first_bun_ingredient\n    ingredient = self.find_visible_element(self.locators.FIRST_BUN_INGREDIENT, timeout=15)\npages\\base_page.py:61: in find_visible_element\n    element = wait.until(EC.visibility_of_element_located(locator))\n..\\..\\AppData\\Local\\Programs\\Python\\Python310\\lib\\site-packages\\selenium\\webdriver\\support\\wait.py:101: in until\n    raise TimeoutException(message, screen, stacktrace)\nE   selenium.common.exceptions.TimeoutException: Message: \nE   Stacktrace:\nE   Symbols not available. Dumping unresolved backtrace:\nE   \t0x7ff69f437a35\nE   \t0x7ff69f437a90\nE   \t0x7ff69f1b16ad\nE   \t0x7ff69f20a13e\nE   \t0x7ff69f20a44c\nE   \t0x7ff69f25ebe7\nE   \t0x7ff69f25b8fb\nE   \t0x7ff69f1fb068\nE   \t0x7ff69f1fbe93\nE   \t0x7ff69f6f29d0\nE   \t0x7ff69f6ece50\nE   \t0x7ff69f70cc45\nE   \t0x7ff69f4530ce\nE   \t0x7ff69f45adbf\nE   \t0x7ff69f440c14\nE   \t0x7ff69f440dcf\nE   \t0x7ff69f426828\nE   \t0x7ffd8250e8d7\nE   \t0x7ffd8398c53c"}, "description": "Проверяет открытие модального окна с деталями ингредиента", "steps": [{"name": "Кликаем на ингредиент", "status": "broken", "statusDetails": {"message": "selenium.common.exceptions.TimeoutException: Message: \nStacktrace:\nSymbols not available. Dumping unresolved backtrace:\n\t0x7ff69f437a35\n\t0x7ff69f437a90\n\t0x7ff69f1b16ad\n\t0x7ff69f20a13e\n\t0x7ff69f20a44c\n\t0x7ff69f25ebe7\n\t0x7ff69f25b8fb\n\t0x7ff69f1fb068\n\t0x7ff69f1fbe93\n\t0x7ff69f6f29d0\n\t0x7ff69f6ece50\n\t0x7ff69f70cc45\n\t0x7ff69f4530ce\n\t0x7ff69f45adbf\n\t0x7ff69f440c14\n\t0x7ff69f440dcf\n\t0x7ff69f426828\n\t0x7ffd8250e8d7\n\t0x7ffd8398c53c\n\n", "trace": "  File \"C:\\Users\\vikharev-d\\work\\Task_3\\tests\\test_constructor.py\", line 45, in test_ingredient_modal\n    main_page.click_first_bun_ingredient()\n  File \"C:\\Users\\vikharev-d\\work\\Task_3\\pages\\main_page.py\", line 58, in click_first_bun_ingredient\n    ingredient = self.find_visible_element(self.locators.FIRST_BUN_INGREDIENT, timeout=15)\n  File \"C:\\Users\\vikharev-d\\work\\Task_3\\pages\\base_page.py\", line 61, in find_visible_element\n    element = wait.until(EC.visibility_of_element_located(locator))\n  File \"C:\\Users\\vikharev-d\\AppData\\Local\\Programs\\Python\\Python310\\lib\\site-packages\\selenium\\webdriver\\support\\wait.py\", line 101, in until\n    raise TimeoutException(message, screen, stacktrace)\n"}, "start": 1766919852097, "stop": 1766919885185}], "attachments": [{"name": "screenshot", "source": "97925382-597c-40d7-a63f-66656f5cebee-attachment.png", "type": "image/png"}], "start": 1766919852097, "stop": 1766919885186, "uuid": "912e7a18-6521-411c-923b-a06bc04115cd", "historyId": "d615fcda3f5266a5e3a773476d48d4a3", "testCaseId": "d615fcda3f5266a5e3a773476d48d4a3", "fullName": "tests.test_constructor.TestConstructor#test_ingredient_modal", "labels": [{"name": "feature", "value": "Основной функционал"}, {"name": "story", "value": "Проверка основного функционала приложения"}, {"name": "parentSuite", "value": "tests"}, {"name": "suite", "value": "test_constructor"}, {"name": "subSuite", "value": "TestConstructor"}, {"name": "host", "value": "plr-001004476"}, {"name": "thread", "value": "28708-MainThread"}, {"name": "framework", "value": "pytest"}, {"name": "language", "value": "cpython3"}, {"name": "package", "value": "tests.test_constructor"}]}