{"name": "Оформление заказа залогиненным пользователем", "status": "broken", "statusDetails": {"message": "selenium.common.exceptions.TimeoutException: Message: \nStacktrace:\nSymbols not available. Dumping unresolved backtrace:\n\t0x7ff69f437a35\n\t0x7ff69f437a90\n\t0x7ff69f1b16ad\n\t0x7ff69f20a13e\n\t0x7ff69f20a44c\n\t0x7ff69f25ebe7\n\t0x7ff69f25b8fb\n\t0x7ff69f1fb068\n\t0x7ff69f1fbe93\n\t0x7ff69f6f29d0\n\t0x7ff69f6ece50\n\t0x7ff69f70cc45\n\t0x7ff69f4530ce\n\t0x7ff69f45adbf\n\t0x7ff69f440c14\n\t0x7ff69f440dcf\n\t0x7ff69f426828\n\t0x7ffd8250e8d7\n\t0x7ffd8398c53c", "trace": "E   selenium.common.exceptions.TimeoutException: Message: \n    Stacktrace:\n    Symbols not available. Dumping unresolved backtrace:\n    \t0x7ff69f437a35\n    \t0x7ff69f437a90\n    \t0x7ff69f1b16ad\n    \t0x7ff69f20a13e\n    \t0x7ff69f20a44c\n    \t0x7ff69f25ebe7\n    \t0x7ff69f25b8fb\n    \t0x7ff69f1fb068\n    \t0x7ff69f1fbe93\n    \t0x7ff69f6f29d0\n    \t0x7ff69f6ece50\n    \t0x7ff69f70cc45\n    \t0x7ff69f4530ce\n    \t0x7ff69f45adbf\n    \t0x7ff69f440c14\n    \t0x7ff69f440dcf\n    \t0x7ff69f426828\n    \t0x7ffd8250e8d7\n    \t0x7ffd8398c53c"}, "description": "Проверяет оформление заказа залогиненным пользователем", "steps": [{"name": "Добавляем ингредиенты в конструктор", "status": "broken", "statusDetails": {"message": "selenium.common.exceptions.TimeoutException: Message: \nStacktrace:\nSymbols not available. Dumping unresolved backtrace:\n\t0x7ff69f437a35\n\t0x7ff69f437a90\n\t0x7ff69f1b16ad\n\t0x7ff69f20a13e\n\t0x7ff69f20a44c\n\t0x7ff69f25ebe7\n\t0x7ff69f25b8fb\n\t0x7ff69f1fb068\n\t0x7ff69f1fbe93\n\t0x7ff69f6f29d0\n\t0x7ff69f6ece50\n\t0x7ff69f70cc45\n\t0x7ff69f4530ce\n\t0x7ff69f45adbf\n\t0x7ff69f440c14\n\t0x7ff69f440dcf\n\t0x7ff69f426828\n\t0x7ffd8250e8d7\n\t0x7ffd8398c53c\n\n", "trace": "  File \"C:\\Users\\vikharev-d\\work\\Task_3\\tests\\test_constructor.py\", line 96, in test_create_order\n    main_page.drag_ingredient_to_constructor(main_page.locators.FIRST_BUN_INGREDIENT)\n  File \"C:\\Users\\vikharev-d\\work\\Task_3\\pages\\main_page.py\", line 52, in drag_ingredient_to_constructor\n    ingredient = self.find_visible_element(ingredient_locator)\n  File \"C:\\Users\\vikharev-d\\work\\Task_3\\pages\\base_page.py\", line 31, in find_visible_element\n    return wait.until(EC.visibility_of_element_located(locator))\n  File \"C:\\Users\\vikharev-d\\AppData\\Local\\Programs\\Python\\Python310\\lib\\site-packages\\selenium\\webdriver\\support\\wait.py\", line 101, in until\n    raise TimeoutException(message, screen, stacktrace)\n"}, "start": 1766912448385, "stop": 1766912458910}], "attachments": [{"name": "screenshot", "source": "6e478fb7-750f-4cb7-a7f3-da18191eda04-attachment.png", "type": "image/png"}], "start": 1766912448385, "stop": 1766912458910, "uuid": "44e623b5-8900-4a76-b31f-38a778739d64", "historyId": "08697d8feb5c30f95bcfbb211cf0c003", "testCaseId": "08697d8feb5c30f95bcfbb211cf0c003", "fullName": "tests.test_constructor.TestConstructor#test_create_order", "labels": [{"name": "story", "value": "Проверка основного функционала приложения"}, {"name": "feature", "value": "Основной функционал"}, {"name": "parentSuite", "value": "tests"}, {"name": "suite", "value": "test_constructor"}, {"name": "subSuite", "value": "TestConstructor"}, {"name": "host", "value": "plr-001004476"}, {"name": "thread", "value": "27296-MainThread"}, {"name": "framework", "value": "pytest"}, {"name": "language", "value": "cpython3"}, {"name": "package", "value": "tests.test_constructor"}]}