{"name": "Оформление заказа залогиненным пользователем", "status": "broken", "statusDetails": {"message": "selenium.common.exceptions.TimeoutException: Message: \nStacktrace:\nSymbols not available. Dumping unresolved backtrace:\n\t0x7ff7cd0e7a35\n\t0x7ff7cd0e7a90\n\t0x7ff7cce616ad\n\t0x7ff7cceba13e\n\t0x7ff7cceba44c\n\t0x7ff7ccf0ebe7\n\t0x7ff7ccf0b8fb\n\t0x7ff7cceab068\n\t0x7ff7cceabe93\n\t0x7ff7cd3a29d0\n\t0x7ff7cd39ce50\n\t0x7ff7cd3bcc45\n\t0x7ff7cd1030ce\n\t0x7ff7cd10adbf\n\t0x7ff7cd0f0c14\n\t0x7ff7cd0f0dcf\n\t0x7ff7cd0d6828\n\t0x7fffe82ce8d7\n\t0x7fffea58c53c", "trace": "tests\\test_constructor.py:326: in test_create_order\n    order_number = main_page.get_text(OrderFeedPageLocators.ORDER_NUMBER)\npages\\base_page.py:119: in get_text\n    element = self.find_visible_element(locator)\npages\\base_page.py:66: in find_visible_element\n    element = wait.until(EC.visibility_of_element_located(locator))\nvenv\\lib\\site-packages\\selenium\\webdriver\\support\\wait.py:101: in until\n    raise TimeoutException(message, screen, stacktrace)\nE   selenium.common.exceptions.TimeoutException: Message: \nE   Stacktrace:\nE   Symbols not available. Dumping unresolved backtrace:\nE   \t0x7ff7cd0e7a35\nE   \t0x7ff7cd0e7a90\nE   \t0x7ff7cce616ad\nE   \t0x7ff7cceba13e\nE   \t0x7ff7cceba44c\nE   \t0x7ff7ccf0ebe7\nE   \t0x7ff7ccf0b8fb\nE   \t0x7ff7cceab068\nE   \t0x7ff7cceabe93\nE   \t0x7ff7cd3a29d0\nE   \t0x7ff7cd39ce50\nE   \t0x7ff7cd3bcc45\nE   \t0x7ff7cd1030ce\nE   \t0x7ff7cd10adbf\nE   \t0x7ff7cd0f0c14\nE   \t0x7ff7cd0f0dcf\nE   \t0x7ff7cd0d6828\nE   \t0x7fffe82ce8d7\nE   \t0x7fffea58c53c"}, "description": "Проверяет оформление заказа залогиненным пользователем", "steps": [{"name": "Загрузка сайта, проверка что сайт загружен", "status": "passed", "steps": [{"name": "Открыть страницу", "status": "passed", "start": 1767007626995, "stop": 1767007628910}, {"name": "Ожидать загрузки главной страницы", "status": "passed", "steps": [{"name": "Ожидать исчезновения элемента", "status": "passed", "parameters": [{"name": "locator", "value": "('xpath', \"//div[contains(@class, 'Modal_modal_overlay')]\")"}, {"name": "timeout", "value": "5"}], "start": 1767007628910, "stop": 1767007628926}], "start": 1767007628910, "stop": 1767007628926}], "start": 1767007626994, "stop": 1767007628926}, {"name": "Авторизуемся (используем данные из фикстуры registered_user)", "status": "passed", "steps": [{"name": "Открыть страницу", "status": "passed", "start": 1767007628927, "stop": 1767007629146}, {"name": "Ожидать загрузки главной страницы", "status": "passed", "steps": [{"name": "Ожидать исчезновения элемента", "status": "passed", "parameters": [{"name": "locator", "value": "('xpath', \"//div[contains(@class, 'Modal_modal_overlay')]\")"}, {"name": "timeout", "value": "5"}], "start": 1767007629146, "stop": 1767007629162}], "start": 1767007629146, "stop": 1767007629163}, {"name": "Проверить видимость элемента", "status": "passed", "parameters": [{"name": "locator", "value": "('xpath', \"//button[contains(@class, 'button_button') and contains(text(), 'Войти в аккаунт')]\")"}, {"name": "timeout", "value": "5"}], "start": 1767007629163, "stop": 1767007629187}, {"name": "Кликнуть по элементу через JavaScript", "status": "passed", "steps": [{"name": "Найти видимый элемент", "status": "passed", "parameters": [{"name": "locator", "value": "('xpath', \"//button[contains(@class, 'button_button') and contains(text(), 'Войти в аккаунт')]\")"}, {"name": "timeout", "value": "10"}], "start": 1767007629187, "stop": 1767007629218}], "parameters": [{"name": "locator", "value": "('xpath', \"//button[contains(@class, 'button_button') and contains(text(), 'Войти в аккаунт')]\")"}], "start": 1767007629187, "stop": 1767007629228}, {"name": "Проверить видимость формы входа", "status": "passed", "steps": [{"name": "Проверить видимость элемента", "status": "passed", "parameters": [{"name": "locator", "value": "('xpath', \"//button[contains(@class, 'button_button') and contains(text(), 'Войти')]\")"}, {"name": "timeout", "value": "5"}], "start": 1767007629228, "stop": 1767007629252}], "start": 1767007629228, "stop": 1767007629252}, {"name": "Выполнить вход", "status": "passed", "steps": [{"name": "Получить текущий URL", "status": "passed", "start": 1767007629253, "stop": 1767007629255}, {"name": "Ввести email", "status": "passed", "steps": [{"name": "Ввести текст в поле", "status": "passed", "steps": [{"name": "Найти видимый элемент", "status": "passed", "parameters": [{"name": "locator", "value": "('xpath', \"//input[@name='name' and @type='text']\")"}, {"name": "timeout", "value": "10"}], "start": 1767007629256, "stop": 1767007629285}], "parameters": [{"name": "locator", "value": "('xpath', \"//input[@name='name' and @type='text']\")"}, {"name": "text", "value": "'test_6623d56a-de22-41e9-8094-151bb6683cc1@mail.ru'"}], "start": 1767007629256, "stop": 1767007629373}], "parameters": [{"name": "email", "value": "'test_6623d56a-de22-41e9-8094-151bb6683cc1@mail.ru'"}], "start": 1767007629255, "stop": 1767007629373}, {"name": "Ввести пароль", "status": "passed", "steps": [{"name": "Ввести текст в поле", "status": "passed", "steps": [{"name": "Найти видимый элемент", "status": "passed", "parameters": [{"name": "locator", "value": "('xpath', \"//input[@name='Пароль' and @type='password']\")"}, {"name": "timeout", "value": "10"}], "start": 1767007629373, "stop": 1767007629401}], "parameters": [{"name": "locator", "value": "('xpath', \"//input[@name='Пароль' and @type='password']\")"}, {"name": "text", "value": "'123456'"}], "start": 1767007629373, "stop": 1767007629437}], "parameters": [{"name": "password", "value": "'123456'"}], "start": 1767007629373, "stop": 1767007629437}, {"name": "Получить текущий URL", "status": "passed", "start": 1767007629437, "stop": 1767007629439}, {"name": "Кликнуть по кнопке входа", "status": "passed", "steps": [{"name": "Кликнуть по элементу через JavaScript", "status": "passed", "steps": [{"name": "Найти видимый элемент", "status": "passed", "parameters": [{"name": "locator", "value": "('xpath', \"//button[contains(@class, 'button_button') and contains(text(), 'Войти')]\")"}, {"name": "timeout", "value": "10"}], "start": 1767007629439, "stop": 1767007629465}], "parameters": [{"name": "locator", "value": "('xpath', \"//button[contains(@class, 'button_button') and contains(text(), 'Войти')]\")"}], "start": 1767007629439, "stop": 1767007629471}], "start": 1767007629439, "stop": 1767007629471}], "parameters": [{"name": "email", "value": "'test_6623d56a-de22-41e9-8094-151bb6683cc1@mail.ru'"}, {"name": "password", "value": "'123456'"}], "start": 1767007629252, "stop": 1767007632005}, {"name": "Открыть страницу", "status": "passed", "start": 1767007632008, "stop": 1767007632223}, {"name": "Ожидать загрузки главной страницы", "status": "passed", "steps": [{"name": "Ожидать исчезновения элемента", "status": "passed", "parameters": [{"name": "locator", "value": "('xpath', \"//div[contains(@class, 'Modal_modal_overlay')]\")"}, {"name": "timeout", "value": "5"}], "start": 1767007632223, "stop": 1767007632243}], "start": 1767007632223, "stop": 1767007632243}, {"name": "Проверить, что пользователь авторизован", "status": "passed", "steps": [{"name": "Проверить видимость элемента", "status": "passed", "parameters": [{"name": "locator", "value": "('xpath', \"//button[contains(@class, 'button_button__33qZ0') and contains(text(), 'Оформить заказ')]\")"}, {"name": "timeout", "value": "3"}], "start": 1767007635250, "stop": 1767007635279}], "start": 1767007635250, "stop": 1767007635279}, {"name": "Проверить, что пользователь авторизован", "status": "passed", "steps": [{"name": "Проверить видимость элемента", "status": "passed", "parameters": [{"name": "locator", "value": "('xpath', \"//button[contains(@class, 'button_button__33qZ0') and contains(text(), 'Оформить заказ')]\")"}, {"name": "timeout", "value": "3"}], "start": 1767007635279, "stop": 1767007635305}], "start": 1767007635279, "stop": 1767007635305}], "attachments": [{"name": "User credentials", "source": "4439c325-513a-4987-8e53-1fbcbf1610a1-attachment.txt", "type": "text/plain"}], "start": 1767007628926, "stop": 1767007635305}, {"name": "Переходим в конструктор, проверяем что находимся в конструкторе и мы авторизованы (находим заголовок 'Соберите бургер' и в области конструктора есть кнопка 'Оформить заказ')", "status": "passed", "steps": [{"name": "Кликнуть по кнопке 'Конструктор'", "status": "passed", "steps": [{"name": "Ожидать загрузки главной страницы", "status": "passed", "steps": [{"name": "Ожидать исчезновения элемента", "status": "passed", "parameters": [{"name": "locator", "value": "('xpath', \"//div[contains(@class, 'Modal_modal_overlay')]\")"}, {"name": "timeout", "value": "5"}], "start": 1767007635305, "stop": 1767007635316}], "start": 1767007635305, "stop": 1767007635316}, {"name": "Кликнуть по элементу через JavaScript", "status": "passed", "steps": [{"name": "Найти видимый элемент", "status": "passed", "parameters": [{"name": "locator", "value": "('xpath', \"//a[contains(@class, 'AppHeader_header__link') and (@href='/' or @href='https://stellarburgers.education-services.ru/')]\")"}, {"name": "timeout", "value": "10"}], "start": 1767007635316, "stop": 1767007635356}], "parameters": [{"name": "locator", "value": "('xpath', \"//a[contains(@class, 'AppHeader_header__link') and (@href='/' or @href='https://stellarburgers.education-services.ru/')]\")"}], "start": 1767007635316, "stop": 1767007635363}], "start": 1767007635305, "stop": 1767007635363}, {"name": "Проверить видимость конструктора", "status": "passed", "steps": [{"name": "Проверить видимость элемента", "status": "passed", "parameters": [{"name": "locator", "value": "('xpath', \"//h1[contains(text(), 'Соберите бургер')]\")"}, {"name": "timeout", "value": "5"}], "start": 1767007635363, "stop": 1767007635409}], "start": 1767007635363, "stop": 1767007635410}, {"name": "Проверить, что пользователь авторизован", "status": "passed", "steps": [{"name": "Проверить видимость элемента", "status": "passed", "parameters": [{"name": "locator", "value": "('xpath', \"//button[contains(@class, 'button_button__33qZ0') and contains(text(), 'Оформить заказ')]\")"}, {"name": "timeout", "value": "3"}], "start": 1767007635410, "stop": 1767007635434}], "start": 1767007635410, "stop": 1767007635434}], "start": 1767007635305, "stop": 1767007635440}, {"name": "Добавляем первый ингредиент из списка булки (перетаскиваем в область конструктора, проверяем что изменился счетчик)", "status": "passed", "steps": [{"name": "Получить счетчик ингредиента", "status": "passed", "steps": [{"name": "Найти элемент", "status": "passed", "parameters": [{"name": "locator", "value": "('xpath', \"//a[contains(@class, 'BurgerIngredient_ingredient')]//p[text()='Флюоресцентная булка R2-D3']/parent::a\")"}, {"name": "timeout", "value": "10"}], "start": 1767007635440, "stop": 1767007635448}], "parameters": [{"name": "ingredient_locator", "value": "('xpath', \"//a[contains(@class, 'BurgerIngredient_ingredient')]//p[text()='Флюоресцентная булка R2-D3']/parent::a\")"}], "start": 1767007635440, "stop": 1767007635466}, {"name": "Перетащить ингредиент в конструктор", "status": "passed", "steps": [{"name": "Найти видимый элемент", "status": "passed", "parameters": [{"name": "locator", "value": "('xpath', \"//a[contains(@class, 'BurgerIngredient_ingredient')]//p[text()='Флюоресцентная булка R2-D3']/parent::a\")"}, {"name": "timeout", "value": "10"}], "start": 1767007635467, "stop": 1767007635564}, {"name": "Найти видимый элемент", "status": "passed", "parameters": [{"name": "locator", "value": "('xpath', \"//ul[contains(@class, 'BurgerConstructor_basket__list__l9dp_')]\")"}, {"name": "timeout", "value": "10"}], "start": 1767007635564, "stop": 1767007635605}, {"name": "Перетащить элемент", "status": "passed", "parameters": [{"name": "source", "value": "<selenium.webdriver.remote.webelement.WebElement (session=\"37c0a15a0eedd76973bab3ec038a267e\", element=\"f.35E7A76E609547D822F14A10B427E27A.d.8551FA01AE8FB46031B814CBD4D8750C.e.93\")>"}, {"name": "target", "value": "<selenium.webdriver.remote.webelement.WebElement (session=\"37c0a15a0eedd76973bab3ec038a267e\", element=\"f.35E7A76E609547D822F14A10B427E27A.d.8551FA01AE8FB46031B814CBD4D8750C.e.99\")>"}], "start": 1767007635613, "stop": 1767007635624}], "parameters": [{"name": "ingredient_locator", "value": "('xpath', \"//a[contains(@class, 'BurgerIngredient_ingredient')]//p[text()='Флюоресцентная булка R2-D3']/parent::a\")"}], "start": 1767007635466, "stop": 1767007635624}, {"name": "Ожидать появления счетчика ингредиента", "status": "passed", "parameters": [{"name": "timeout", "value": "10"}], "start": 1767007635625, "stop": 1767007635638}, {"name": "Получить счетчик ингредиента", "status": "passed", "steps": [{"name": "Найти элемент", "status": "passed", "parameters": [{"name": "locator", "value": "('xpath', \"//a[contains(@class, 'BurgerIngredient_ingredient')]//p[text()='Флюоресцентная булка R2-D3']/parent::a\")"}, {"name": "timeout", "value": "10"}], "start": 1767007635638, "stop": 1767007635644}], "parameters": [{"name": "ingredient_locator", "value": "('xpath', \"//a[contains(@class, 'BurgerIngredient_ingredient')]//p[text()='Флюоресцентная булка R2-D3']/parent::a\")"}], "start": 1767007635638, "stop": 1767007635660}], "start": 1767007635440, "stop": 1767007635660}, {"name": "Кликаем на кнопку 'Оформить заказ'", "status": "passed", "steps": [{"name": "Кликнуть по кнопке 'Оформить заказ'", "status": "passed", "steps": [{"name": "Проверить, что пользователь авторизован", "status": "passed", "steps": [{"name": "Проверить видимость элемента", "status": "passed", "parameters": [{"name": "locator", "value": "('xpath', \"//button[contains(@class, 'button_button__33qZ0') and contains(text(), 'Оформить заказ')]\")"}, {"name": "timeout", "value": "3"}], "start": 1767007635661, "stop": 1767007635698}], "start": 1767007635661, "stop": 1767007635698}, {"name": "Кликнуть по элементу через JavaScript", "status": "passed", "steps": [{"name": "Найти видимый элемент", "status": "passed", "parameters": [{"name": "locator", "value": "('xpath', \"//button[contains(@class, 'button_button__33qZ0') and contains(text(), 'Оформить заказ')]\")"}, {"name": "timeout", "value": "10"}], "start": 1767007635698, "stop": 1767007635733}], "parameters": [{"name": "locator", "value": "('xpath', \"//button[contains(@class, 'button_button__33qZ0') and contains(text(), 'Оформить заказ')]\")"}], "start": 1767007635698, "stop": 1767007635739}], "start": 1767007635660, "stop": 1767007635739}], "start": 1767007635660, "stop": 1767007635739}, {"name": "Получаем модальное окно с текстом 'идентификатор заказа', 'tick animation', 'Ваш заказ начали готовить', 'Дождитесь готовности на орбитальной станции'", "status": "broken", "statusDetails": {"message": "selenium.common.exceptions.TimeoutException: Message: \nStacktrace:\nSymbols not available. Dumping unresolved backtrace:\n\t0x7ff7cd0e7a35\n\t0x7ff7cd0e7a90\n\t0x7ff7cce616ad\n\t0x7ff7cceba13e\n\t0x7ff7cceba44c\n\t0x7ff7ccf0ebe7\n\t0x7ff7ccf0b8fb\n\t0x7ff7cceab068\n\t0x7ff7cceabe93\n\t0x7ff7cd3a29d0\n\t0x7ff7cd39ce50\n\t0x7ff7cd3bcc45\n\t0x7ff7cd1030ce\n\t0x7ff7cd10adbf\n\t0x7ff7cd0f0c14\n\t0x7ff7cd0f0dcf\n\t0x7ff7cd0d6828\n\t0x7fffe82ce8d7\n\t0x7fffea58c53c\n\n", "trace": "  File \"C:\\Users\\vikharev-d\\work\\Task_3\\tests\\test_constructor.py\", line 326, in test_create_order\n    order_number = main_page.get_text(OrderFeedPageLocators.ORDER_NUMBER)\n  File \"C:\\Users\\vikharev-d\\work\\Task_3\\venv\\lib\\site-packages\\allure_commons\\_allure.py\", line 192, in impl\n    return func(*a, **kw)\n  File \"C:\\Users\\vikharev-d\\work\\Task_3\\pages\\base_page.py\", line 119, in get_text\n    element = self.find_visible_element(locator)\n  File \"C:\\Users\\vikharev-d\\work\\Task_3\\venv\\lib\\site-packages\\allure_commons\\_allure.py\", line 192, in impl\n    return func(*a, **kw)\n  File \"C:\\Users\\vikharev-d\\work\\Task_3\\pages\\base_page.py\", line 66, in find_visible_element\n    element = wait.until(EC.visibility_of_element_located(locator))\n  File \"C:\\Users\\vikharev-d\\work\\Task_3\\venv\\lib\\site-packages\\selenium\\webdriver\\support\\wait.py\", line 101, in until\n    raise TimeoutException(message, screen, stacktrace)\n"}, "steps": [{"name": "Проверить видимость модального окна", "status": "passed", "steps": [{"name": "Проверить видимость элемента", "status": "passed", "parameters": [{"name": "locator", "value": "('xpath', \"//div[contains(@class, 'Modal_modal__container')]\")"}, {"name": "timeout", "value": "5"}], "start": 1767007638740, "stop": 1767007638761}], "start": 1767007638740, "stop": 1767007638761}, {"name": "Проверить видимость сообщения об успешном заказе", "status": "passed", "steps": [{"name": "Проверить видимость элемента", "status": "passed", "parameters": [{"name": "locator", "value": "('xpath', \"//h2[contains(@class, 'Modal_modal_title') and contains(@class, 'text_type_digits-large')]\")"}, {"name": "timeout", "value": "5"}], "start": 1767007638761, "stop": 1767007649295}, {"name": "Проверить видимость элемента", "status": "passed", "parameters": [{"name": "locator", "value": "('xpath', \"//p[contains(text(), 'идентификатор заказа')]\")"}, {"name": "timeout", "value": "5"}], "start": 1767007649295, "stop": 1767007649314}], "start": 1767007638761, "stop": 1767007649314}, {"name": "Получить текст элемента", "status": "broken", "statusDetails": {"message": "selenium.common.exceptions.TimeoutException: Message: \nStacktrace:\nSymbols not available. Dumping unresolved backtrace:\n\t0x7ff7cd0e7a35\n\t0x7ff7cd0e7a90\n\t0x7ff7cce616ad\n\t0x7ff7cceba13e\n\t0x7ff7cceba44c\n\t0x7ff7ccf0ebe7\n\t0x7ff7ccf0b8fb\n\t0x7ff7cceab068\n\t0x7ff7cceabe93\n\t0x7ff7cd3a29d0\n\t0x7ff7cd39ce50\n\t0x7ff7cd3bcc45\n\t0x7ff7cd1030ce\n\t0x7ff7cd10adbf\n\t0x7ff7cd0f0c14\n\t0x7ff7cd0f0dcf\n\t0x7ff7cd0d6828\n\t0x7fffe82ce8d7\n\t0x7fffea58c53c\n\n", "trace": "  File \"C:\\Users\\vikharev-d\\work\\Task_3\\venv\\lib\\site-packages\\allure_commons\\_allure.py\", line 192, in impl\n    return func(*a, **kw)\n  File \"C:\\Users\\vikharev-d\\work\\Task_3\\pages\\base_page.py\", line 119, in get_text\n    element = self.find_visible_element(locator)\n  File \"C:\\Users\\vikharev-d\\work\\Task_3\\venv\\lib\\site-packages\\allure_commons\\_allure.py\", line 192, in impl\n    return func(*a, **kw)\n  File \"C:\\Users\\vikharev-d\\work\\Task_3\\pages\\base_page.py\", line 66, in find_visible_element\n    element = wait.until(EC.visibility_of_element_located(locator))\n  File \"C:\\Users\\vikharev-d\\work\\Task_3\\venv\\lib\\site-packages\\selenium\\webdriver\\support\\wait.py\", line 101, in until\n    raise TimeoutException(message, screen, stacktrace)\n"}, "steps": [{"name": "Найти видимый элемент", "status": "broken", "statusDetails": {"message": "selenium.common.exceptions.TimeoutException: Message: \nStacktrace:\nSymbols not available. Dumping unresolved backtrace:\n\t0x7ff7cd0e7a35\n\t0x7ff7cd0e7a90\n\t0x7ff7cce616ad\n\t0x7ff7cceba13e\n\t0x7ff7cceba44c\n\t0x7ff7ccf0ebe7\n\t0x7ff7ccf0b8fb\n\t0x7ff7cceab068\n\t0x7ff7cceabe93\n\t0x7ff7cd3a29d0\n\t0x7ff7cd39ce50\n\t0x7ff7cd3bcc45\n\t0x7ff7cd1030ce\n\t0x7ff7cd10adbf\n\t0x7ff7cd0f0c14\n\t0x7ff7cd0f0dcf\n\t0x7ff7cd0d6828\n\t0x7fffe82ce8d7\n\t0x7fffea58c53c\n\n", "trace": "  File \"C:\\Users\\vikharev-d\\work\\Task_3\\venv\\lib\\site-packages\\allure_commons\\_allure.py\", line 192, in impl\n    return func(*a, **kw)\n  File \"C:\\Users\\vikharev-d\\work\\Task_3\\pages\\base_page.py\", line 66, in find_visible_element\n    element = wait.until(EC.visibility_of_element_located(locator))\n  File \"C:\\Users\\vikharev-d\\work\\Task_3\\venv\\lib\\site-packages\\selenium\\webdriver\\support\\wait.py\", line 101, in until\n    raise TimeoutException(message, screen, stacktrace)\n"}, "parameters": [{"name": "locator", "value": "('xpath', \"//h2[contains(@class, 'Modal_modal_title') and contains(@class, 'text_type_digits-large')]\")"}, {"name": "timeout", "value": "10"}], "start": 1767007649314, "stop": 1767007659840}], "parameters": [{"name": "locator", "value": "('xpath', \"//h2[contains(@class, 'Modal_modal_title') and contains(@class, 'text_type_digits-large')]\")"}], "start": 1767007649314, "stop": 1767007659841}], "start": 1767007635739, "stop": 1767007659841}], "attachments": [{"name": "screenshot", "source": "4bfbd7bb-7851-4b77-a79d-275c877b56af-attachment.png", "type": "image/png"}], "parameters": [{"name": "driver", "value": "'chrome'"}], "start": 1767007626993, "stop": 1767007659842, "uuid": "91cb1312-8792-4b5a-b22d-361015b7ed08", "historyId": "ce482e565c0f91204c0af966a9b26300", "testCaseId": "08697d8feb5c30f95bcfbb211cf0c003", "fullName": "tests.test_constructor.TestConstructor#test_create_order", "labels": [{"name": "feature", "value": "Основной функционал"}, {"name": "story", "value": "Проверка основного функционала приложения"}, {"name": "parentSuite", "value": "tests"}, {"name": "suite", "value": "test_constructor"}, {"name": "subSuite", "value": "TestConstructor"}, {"name": "host", "value": "plr-001004476"}, {"name": "thread", "value": "30520-MainThread"}, {"name": "framework", "value": "pytest"}, {"name": "language", "value": "cpython3"}, {"name": "package", "value": "tests.test_constructor"}]}