{"name": "Выход из аккаунта", "status": "failed", "statusDetails": {"message": "AssertionError: Страница входа не открылась после выхода\nassert '/login' in 'https://stellarburgers.education-services.ru/account/profile'\n +  where '/login' = Urls.LOGIN_PAGE\n +  and   'https://stellarburgers.education-services.ru/account/profile' = <selenium.webdriver.chrome.webdriver.WebDriver (session=\"60560c21c6ca911623c001971ca85b94\")>.current_url", "trace": "tests\\test_user_profile.py:48: in test_logout\n    assert Urls.LOGIN_PAGE in driver.current_url, \"Страница входа не открылась после выхода\"\nE   AssertionError: Страница входа не открылась после выхода\nE   assert '/login' in 'https://stellarburgers.education-services.ru/account/profile'\nE    +  where '/login' = Urls.LOGIN_PAGE\nE    +  and   'https://stellarburgers.education-services.ru/account/profile' = <selenium.webdriver.chrome.webdriver.WebDriver (session=\"60560c21c6ca911623c001971ca85b94\")>.current_url"}, "description": "Проверяет выход из аккаунта", "steps": [{"name": "Кликнуть по кнопке 'Личный кабинет'", "status": "passed", "steps": [{"name": "Ожидать загрузки главной страницы", "status": "passed", "steps": [{"name": "Ожидать исчезновения элемента", "status": "passed", "parameters": [{"name": "locator", "value": "('xpath', \"//div[contains(@class, 'Modal_modal_overlay')]\")"}, {"name": "timeout", "value": "5"}], "start": 1767016011198, "stop": 1767016011207}], "start": 1767016011198, "stop": 1767016011207}, {"name": "Кликнуть по элементу через JavaScript", "status": "passed", "steps": [{"name": "Найти видимый элемент", "status": "passed", "parameters": [{"name": "locator", "value": "('xpath', \"//a[contains(@class, 'AppHeader_header__link') and contains(@href, '/account')]\")"}, {"name": "timeout", "value": "10"}], "start": 1767016011207, "stop": 1767016011235}], "parameters": [{"name": "locator", "value": "('xpath', \"//a[contains(@class, 'AppHeader_header__link') and contains(@href, '/account')]\")"}], "start": 1767016011207, "stop": 1767016011247}], "start": 1767016011198, "stop": 1767016011247}, {"name": "Кликаем по кнопке 'Выход'", "status": "passed", "steps": [{"name": "Кликнуть по кнопке 'Выход'", "status": "passed", "steps": [{"name": "Кликнуть по элементу через JavaScript", "status": "passed", "steps": [{"name": "Найти видимый элемент", "status": "passed", "parameters": [{"name": "locator", "value": "('xpath', \"//button[contains(text(), 'Выход')]\")"}, {"name": "timeout", "value": "10"}], "start": 1767016011247, "stop": 1767016011405}], "parameters": [{"name": "locator", "value": "('xpath', \"//button[contains(text(), 'Выход')]\")"}], "start": 1767016011247, "stop": 1767016011420}], "start": 1767016011247, "stop": 1767016011420}], "start": 1767016011247, "stop": 1767016011420}, {"name": "Проверяем, что открылась страница входа", "status": "failed", "statusDetails": {"message": "AssertionError: Страница входа не открылась после выхода\nassert '/login' in 'https://stellarburgers.education-services.ru/account/profile'\n +  where '/login' = Urls.LOGIN_PAGE\n +  and   'https://stellarburgers.education-services.ru/account/profile' = <selenium.webdriver.chrome.webdriver.WebDriver (session=\"60560c21c6ca911623c001971ca85b94\")>.current_url\n", "trace": "  File \"C:\\Users\\vikharev-d\\work\\Task_3\\tests\\test_user_profile.py\", line 48, in test_logout\n    assert Urls.LOGIN_PAGE in driver.current_url, \"Страница входа не открылась после выхода\"\n"}, "start": 1767016011420, "stop": 1767016011441}], "attachments": [{"name": "screenshot", "source": "dab703b2-8064-4eef-8731-aef53ae879ee-attachment.png", "type": "image/png"}], "parameters": [{"name": "driver", "value": "'chrome'"}], "start": 1767016011197, "stop": 1767016011442, "uuid": "310a5124-ef09-4488-a23d-f19778a692c5", "historyId": "7b16d23a0cc98967462794b1ee1551ae", "testCaseId": "d68f0606c507b3df4345cd7fbac084cb", "fullName": "tests.test_user_profile.TestUserProfile#test_logout", "labels": [{"name": "feature", "value": "Личный кабинет"}, {"name": "story", "value": "Функциональность личного кабинета"}, {"name": "parentSuite", "value": "tests"}, {"name": "suite", "value": "test_user_profile"}, {"name": "subSuite", "value": "TestUserProfile"}, {"name": "host", "value": "plr-001004476"}, {"name": "thread", "value": "30256-MainThread"}, {"name": "framework", "value": "pytest"}, {"name": "language", "value": "cpython3"}, {"name": "package", "value": "tests.test_user_profile"}]}