{"name": "Переход по клику на 'Конструктор'", "status": "broken", "statusDetails": {"message": "selenium.common.exceptions.TimeoutException: Message: \nStacktrace:\nRemoteError@chrome://remote/content/shared/RemoteError.sys.mjs:8:8\nWebDriverError@chrome://remote/content/shared/webdriver/Errors.sys.mjs:202:5\nNoSuchElementError@chrome://remote/content/shared/webdriver/Errors.sys.mjs:555:5\ndom.find/</<@chrome://remote/content/shared/DOM.sys.mjs:136:16", "trace": "tests\\test_constructor.py:16: in test_go_to_constructor\n    main_page.click_order_feed_button()\npages\\main_page.py:18: in click_order_feed_button\n    self.click(self.locators.ORDER_FEED_BUTTON)\npages\\base_page.py:35: in click\n    element = self.find_visible_element(locator)\npages\\base_page.py:31: in find_visible_element\n    return wait.until(EC.visibility_of_element_located(locator))\n..\\..\\AppData\\Local\\Programs\\Python\\Python310\\lib\\site-packages\\selenium\\webdriver\\support\\wait.py:101: in until\n    raise TimeoutException(message, screen, stacktrace)\nE   selenium.common.exceptions.TimeoutException: Message: \nE   Stacktrace:\nE   RemoteError@chrome://remote/content/shared/RemoteError.sys.mjs:8:8\nE   WebDriverError@chrome://remote/content/shared/webdriver/Errors.sys.mjs:202:5\nE   NoSuchElementError@chrome://remote/content/shared/webdriver/Errors.sys.mjs:555:5\nE   dom.find/</<@chrome://remote/content/shared/DOM.sys.mjs:136:16"}, "description": "Проверяет переход по клику на 'Конструктор'", "attachments": [{"name": "screenshot", "source": "8ec48073-f1ed-447f-a38a-1386c962c9ba-attachment.png", "type": "image/png"}], "start": 1766911097584, "stop": 1766911108102, "uuid": "f4d95996-3be7-4e37-a800-ff90106fa633", "historyId": "664d870d751dcd88409fb871dc3945bc", "testCaseId": "664d870d751dcd88409fb871dc3945bc", "fullName": "tests.test_constructor.TestConstructor#test_go_to_constructor", "labels": [{"name": "feature", "value": "Основной функционал"}, {"name": "story", "value": "Проверка основного функционала приложения"}, {"name": "parentSuite", "value": "tests"}, {"name": "suite", "value": "test_constructor"}, {"name": "subSuite", "value": "TestConstructor"}, {"name": "host", "value": "plr-001004476"}, {"name": "thread", "value": "27152-MainThread"}, {"name": "framework", "value": "pytest"}, {"name": "language", "value": "cpython3"}, {"name": "package", "value": "tests.test_constructor"}]}