{"name": "Переход по клику на 'Личный кабинет'", "status": "failed", "statusDetails": {"message": "AssertionError: Страница профиля не открылась\nassert False\n +  where False = <bound method ProfilePage.is_profile_page_visible of <pages.profile_page.ProfilePage object at 0x000002BB791CB1C0>>()\n +    where <bound method ProfilePage.is_profile_page_visible of <pages.profile_page.ProfilePage object at 0x000002BB791CB1C0>> = <pages.profile_page.ProfilePage object at 0x000002BB791CB1C0>.is_profile_page_visible", "trace": "self = <tests.test_user_profile.TestUserProfile object at 0x000002BB78938910>\ndriver = <selenium.webdriver.chrome.webdriver.WebDriver (session=\"35374d5559ffe2f264dbaf64020bdd75\")>\nlogged_in_user = {'api_client': <utils.api_client.ApiClient object at 0x000002BB792217B0>, 'driver': <selenium.webdriver.chrome.webdriv..., 'user': {'access_token': None, 'email': 'test_26141@example.com', 'name': 'TestUser3584', 'password': 'password123'}}\n\n    @allure.title(\"Переход по клику на 'Личный кабинет'\")\n    def test_go_to_personal_account(self, driver, logged_in_user):\n        \"\"\"Проверяет переход по клику на 'Личный кабинет'\"\"\"\n        main_page = logged_in_user[\"main_page\"]\n    \n        with allure.step(\"Кликаем по кнопке 'Личный кабинет'\"):\n            main_page.click_personal_account_button()\n    \n        profile_page = ProfilePage(driver)\n    \n        with allure.step(\"Проверяем, что открылась страница профиля\"):\n>           assert profile_page.is_profile_page_visible(), \"Страница профиля не открылась\"\nE           AssertionError: Страница профиля не открылась\nE           assert False\nE            +  where False = <bound method ProfilePage.is_profile_page_visible of <pages.profile_page.ProfilePage object at 0x000002BB791CB1C0>>()\nE            +    where <bound method ProfilePage.is_profile_page_visible of <pages.profile_page.ProfilePage object at 0x000002BB791CB1C0>> = <pages.profile_page.ProfilePage object at 0x000002BB791CB1C0>.is_profile_page_visible\n\ntests\\test_user_profile.py:21: AssertionError"}, "description": "Проверяет переход по клику на 'Личный кабинет'", "steps": [{"name": "Кликаем по кнопке 'Личный кабинет'", "status": "passed", "start": 1766914334135, "stop": 1766914334210}, {"name": "Проверяем, что открылась страница профиля", "status": "failed", "statusDetails": {"message": "AssertionError: Страница профиля не открылась\nassert False\n +  where False = <bound method ProfilePage.is_profile_page_visible of <pages.profile_page.ProfilePage object at 0x000002BB791CB1C0>>()\n +    where <bound method ProfilePage.is_profile_page_visible of <pages.profile_page.ProfilePage object at 0x000002BB791CB1C0>> = <pages.profile_page.ProfilePage object at 0x000002BB791CB1C0>.is_profile_page_visible\n", "trace": "  File \"C:\\Users\\vikharev-d\\work\\Task_3\\tests\\test_user_profile.py\", line 21, in test_go_to_personal_account\n    assert profile_page.is_profile_page_visible(), \"Страница профиля не открылась\"\n"}, "start": 1766914334210, "stop": 1766914344780}], "attachments": [{"name": "screenshot", "source": "52ff3686-3a8b-4222-b9d1-bf10b302ef54-attachment.png", "type": "image/png"}], "start": 1766914334135, "stop": 1766914344780, "uuid": "4e353a75-53b1-43ce-a3c8-7ac4e4509e8a", "historyId": "3f63190e12116b290d9d57555353d6ff", "testCaseId": "3f63190e12116b290d9d57555353d6ff", "fullName": "tests.test_user_profile.TestUserProfile#test_go_to_personal_account", "labels": [{"name": "feature", "value": "Личный кабинет"}, {"name": "story", "value": "Функциональность личного кабинета"}, {"name": "parentSuite", "value": "tests"}, {"name": "suite", "value": "test_user_profile"}, {"name": "subSuite", "value": "TestUserProfile"}, {"name": "host", "value": "plr-001004476"}, {"name": "thread", "value": "11012-MainThread"}, {"name": "framework", "value": "pytest"}, {"name": "language", "value": "cpython3"}, {"name": "package", "value": "tests.test_user_profile"}]}