{"name": "Переход по клику на 'Конструктор'", "status": "broken", "statusDetails": {"message": "selenium.common.exceptions.TimeoutException: Message:", "trace": "tests\\conftest.py:77: in logged_in_user\n    login_page.login(registered_user[\"email\"], registered_user[\"password\"])\npages\\login_page.py:41: in login\n    self.wait_for_url_not_contains(\"/login\", timeout=10)\npages\\base_page.py:174: in wait_for_url_not_contains\n    return wait.until(lambda d: url_part not in d.current_url)\nvenv\\lib\\site-packages\\selenium\\webdriver\\support\\wait.py:101: in until\n    raise TimeoutException(message, screen, stacktrace)\nE   selenium.common.exceptions.TimeoutException: Message:"}, "description": "Проверяет переход по клику на 'Конструктор'", "parameters": [{"name": "driver", "value": "'chrome'"}], "start": 1767001895987, "stop": 1767001895987, "uuid": "ea8d5af2-5f02-46bd-9df0-317fe2eddf76", "historyId": "35e1cf2be1fb212ee9543d87eef92108", "testCaseId": "664d870d751dcd88409fb871dc3945bc", "fullName": "tests.test_constructor.TestConstructor#test_go_to_constructor", "labels": [{"name": "story", "value": "Проверка основного функционала приложения"}, {"name": "feature", "value": "Основной функционал"}, {"name": "parentSuite", "value": "tests"}, {"name": "suite", "value": "test_constructor"}, {"name": "subSuite", "value": "TestConstructor"}, {"name": "host", "value": "plr-001004476"}, {"name": "thread", "value": "28304-MainThread"}, {"name": "framework", "value": "pytest"}, {"name": "language", "value": "cpython3"}, {"name": "package", "value": "tests.test_constructor"}]}