{"name": "Номер заказа появляется в разделе 'В работе'", "status": "broken", "statusDetails": {"message": "selenium.common.exceptions.TimeoutException: Message: \nStacktrace:\nSymbols not available. Dumping unresolved backtrace:\n\t0x7ff69f437a35\n\t0x7ff69f437a90\n\t0x7ff69f1b16ad\n\t0x7ff69f20a13e\n\t0x7ff69f20a44c\n\t0x7ff69f25ebe7\n\t0x7ff69f25b8fb\n\t0x7ff69f1fb068\n\t0x7ff69f1fbe93\n\t0x7ff69f6f29d0\n\t0x7ff69f6ece50\n\t0x7ff69f70cc45\n\t0x7ff69f4530ce\n\t0x7ff69f45adbf\n\t0x7ff69f440c14\n\t0x7ff69f440dcf\n\t0x7ff69f426828\n\t0x7ffd8250e8d7\n\t0x7ffd8398c53c", "trace": "E   selenium.common.exceptions.TimeoutException: Message: \n    Stacktrace:\n    Symbols not available. Dumping unresolved backtrace:\n    \t0x7ff69f437a35\n    \t0x7ff69f437a90\n    \t0x7ff69f1b16ad\n    \t0x7ff69f20a13e\n    \t0x7ff69f20a44c\n    \t0x7ff69f25ebe7\n    \t0x7ff69f25b8fb\n    \t0x7ff69f1fb068\n    \t0x7ff69f1fbe93\n    \t0x7ff69f6f29d0\n    \t0x7ff69f6ece50\n    \t0x7ff69f70cc45\n    \t0x7ff69f4530ce\n    \t0x7ff69f45adbf\n    \t0x7ff69f440c14\n    \t0x7ff69f440dcf\n    \t0x7ff69f426828\n    \t0x7ffd8250e8d7\n    \t0x7ffd8398c53c"}, "description": "Проверяет, что номер заказа появляется в разделе 'В работе' после оформления", "steps": [{"name": "Добавляем ингредиенты в конструктор", "status": "passed", "start": 1766920992221, "stop": 1766920993863}, {"name": "Оформляем заказ", "status": "broken", "statusDetails": {"message": "selenium.common.exceptions.TimeoutException: Message: \nStacktrace:\nSymbols not available. Dumping unresolved backtrace:\n\t0x7ff69f437a35\n\t0x7ff69f437a90\n\t0x7ff69f1b16ad\n\t0x7ff69f20a13e\n\t0x7ff69f20a44c\n\t0x7ff69f25ebe7\n\t0x7ff69f25b8fb\n\t0x7ff69f1fb068\n\t0x7ff69f1fbe93\n\t0x7ff69f6f29d0\n\t0x7ff69f6ece50\n\t0x7ff69f70cc45\n\t0x7ff69f4530ce\n\t0x7ff69f45adbf\n\t0x7ff69f440c14\n\t0x7ff69f440dcf\n\t0x7ff69f426828\n\t0x7ffd8250e8d7\n\t0x7ffd8398c53c\n\n", "trace": "  File \"C:\\Users\\vikharev-d\\work\\Task_3\\tests\\test_order_feed.py\", line 132, in test_order_in_progress\n    main_page.click_order_button()\n  File \"C:\\Users\\vikharev-d\\work\\Task_3\\pages\\main_page.py\", line 128, in click_order_button\n    self.click(self.locators.ORDER_BUTTON)\n  File \"C:\\Users\\vikharev-d\\work\\Task_3\\pages\\base_page.py\", line 84, in click\n    element = self.find_visible_element(locator)\n  File \"C:\\Users\\vikharev-d\\work\\Task_3\\pages\\base_page.py\", line 61, in find_visible_element\n    element = wait.until(EC.visibility_of_element_located(locator))\n  File \"C:\\Users\\vikharev-d\\AppData\\Local\\Programs\\Python\\Python310\\lib\\site-packages\\selenium\\webdriver\\support\\wait.py\", line 101, in until\n    raise TimeoutException(message, screen, stacktrace)\n"}, "start": 1766920993863, "stop": 1766921004396}], "attachments": [{"name": "screenshot", "source": "6eaac38a-c81e-467d-b923-10e5d3aa8260-attachment.png", "type": "image/png"}], "start": 1766920992220, "stop": 1766921004397, "uuid": "5086d0d0-d4a0-4b4d-b6fe-f1e12b4e79d5", "historyId": "db22de7e6445bc8b783ef3182ac18fe0", "testCaseId": "db22de7e6445bc8b783ef3182ac18fe0", "fullName": "tests.test_order_feed.TestOrderFeed#test_order_in_progress", "labels": [{"name": "feature", "value": "Лента заказов"}, {"name": "story", "value": "Функциональность ленты заказов"}, {"name": "parentSuite", "value": "tests"}, {"name": "suite", "value": "test_order_feed"}, {"name": "subSuite", "value": "TestOrderFeed"}, {"name": "host", "value": "plr-001004476"}, {"name": "thread", "value": "28988-MainThread"}, {"name": "framework", "value": "pytest"}, {"name": "language", "value": "cpython3"}, {"name": "package", "value": "tests.test_order_feed"}]}