{"name": "Переход в раздел 'История заказов'", "status": "broken", "statusDetails": {"message": "selenium.common.exceptions.TimeoutException: Message: \nStacktrace:\nSymbols not available. Dumping unresolved backtrace:\n\t0x7ff69f437a35\n\t0x7ff69f437a90\n\t0x7ff69f1b16ad\n\t0x7ff69f20a13e\n\t0x7ff69f20a44c\n\t0x7ff69f25ebe7\n\t0x7ff69f25b8fb\n\t0x7ff69f1fb068\n\t0x7ff69f1fbe93\n\t0x7ff69f6f29d0\n\t0x7ff69f6ece50\n\t0x7ff69f70cc45\n\t0x7ff69f4530ce\n\t0x7ff69f45adbf\n\t0x7ff69f440c14\n\t0x7ff69f440dcf\n\t0x7ff69f426828\n\t0x7ffd8250e8d7\n\t0x7ffd8398c53c", "trace": "self = <tests.test_user_profile.TestUserProfile object at 0x000002BB7893AE60>\ndriver = <selenium.webdriver.chrome.webdriver.WebDriver (session=\"40379b0a0af0e07304104887d38857e4\")>\nlogged_in_user = {'api_client': <utils.api_client.ApiClient object at 0x000002BB792BEAD0>, 'driver': <selenium.webdriver.chrome.webdriv..., 'user': {'access_token': None, 'email': 'test_73416@example.com', 'name': 'TestUser1075', 'password': 'password123'}}\n\n    @allure.title(\"Переход в раздел 'История заказов'\")\n    def test_go_to_order_history(self, driver, logged_in_user):\n        \"\"\"Проверяет переход в раздел 'История заказов'\"\"\"\n        main_page = logged_in_user[\"main_page\"]\n        main_page.click_personal_account_button()\n    \n        profile_page = ProfilePage(driver)\n    \n        with allure.step(\"Кликаем по ссылке 'История заказов'\"):\n>           profile_page.click_order_history_link()\n\ntests\\test_user_profile.py:32: \n_ _ _ _ _ _ _ _ _ _ _ _ _ _ _ _ _ _ _ _ _ _ _ _ _ _ _ _ _ _ _ _ _ _ _ _ _ _ _ _\n\nself = <pages.profile_page.ProfilePage object at 0x000002BB792BFD60>\n\n    def click_order_history_link(self):\n        \"\"\"Кликает по ссылке 'История заказов'\"\"\"\n>       self.click(self.locators.ORDER_HISTORY_LINK)\n\npages\\profile_page.py:14: \n_ _ _ _ _ _ _ _ _ _ _ _ _ _ _ _ _ _ _ _ _ _ _ _ _ _ _ _ _ _ _ _ _ _ _ _ _ _ _ _\n\nself = <pages.profile_page.ProfilePage object at 0x000002BB792BFD60>\nlocator = ('xpath', \"//a[contains(@class, 'Account_link') and contains(text(), 'История заказов')]\")\n\n    def click(self, locator):\n        \"\"\"Кликает по элементу\"\"\"\n>       element = self.find_visible_element(locator)\n\npages\\base_page.py:35: \n_ _ _ _ _ _ _ _ _ _ _ _ _ _ _ _ _ _ _ _ _ _ _ _ _ _ _ _ _ _ _ _ _ _ _ _ _ _ _ _\n\nself = <pages.profile_page.ProfilePage object at 0x000002BB792BFD60>\nlocator = ('xpath', \"//a[contains(@class, 'Account_link') and contains(text(), 'История заказов')]\")\ntimeout = 10\n\n    def find_visible_element(self, locator, timeout=10):\n        \"\"\"Находит видимый элемент\"\"\"\n        wait = WebDriverWait(self.driver, timeout)\n>       return wait.until(EC.visibility_of_element_located(locator))\n\npages\\base_page.py:31: \n_ _ _ _ _ _ _ _ _ _ _ _ _ _ _ _ _ _ _ _ _ _ _ _ _ _ _ _ _ _ _ _ _ _ _ _ _ _ _ _\n\nself = <selenium.webdriver.support.wait.WebDriverWait (session=\"40379b0a0af0e07304104887d38857e4\")>\nmethod = <function visibility_of_element_located.<locals>._predicate at 0x000002BB79202E60>\nmessage = ''\n\n    def until(self, method: Callable[[WebDriver], Union[Literal[False], T]], message: str = \"\") -> T:\n        \"\"\"Calls the method provided with the driver as an argument until the \\\n        return value does not evaluate to ``False``.\n    \n        :param method: callable(WebDriver)\n        :param message: optional message for :exc:`TimeoutException`\n        :returns: the result of the last call to `method`\n        :raises: :exc:`selenium.common.exceptions.TimeoutException` if timeout occurs\n        \"\"\"\n        screen = None\n        stacktrace = None\n    \n        end_time = time.monotonic() + self._timeout\n        while True:\n            try:\n                value = method(self._driver)\n                if value:\n                    return value\n            except self._ignored_exceptions as exc:\n                screen = getattr(exc, \"screen\", None)\n                stacktrace = getattr(exc, \"stacktrace\", None)\n            time.sleep(self._poll)\n            if time.monotonic() > end_time:\n                break\n>       raise TimeoutException(message, screen, stacktrace)\nE       selenium.common.exceptions.TimeoutException: Message: \nE       Stacktrace:\nE       Symbols not available. Dumping unresolved backtrace:\nE       \t0x7ff69f437a35\nE       \t0x7ff69f437a90\nE       \t0x7ff69f1b16ad\nE       \t0x7ff69f20a13e\nE       \t0x7ff69f20a44c\nE       \t0x7ff69f25ebe7\nE       \t0x7ff69f25b8fb\nE       \t0x7ff69f1fb068\nE       \t0x7ff69f1fbe93\nE       \t0x7ff69f6f29d0\nE       \t0x7ff69f6ece50\nE       \t0x7ff69f70cc45\nE       \t0x7ff69f4530ce\nE       \t0x7ff69f45adbf\nE       \t0x7ff69f440c14\nE       \t0x7ff69f440dcf\nE       \t0x7ff69f426828\nE       \t0x7ffd8250e8d7\nE       \t0x7ffd8398c53c\n\n..\\..\\AppData\\Local\\Programs\\Python\\Python310\\lib\\site-packages\\selenium\\webdriver\\support\\wait.py:101: TimeoutException"}, "description": "Проверяет переход в раздел 'История заказов'", "steps": [{"name": "Кликаем по ссылке 'История заказов'", "status": "broken", "statusDetails": {"message": "selenium.common.exceptions.TimeoutException: Message: \nStacktrace:\nSymbols not available. Dumping unresolved backtrace:\n\t0x7ff69f437a35\n\t0x7ff69f437a90\n\t0x7ff69f1b16ad\n\t0x7ff69f20a13e\n\t0x7ff69f20a44c\n\t0x7ff69f25ebe7\n\t0x7ff69f25b8fb\n\t0x7ff69f1fb068\n\t0x7ff69f1fbe93\n\t0x7ff69f6f29d0\n\t0x7ff69f6ece50\n\t0x7ff69f70cc45\n\t0x7ff69f4530ce\n\t0x7ff69f45adbf\n\t0x7ff69f440c14\n\t0x7ff69f440dcf\n\t0x7ff69f426828\n\t0x7ffd8250e8d7\n\t0x7ffd8398c53c\n\n", "trace": "  File \"C:\\Users\\vikharev-d\\work\\Task_3\\tests\\test_user_profile.py\", line 32, in test_go_to_order_history\n    profile_page.click_order_history_link()\n  File \"C:\\Users\\vikharev-d\\work\\Task_3\\pages\\profile_page.py\", line 14, in click_order_history_link\n    self.click(self.locators.ORDER_HISTORY_LINK)\n  File \"C:\\Users\\vikharev-d\\work\\Task_3\\pages\\base_page.py\", line 35, in click\n    element = self.find_visible_element(locator)\n  File \"C:\\Users\\vikharev-d\\work\\Task_3\\pages\\base_page.py\", line 31, in find_visible_element\n    return wait.until(EC.visibility_of_element_located(locator))\n  File \"C:\\Users\\vikharev-d\\AppData\\Local\\Programs\\Python\\Python310\\lib\\site-packages\\selenium\\webdriver\\support\\wait.py\", line 101, in until\n    raise TimeoutException(message, screen, stacktrace)\n"}, "start": 1766914385625, "stop": 1766914396154}], "attachments": [{"name": "screenshot", "source": "e23c3b7a-4a7a-4a21-855e-c7a9fbec52b1-attachment.png", "type": "image/png"}], "start": 1766914385554, "stop": 1766914396155, "uuid": "b087aae0-1e48-4e80-8e98-af9d6b03d1fa", "historyId": "914afb0613043401af311cdaded0ae57", "testCaseId": "914afb0613043401af311cdaded0ae57", "fullName": "tests.test_user_profile.TestUserProfile#test_go_to_order_history", "labels": [{"name": "feature", "value": "Личный кабинет"}, {"name": "story", "value": "Функциональность личного кабинета"}, {"name": "parentSuite", "value": "tests"}, {"name": "suite", "value": "test_user_profile"}, {"name": "subSuite", "value": "TestUserProfile"}, {"name": "host", "value": "plr-001004476"}, {"name": "thread", "value": "11012-MainThread"}, {"name": "framework", "value": "pytest"}, {"name": "language", "value": "cpython3"}, {"name": "package", "value": "tests.test_user_profile"}]}