{"name": "Оформление заказа залогиненным пользователем", "status": "failed", "statusDetails": {"message": "AssertionError: Пользователь не авторизован. Кнопка 'Оформить заказ' не найдена.\nassert False\n +  where False = <bound method MainPage.is_user_logged_in of <pages.main_page.MainPage object at 0x0000021177129120>>()\n +    where <bound method MainPage.is_user_logged_in of <pages.main_page.MainPage object at 0x0000021177129120>> = <pages.main_page.MainPage object at 0x0000021177129120>.is_user_logged_in", "trace": "tests\\test_constructor.py:210: in test_create_order\n    assert main_page.is_user_logged_in(), \\\nE   AssertionError: Пользователь не авторизован. Кнопка 'Оформить заказ' не найдена.\nE   assert False\nE    +  where False = <bound method MainPage.is_user_logged_in of <pages.main_page.MainPage object at 0x0000021177129120>>()\nE    +    where <bound method MainPage.is_user_logged_in of <pages.main_page.MainPage object at 0x0000021177129120>> = <pages.main_page.MainPage object at 0x0000021177129120>.is_user_logged_in"}, "description": "Проверяет оформление заказа залогиненным пользователем", "steps": [{"name": "Загрузка сайта, проверка что сайт загружен", "status": "passed", "steps": [{"name": "Открыть страницу", "status": "passed", "start": 1767005567115, "stop": 1767005568945}, {"name": "Ожидать загрузки главной страницы", "status": "passed", "steps": [{"name": "Ожидать исчезновения элемента", "status": "passed", "parameters": [{"name": "locator", "value": "('xpath', \"//div[contains(@class, 'Modal_modal_overlay')]\")"}, {"name": "timeout", "value": "5"}], "start": 1767005568945, "stop": 1767005568960}], "start": 1767005568945, "stop": 1767005568960}], "start": 1767005567115, "stop": 1767005568960}, {"name": "Авторизуемся (используем данные из фикстуры registered_user)", "status": "passed", "steps": [{"name": "Открыть страницу", "status": "passed", "start": 1767005568960, "stop": 1767005569193}, {"name": "Выполнить вход", "status": "passed", "steps": [{"name": "Ввести email", "status": "passed", "steps": [{"name": "Ввести текст в поле", "status": "passed", "steps": [{"name": "Найти видимый элемент", "status": "passed", "parameters": [{"name": "locator", "value": "('xpath', \"//input[@name='name' and @type='text']\")"}, {"name": "timeout", "value": "10"}], "start": 1767005569193, "stop": 1767005569227}], "parameters": [{"name": "locator", "value": "('xpath', \"//input[@name='name' and @type='text']\")"}, {"name": "text", "value": "'test_68698@example.com'"}], "start": 1767005569193, "stop": 1767005569297}], "parameters": [{"name": "email", "value": "'test_68698@example.com'"}], "start": 1767005569193, "stop": 1767005569297}, {"name": "Ввести пароль", "status": "passed", "steps": [{"name": "Ввести текст в поле", "status": "passed", "steps": [{"name": "Найти видимый элемент", "status": "passed", "parameters": [{"name": "locator", "value": "('xpath', \"//input[@name='Пароль' and @type='password']\")"}, {"name": "timeout", "value": "10"}], "start": 1767005569298, "stop": 1767005569331}], "parameters": [{"name": "locator", "value": "('xpath', \"//input[@name='Пароль' and @type='password']\")"}, {"name": "text", "value": "'password123'"}], "start": 1767005569298, "stop": 1767005569390}], "parameters": [{"name": "password", "value": "'password123'"}], "start": 1767005569298, "stop": 1767005569390}, {"name": "Кликнуть по кнопке входа", "status": "passed", "steps": [{"name": "Кликнуть по элементу через JavaScript", "status": "passed", "steps": [{"name": "Найти видимый элемент", "status": "passed", "parameters": [{"name": "locator", "value": "('xpath', \"//button[contains(@class, 'button_button') and contains(text(), 'Войти')]\")"}, {"name": "timeout", "value": "10"}], "start": 1767005569390, "stop": 1767005569423}], "parameters": [{"name": "locator", "value": "('xpath', \"//button[contains(@class, 'button_button') and contains(text(), 'Войти')]\")"}], "start": 1767005569390, "stop": 1767005569427}], "start": 1767005569390, "stop": 1767005569428}, {"name": "Проверить, что URL содержит часть", "status": "passed", "parameters": [{"name": "url_part", "value": "'https://stellarburgers.education-services.ru'"}, {"name": "timeout", "value": "8"}], "start": 1767005571438, "stop": 1767005571445}], "parameters": [{"name": "email", "value": "'test_68698@example.com'"}, {"name": "password", "value": "'password123'"}], "start": 1767005569193, "stop": 1767005571445}, {"name": "Открыть страницу", "status": "passed", "start": 1767005573453, "stop": 1767005573534}, {"name": "Ожидать загрузки главной страницы", "status": "passed", "steps": [{"name": "Ожидать исчезновения элемента", "status": "passed", "parameters": [{"name": "locator", "value": "('xpath', \"//div[contains(@class, 'Modal_modal_overlay')]\")"}, {"name": "timeout", "value": "5"}], "start": 1767005573534, "stop": 1767005573683}], "start": 1767005573534, "stop": 1767005573683}], "start": 1767005568960, "stop": 1767005573683}, {"name": "Переходим в конструктор, проверяем что находимся в конструкторе и мы авторизованы (находим заголовок 'Соберите бургер' и в области конструктора есть кнопка 'Оформить заказ')", "status": "failed", "statusDetails": {"message": "AssertionError: Пользователь не авторизован. Кнопка 'Оформить заказ' не найдена.\nassert False\n +  where False = <bound method MainPage.is_user_logged_in of <pages.main_page.MainPage object at 0x0000021177129120>>()\n +    where <bound method MainPage.is_user_logged_in of <pages.main_page.MainPage object at 0x0000021177129120>> = <pages.main_page.MainPage object at 0x0000021177129120>.is_user_logged_in\n", "trace": "  File \"C:\\Users\\vikharev-d\\work\\Task_3\\tests\\test_constructor.py\", line 210, in test_create_order\n    assert main_page.is_user_logged_in(), \\\n"}, "steps": [{"name": "Кликнуть по кнопке 'Конструктор'", "status": "passed", "steps": [{"name": "Ожидать загрузки главной страницы", "status": "passed", "steps": [{"name": "Ожидать исчезновения элемента", "status": "passed", "parameters": [{"name": "locator", "value": "('xpath', \"//div[contains(@class, 'Modal_modal_overlay')]\")"}, {"name": "timeout", "value": "5"}], "start": 1767005573683, "stop": 1767005573703}], "start": 1767005573683, "stop": 1767005573703}, {"name": "Кликнуть по элементу через JavaScript", "status": "passed", "steps": [{"name": "Найти видимый элемент", "status": "passed", "parameters": [{"name": "locator", "value": "('xpath', \"//a[contains(@class, 'AppHeader_header__link') and (@href='/' or @href='https://stellarburgers.education-services.ru/')]\")"}, {"name": "timeout", "value": "10"}], "start": 1767005573703, "stop": 1767005573735}], "parameters": [{"name": "locator", "value": "('xpath', \"//a[contains(@class, 'AppHeader_header__link') and (@href='/' or @href='https://stellarburgers.education-services.ru/')]\")"}], "start": 1767005573703, "stop": 1767005573740}], "start": 1767005573683, "stop": 1767005573740}, {"name": "Проверить видимость конструктора", "status": "passed", "steps": [{"name": "Проверить видимость элемента", "status": "passed", "parameters": [{"name": "locator", "value": "('xpath', \"//h1[contains(text(), 'Соберите бургер')]\")"}, {"name": "timeout", "value": "5"}], "start": 1767005573740, "stop": 1767005573763}], "start": 1767005573740, "stop": 1767005573763}, {"name": "Проверить, что пользователь авторизован", "status": "passed", "steps": [{"name": "Проверить видимость элемента", "status": "passed", "parameters": [{"name": "locator", "value": "('xpath', \"//button[contains(@class, 'button_button__33qZ0') and contains(text(), 'Оформить заказ')]\")"}, {"name": "timeout", "value": "3"}], "start": 1767005573763, "stop": 1767005584285}], "start": 1767005573763, "stop": 1767005584285}], "start": 1767005573683, "stop": 1767005584285}], "attachments": [{"name": "screenshot", "source": "adef7f38-d205-4ea2-b0af-a57528d5368f-attachment.png", "type": "image/png"}], "parameters": [{"name": "driver", "value": "'chrome'"}], "start": 1767005567114, "stop": 1767005584286, "uuid": "f70d1d13-1477-47bb-8d67-cb463d1eb9a7", "historyId": "ce482e565c0f91204c0af966a9b26300", "testCaseId": "08697d8feb5c30f95bcfbb211cf0c003", "fullName": "tests.test_constructor.TestConstructor#test_create_order", "labels": [{"name": "feature", "value": "Основной функционал"}, {"name": "story", "value": "Проверка основного функционала приложения"}, {"name": "parentSuite", "value": "tests"}, {"name": "suite", "value": "test_constructor"}, {"name": "subSuite", "value": "TestConstructor"}, {"name": "host", "value": "plr-001004476"}, {"name": "thread", "value": "29132-MainThread"}, {"name": "framework", "value": "pytest"}, {"name": "language", "value": "cpython3"}, {"name": "package", "value": "tests.test_constructor"}]}