{"name": "Оформление заказа залогиненным пользователем", "status": "broken", "statusDetails": {"message": "Exception: Пользователь не авторизован. Кнопка 'Оформить заказ' не найдена.", "trace": "tests\\test_constructor.py:193: in test_create_order\n    main_page.click_order_button()\npages\\main_page.py:209: in click_order_button\n    raise Exception(\"Пользователь не авторизован. Кнопка 'Оформить заказ' не найдена.\")\nE   Exception: Пользователь не авторизован. Кнопка 'Оформить заказ' не найдена."}, "description": "Проверяет оформление заказа залогиненным пользователем", "steps": [{"name": "Добавляем ингредиенты в конструктор", "status": "passed", "steps": [{"name": "Перетащить ингредиент в конструктор", "status": "passed", "steps": [{"name": "Найти видимый элемент", "status": "passed", "parameters": [{"name": "locator", "value": "('xpath', \"//a[contains(@class, 'BurgerIngredient_ingredient')]//p[text()='Флюоресцентная булка R2-D3']/parent::a\")"}, {"name": "timeout", "value": "10"}], "start": 1767004807355, "stop": 1767004807389}, {"name": "Найти видимый элемент", "status": "passed", "parameters": [{"name": "locator", "value": "('xpath', \"//ul[contains(@class, 'BurgerConstructor_basket__list__l9dp_')]\")"}, {"name": "timeout", "value": "10"}], "start": 1767004807389, "stop": 1767004807418}, {"name": "Перетащить элемент", "status": "passed", "parameters": [{"name": "source", "value": "<selenium.webdriver.remote.webelement.WebElement (session=\"4bed701d75f761cce076da28cee1b5f0\", element=\"f.D7A3E87CF3B37E51A27E4375433CC9BD.d.001177F854817B6243818FEED0C2DAF9.e.72\")>"}, {"name": "target", "value": "<selenium.webdriver.remote.webelement.WebElement (session=\"4bed701d75f761cce076da28cee1b5f0\", element=\"f.D7A3E87CF3B37E51A27E4375433CC9BD.d.001177F854817B6243818FEED0C2DAF9.e.73\")>"}], "start": 1767004807422, "stop": 1767004807431}], "parameters": [{"name": "ingredient_locator", "value": "('xpath', \"//a[contains(@class, 'BurgerIngredient_ingredient')]//p[text()='Флюоресцентная булка R2-D3']/parent::a\")"}], "start": 1767004807354, "stop": 1767004807431}], "start": 1767004807354, "stop": 1767004808432}, {"name": "Кликаем по кнопке 'Оформить заказ'", "status": "broken", "statusDetails": {"message": "Exception: Пользователь не авторизован. Кнопка 'Оформить заказ' не найдена.\n", "trace": "  File \"C:\\Users\\vikharev-d\\work\\Task_3\\tests\\test_constructor.py\", line 193, in test_create_order\n    main_page.click_order_button()\n  File \"C:\\Users\\vikharev-d\\work\\Task_3\\venv\\lib\\site-packages\\allure_commons\\_allure.py\", line 192, in impl\n    return func(*a, **kw)\n  File \"C:\\Users\\vikharev-d\\work\\Task_3\\pages\\main_page.py\", line 209, in click_order_button\n    raise Exception(\"Пользователь не авторизован. Кнопка 'Оформить заказ' не найдена.\")\n"}, "steps": [{"name": "Кликнуть по кнопке 'Оформить заказ'", "status": "broken", "statusDetails": {"message": "Exception: Пользователь не авторизован. Кнопка 'Оформить заказ' не найдена.\n", "trace": "  File \"C:\\Users\\vikharev-d\\work\\Task_3\\venv\\lib\\site-packages\\allure_commons\\_allure.py\", line 192, in impl\n    return func(*a, **kw)\n  File \"C:\\Users\\vikharev-d\\work\\Task_3\\pages\\main_page.py\", line 209, in click_order_button\n    raise Exception(\"Пользователь не авторизован. Кнопка 'Оформить заказ' не найдена.\")\n"}, "steps": [{"name": "Проверить, что пользователь авторизован", "status": "passed", "steps": [{"name": "Проверить видимость элемента", "status": "passed", "parameters": [{"name": "locator", "value": "('xpath', \"//button[contains(@class, 'button_button__33qZ0') and contains(text(), 'Оформить заказ')]\")"}, {"name": "timeout", "value": "3"}], "start": 1767004808432, "stop": 1767004819008}], "start": 1767004808432, "stop": 1767004819008}], "start": 1767004808432, "stop": 1767004819008}], "start": 1767004808432, "stop": 1767004819009}], "attachments": [{"name": "screenshot", "source": "7a3ef765-bed1-4f40-be5a-cd7358ff3b0a-attachment.png", "type": "image/png"}], "parameters": [{"name": "driver", "value": "'chrome'"}], "start": 1767004807354, "stop": 1767004819009, "uuid": "7f528233-333e-4146-a7d8-aed9184799fc", "historyId": "ce482e565c0f91204c0af966a9b26300", "testCaseId": "08697d8feb5c30f95bcfbb211cf0c003", "fullName": "tests.test_constructor.TestConstructor#test_create_order", "labels": [{"name": "feature", "value": "Основной функционал"}, {"name": "story", "value": "Проверка основного функционала приложения"}, {"name": "parentSuite", "value": "tests"}, {"name": "suite", "value": "test_constructor"}, {"name": "subSuite", "value": "TestConstructor"}, {"name": "host", "value": "plr-001004476"}, {"name": "thread", "value": "28616-MainThread"}, {"name": "framework", "value": "pytest"}, {"name": "language", "value": "cpython3"}, {"name": "package", "value": "tests.test_constructor"}]}