{"name": "Номер заказа появляется в разделе 'В работе'", "status": "broken", "statusDetails": {"message": "selenium.common.exceptions.TimeoutException: Message: \nStacktrace:\nSymbols not available. Dumping unresolved backtrace:\n\t0x7ff69f437a35\n\t0x7ff69f437a90\n\t0x7ff69f1b16ad\n\t0x7ff69f20a13e\n\t0x7ff69f20a44c\n\t0x7ff69f25ebe7\n\t0x7ff69f25b8fb\n\t0x7ff69f1fb068\n\t0x7ff69f1fbe93\n\t0x7ff69f6f29d0\n\t0x7ff69f6ece50\n\t0x7ff69f70cc45\n\t0x7ff69f4530ce\n\t0x7ff69f45adbf\n\t0x7ff69f440c14\n\t0x7ff69f440dcf\n\t0x7ff69f426828\n\t0x7ffd8250e8d7\n\t0x7ffd8398c53c", "trace": "tests\\test_order_feed.py:132: in test_order_in_progress\n    main_page.click_order_button()\npages\\main_page.py:128: in click_order_button\n    self.click(self.locators.ORDER_BUTTON)\npages\\base_page.py:84: in click\n    element = self.find_visible_element(locator)\npages\\base_page.py:61: in find_visible_element\n    element = wait.until(EC.visibility_of_element_located(locator))\n..\\..\\AppData\\Local\\Programs\\Python\\Python310\\lib\\site-packages\\selenium\\webdriver\\support\\wait.py:101: in until\n    raise TimeoutException(message, screen, stacktrace)\nE   selenium.common.exceptions.TimeoutException: Message: \nE   Stacktrace:\nE   Symbols not available. Dumping unresolved backtrace:\nE   \t0x7ff69f437a35\nE   \t0x7ff69f437a90\nE   \t0x7ff69f1b16ad\nE   \t0x7ff69f20a13e\nE   \t0x7ff69f20a44c\nE   \t0x7ff69f25ebe7\nE   \t0x7ff69f25b8fb\nE   \t0x7ff69f1fb068\nE   \t0x7ff69f1fbe93\nE   \t0x7ff69f6f29d0\nE   \t0x7ff69f6ece50\nE   \t0x7ff69f70cc45\nE   \t0x7ff69f4530ce\nE   \t0x7ff69f45adbf\nE   \t0x7ff69f440c14\nE   \t0x7ff69f440dcf\nE   \t0x7ff69f426828\nE   \t0x7ffd8250e8d7\nE   \t0x7ffd8398c53c"}, "description": "Проверяет, что номер заказа появляется в разделе 'В работе' после оформления", "steps": [{"name": "Добавляем ингредиенты в конструктор", "status": "passed", "start": 1766921391168, "stop": 1766921392811}, {"name": "Оформляем заказ", "status": "broken", "statusDetails": {"message": "selenium.common.exceptions.TimeoutException: Message: \nStacktrace:\nSymbols not available. Dumping unresolved backtrace:\n\t0x7ff69f437a35\n\t0x7ff69f437a90\n\t0x7ff69f1b16ad\n\t0x7ff69f20a13e\n\t0x7ff69f20a44c\n\t0x7ff69f25ebe7\n\t0x7ff69f25b8fb\n\t0x7ff69f1fb068\n\t0x7ff69f1fbe93\n\t0x7ff69f6f29d0\n\t0x7ff69f6ece50\n\t0x7ff69f70cc45\n\t0x7ff69f4530ce\n\t0x7ff69f45adbf\n\t0x7ff69f440c14\n\t0x7ff69f440dcf\n\t0x7ff69f426828\n\t0x7ffd8250e8d7\n\t0x7ffd8398c53c\n\n", "trace": "  File \"C:\\Users\\vikharev-d\\work\\Task_3\\tests\\test_order_feed.py\", line 132, in test_order_in_progress\n    main_page.click_order_button()\n  File \"C:\\Users\\vikharev-d\\work\\Task_3\\pages\\main_page.py\", line 128, in click_order_button\n    self.click(self.locators.ORDER_BUTTON)\n  File \"C:\\Users\\vikharev-d\\work\\Task_3\\pages\\base_page.py\", line 84, in click\n    element = self.find_visible_element(locator)\n  File \"C:\\Users\\vikharev-d\\work\\Task_3\\pages\\base_page.py\", line 61, in find_visible_element\n    element = wait.until(EC.visibility_of_element_located(locator))\n  File \"C:\\Users\\vikharev-d\\AppData\\Local\\Programs\\Python\\Python310\\lib\\site-packages\\selenium\\webdriver\\support\\wait.py\", line 101, in until\n    raise TimeoutException(message, screen, stacktrace)\n"}, "start": 1766921392811, "stop": 1766921403433}], "attachments": [{"name": "screenshot", "source": "862d1fb6-6f0d-46c3-b235-d7f7b1a3b3a8-attachment.png", "type": "image/png"}], "start": 1766921391168, "stop": 1766921403434, "uuid": "027870f9-7380-4530-8a9a-f27bdb053eaf", "historyId": "db22de7e6445bc8b783ef3182ac18fe0", "testCaseId": "db22de7e6445bc8b783ef3182ac18fe0", "fullName": "tests.test_order_feed.TestOrderFeed#test_order_in_progress", "labels": [{"name": "feature", "value": "Лента заказов"}, {"name": "story", "value": "Функциональность ленты заказов"}, {"name": "parentSuite", "value": "tests"}, {"name": "suite", "value": "test_order_feed"}, {"name": "subSuite", "value": "TestOrderFeed"}, {"name": "host", "value": "plr-001004476"}, {"name": "thread", "value": "26284-MainThread"}, {"name": "framework", "value": "pytest"}, {"name": "language", "value": "cpython3"}, {"name": "package", "value": "tests.test_order_feed"}]}