{"name": "Переход по клику на 'Личный кабинет'", "status": "failed", "statusDetails": {"message": "AssertionError: Страница профиля не открылась\nassert False\n +  where False = <bound method ProfilePage.is_profile_page_visible of <pages.profile_page.ProfilePage object at 0x000002766501B340>>()\n +    where <bound method ProfilePage.is_profile_page_visible of <pages.profile_page.ProfilePage object at 0x000002766501B340>> = <pages.profile_page.ProfilePage object at 0x000002766501B340>.is_profile_page_visible", "trace": "self = <tests.test_user_profile.TestUserProfile object at 0x0000027664FCE3B0>\ndriver = <selenium.webdriver.chrome.webdriver.WebDriver (session=\"40518f4099f43ef106c9c5bc0fc6002d\")>\nlogged_in_user = {'api_client': <utils.api_client.ApiClient object at 0x00000276650198A0>, 'driver': <selenium.webdriver.chrome.webdriv..., 'user': {'access_token': None, 'email': 'test_78444@example.com', 'name': 'TestUser3799', 'password': 'password123'}}\n\n    @allure.title(\"Переход по клику на 'Личный кабинет'\")\n    def test_go_to_personal_account(self, driver, logged_in_user):\n        \"\"\"Проверяет переход по клику на 'Личный кабинет'\"\"\"\n        main_page = logged_in_user[\"main_page\"]\n    \n        with allure.step(\"Кликаем по кнопке 'Личный кабинет'\"):\n            main_page.click_personal_account_button()\n    \n        profile_page = ProfilePage(driver)\n    \n        with allure.step(\"Проверяем, что открылась страница профиля\"):\n>           assert profile_page.is_profile_page_visible(), \"Страница профиля не открылась\"\nE           AssertionError: Страница профиля не открылась\nE           assert False\nE            +  where False = <bound method ProfilePage.is_profile_page_visible of <pages.profile_page.ProfilePage object at 0x000002766501B340>>()\nE            +    where <bound method ProfilePage.is_profile_page_visible of <pages.profile_page.ProfilePage object at 0x000002766501B340>> = <pages.profile_page.ProfilePage object at 0x000002766501B340>.is_profile_page_visible\n\ntests\\test_user_profile.py:21: AssertionError"}, "description": "Проверяет переход по клику на 'Личный кабинет'", "steps": [{"name": "Кликаем по кнопке 'Личный кабинет'", "status": "passed", "start": 1766915303142, "stop": 1766915303223}, {"name": "Проверяем, что открылась страница профиля", "status": "failed", "statusDetails": {"message": "AssertionError: Страница профиля не открылась\nassert False\n +  where False = <bound method ProfilePage.is_profile_page_visible of <pages.profile_page.ProfilePage object at 0x000002766501B340>>()\n +    where <bound method ProfilePage.is_profile_page_visible of <pages.profile_page.ProfilePage object at 0x000002766501B340>> = <pages.profile_page.ProfilePage object at 0x000002766501B340>.is_profile_page_visible\n", "trace": "  File \"C:\\Users\\vikharev-d\\work\\Task_3\\tests\\test_user_profile.py\", line 21, in test_go_to_personal_account\n    assert profile_page.is_profile_page_visible(), \"Страница профиля не открылась\"\n"}, "start": 1766915303223, "stop": 1766915313754}], "attachments": [{"name": "screenshot", "source": "0f58d4e7-cbf4-4f42-a674-93eda7f3fc68-attachment.png", "type": "image/png"}], "start": 1766915303141, "stop": 1766915313754, "uuid": "03f0bcd0-b285-4485-8f6c-0a115cdb28df", "historyId": "3f63190e12116b290d9d57555353d6ff", "testCaseId": "3f63190e12116b290d9d57555353d6ff", "fullName": "tests.test_user_profile.TestUserProfile#test_go_to_personal_account", "labels": [{"name": "story", "value": "Функциональность личного кабинета"}, {"name": "feature", "value": "Личный кабинет"}, {"name": "parentSuite", "value": "tests"}, {"name": "suite", "value": "test_user_profile"}, {"name": "subSuite", "value": "TestUserProfile"}, {"name": "host", "value": "plr-001004476"}, {"name": "thread", "value": "27336-MainThread"}, {"name": "framework", "value": "pytest"}, {"name": "language", "value": "cpython3"}, {"name": "package", "value": "tests.test_user_profile"}]}