{"name": "Всплывающее окно с деталями заказа", "status": "broken", "statusDetails": {"message": "selenium.common.exceptions.TimeoutException: Message: \nStacktrace:\nRemoteError@chrome://remote/content/shared/RemoteError.sys.mjs:8:8\nWebDriverError@chrome://remote/content/shared/webdriver/Errors.sys.mjs:202:5\nNoSuchElementError@chrome://remote/content/shared/webdriver/Errors.sys.mjs:555:5\ndom.find/</<@chrome://remote/content/shared/DOM.sys.mjs:136:16", "trace": "tests\\test_order_feed.py:16: in test_order_modal\n    main_page.click_order_feed_button()\npages\\main_page.py:18: in click_order_feed_button\n    self.click(self.locators.ORDER_FEED_BUTTON)\npages\\base_page.py:35: in click\n    element = self.find_visible_element(locator)\npages\\base_page.py:31: in find_visible_element\n    return wait.until(EC.visibility_of_element_located(locator))\n..\\..\\AppData\\Local\\Programs\\Python\\Python310\\lib\\site-packages\\selenium\\webdriver\\support\\wait.py:101: in until\n    raise TimeoutException(message, screen, stacktrace)\nE   selenium.common.exceptions.TimeoutException: Message: \nE   Stacktrace:\nE   RemoteError@chrome://remote/content/shared/RemoteError.sys.mjs:8:8\nE   WebDriverError@chrome://remote/content/shared/webdriver/Errors.sys.mjs:202:5\nE   NoSuchElementError@chrome://remote/content/shared/webdriver/Errors.sys.mjs:555:5\nE   dom.find/</<@chrome://remote/content/shared/DOM.sys.mjs:136:16"}, "description": "Проверяет открытие модального окна с деталями заказа", "attachments": [{"name": "screenshot", "source": "40e8c476-4311-47d2-a05d-2b9cf11e37c2-attachment.png", "type": "image/png"}], "start": 1766911202740, "stop": 1766911213261, "uuid": "4bb3c0b6-7933-43f2-955d-15a3130f27b6", "historyId": "d471773a1b212acb65506b848a5102ba", "testCaseId": "d471773a1b212acb65506b848a5102ba", "fullName": "tests.test_order_feed.TestOrderFeed#test_order_modal", "labels": [{"name": "story", "value": "Функциональность ленты заказов"}, {"name": "feature", "value": "Лента заказов"}, {"name": "parentSuite", "value": "tests"}, {"name": "suite", "value": "test_order_feed"}, {"name": "subSuite", "value": "TestOrderFeed"}, {"name": "host", "value": "plr-001004476"}, {"name": "thread", "value": "27152-MainThread"}, {"name": "framework", "value": "pytest"}, {"name": "language", "value": "cpython3"}, {"name": "package", "value": "tests.test_order_feed"}]}