{"name": "Оформление заказа залогиненным пользователем", "status": "broken", "statusDetails": {"message": "selenium.common.exceptions.TimeoutException: Message: \nStacktrace:\nSymbols not available. Dumping unresolved backtrace:\n\t0x7ff69f437a35\n\t0x7ff69f437a90\n\t0x7ff69f1b16ad\n\t0x7ff69f20a13e\n\t0x7ff69f20a44c\n\t0x7ff69f25ebe7\n\t0x7ff69f25b8fb\n\t0x7ff69f1fb068\n\t0x7ff69f1fbe93\n\t0x7ff69f6f29d0\n\t0x7ff69f6ece50\n\t0x7ff69f70cc45\n\t0x7ff69f4530ce\n\t0x7ff69f45adbf\n\t0x7ff69f440c14\n\t0x7ff69f440dcf\n\t0x7ff69f426828\n\t0x7ffd8250e8d7\n\t0x7ffd8398c53c", "trace": "self = <tests.test_constructor.TestConstructor object at 0x0000027664FCC370>\ndriver = <selenium.webdriver.chrome.webdriver.WebDriver (session=\"1c60bed4b7d04ade8615f9b43c5b1697\")>\nlogged_in_user = {'api_client': <utils.api_client.ApiClient object at 0x0000027665112230>, 'driver': <selenium.webdriver.chrome.webdriv..., 'user': {'access_token': None, 'email': 'test_99477@example.com', 'name': 'TestUser1412', 'password': 'password123'}}\n\n    @allure.title(\"Оформление заказа залогиненным пользователем\")\n    def test_create_order(self, driver, logged_in_user):\n        \"\"\"Проверяет оформление заказа залогиненным пользователем\"\"\"\n        main_page = logged_in_user[\"main_page\"]\n    \n        # Добавляем ингредиенты в конструктор\n        with allure.step(\"Добавляем ингредиенты в конструктор\"):\n>           main_page.drag_ingredient_to_constructor(main_page.locators.FIRST_BUN_INGREDIENT)\n\ntests\\test_constructor.py:96: \n_ _ _ _ _ _ _ _ _ _ _ _ _ _ _ _ _ _ _ _ _ _ _ _ _ _ _ _ _ _ _ _ _ _ _ _ _ _ _ _\n\nself = <pages.main_page.MainPage object at 0x0000027665112C50>\ningredient_locator = ('xpath', \"(//a[contains(@class, 'BurgerIngredient_ingredient')])[1]\")\n\n    def drag_ingredient_to_constructor(self, ingredient_locator):\n        \"\"\"Перетаскивает ингредиент в конструктор\"\"\"\n        from selenium.webdriver.common.action_chains import ActionChains\n    \n>       ingredient = self.find_visible_element(ingredient_locator)\n\npages\\main_page.py:62: \n_ _ _ _ _ _ _ _ _ _ _ _ _ _ _ _ _ _ _ _ _ _ _ _ _ _ _ _ _ _ _ _ _ _ _ _ _ _ _ _\n\nself = <pages.main_page.MainPage object at 0x0000027665112C50>\nlocator = ('xpath', \"(//a[contains(@class, 'BurgerIngredient_ingredient')])[1]\")\ntimeout = 10\n\n    def find_visible_element(self, locator, timeout=10):\n        \"\"\"Находит видимый элемент\"\"\"\n        wait = WebDriverWait(self.driver, timeout)\n>       return wait.until(EC.visibility_of_element_located(locator))\n\npages\\base_page.py:31: \n_ _ _ _ _ _ _ _ _ _ _ _ _ _ _ _ _ _ _ _ _ _ _ _ _ _ _ _ _ _ _ _ _ _ _ _ _ _ _ _\n\nself = <selenium.webdriver.support.wait.WebDriverWait (session=\"1c60bed4b7d04ade8615f9b43c5b1697\")>\nmethod = <function visibility_of_element_located.<locals>._predicate at 0x0000027664FBBD90>\nmessage = ''\n\n    def until(self, method: Callable[[WebDriver], Union[Literal[False], T]], message: str = \"\") -> T:\n        \"\"\"Calls the method provided with the driver as an argument until the \\\n        return value does not evaluate to ``False``.\n    \n        :param method: callable(WebDriver)\n        :param message: optional message for :exc:`TimeoutException`\n        :returns: the result of the last call to `method`\n        :raises: :exc:`selenium.common.exceptions.TimeoutException` if timeout occurs\n        \"\"\"\n        screen = None\n        stacktrace = None\n    \n        end_time = time.monotonic() + self._timeout\n        while True:\n            try:\n                value = method(self._driver)\n                if value:\n                    return value\n            except self._ignored_exceptions as exc:\n                screen = getattr(exc, \"screen\", None)\n                stacktrace = getattr(exc, \"stacktrace\", None)\n            time.sleep(self._poll)\n            if time.monotonic() > end_time:\n                break\n>       raise TimeoutException(message, screen, stacktrace)\nE       selenium.common.exceptions.TimeoutException: Message: \nE       Stacktrace:\nE       Symbols not available. Dumping unresolved backtrace:\nE       \t0x7ff69f437a35\nE       \t0x7ff69f437a90\nE       \t0x7ff69f1b16ad\nE       \t0x7ff69f20a13e\nE       \t0x7ff69f20a44c\nE       \t0x7ff69f25ebe7\nE       \t0x7ff69f25b8fb\nE       \t0x7ff69f1fb068\nE       \t0x7ff69f1fbe93\nE       \t0x7ff69f6f29d0\nE       \t0x7ff69f6ece50\nE       \t0x7ff69f70cc45\nE       \t0x7ff69f4530ce\nE       \t0x7ff69f45adbf\nE       \t0x7ff69f440c14\nE       \t0x7ff69f440dcf\nE       \t0x7ff69f426828\nE       \t0x7ffd8250e8d7\nE       \t0x7ffd8398c53c\n\n..\\..\\AppData\\Local\\Programs\\Python\\Python310\\lib\\site-packages\\selenium\\webdriver\\support\\wait.py:101: TimeoutException"}, "description": "Проверяет оформление заказа залогиненным пользователем", "steps": [{"name": "Добавляем ингредиенты в конструктор", "status": "broken", "statusDetails": {"message": "selenium.common.exceptions.TimeoutException: Message: \nStacktrace:\nSymbols not available. Dumping unresolved backtrace:\n\t0x7ff69f437a35\n\t0x7ff69f437a90\n\t0x7ff69f1b16ad\n\t0x7ff69f20a13e\n\t0x7ff69f20a44c\n\t0x7ff69f25ebe7\n\t0x7ff69f25b8fb\n\t0x7ff69f1fb068\n\t0x7ff69f1fbe93\n\t0x7ff69f6f29d0\n\t0x7ff69f6ece50\n\t0x7ff69f70cc45\n\t0x7ff69f4530ce\n\t0x7ff69f45adbf\n\t0x7ff69f440c14\n\t0x7ff69f440dcf\n\t0x7ff69f426828\n\t0x7ffd8250e8d7\n\t0x7ffd8398c53c\n\n", "trace": "  File \"C:\\Users\\vikharev-d\\work\\Task_3\\tests\\test_constructor.py\", line 96, in test_create_order\n    main_page.drag_ingredient_to_constructor(main_page.locators.FIRST_BUN_INGREDIENT)\n  File \"C:\\Users\\vikharev-d\\work\\Task_3\\pages\\main_page.py\", line 62, in drag_ingredient_to_constructor\n    ingredient = self.find_visible_element(ingredient_locator)\n  File \"C:\\Users\\vikharev-d\\work\\Task_3\\pages\\base_page.py\", line 31, in find_visible_element\n    return wait.until(EC.visibility_of_element_located(locator))\n  File \"C:\\Users\\vikharev-d\\AppData\\Local\\Programs\\Python\\Python310\\lib\\site-packages\\selenium\\webdriver\\support\\wait.py\", line 101, in until\n    raise TimeoutException(message, screen, stacktrace)\n"}, "start": 1766915018155, "stop": 1766915028714}], "attachments": [{"name": "screenshot", "source": "de687030-9689-4204-9430-443b36ecbe10-attachment.png", "type": "image/png"}], "start": 1766915018155, "stop": 1766915028714, "uuid": "2db634bb-b59d-4d98-9bb0-ebe19c04241f", "historyId": "08697d8feb5c30f95bcfbb211cf0c003", "testCaseId": "08697d8feb5c30f95bcfbb211cf0c003", "fullName": "tests.test_constructor.TestConstructor#test_create_order", "labels": [{"name": "story", "value": "Проверка основного функционала приложения"}, {"name": "feature", "value": "Основной функционал"}, {"name": "parentSuite", "value": "tests"}, {"name": "suite", "value": "test_constructor"}, {"name": "subSuite", "value": "TestConstructor"}, {"name": "host", "value": "plr-001004476"}, {"name": "thread", "value": "27336-MainThread"}, {"name": "framework", "value": "pytest"}, {"name": "language", "value": "cpython3"}, {"name": "package", "value": "tests.test_constructor"}]}