{"name": "Успешный вход в систему", "status": "failed", "statusDetails": {"message": "AssertionError: Главная страница не открылась после входа\nassert False\n +  where False = <bound method BasePage.is_element_visible of <pages.main_page.MainPage object at 0x00000262B2E6D0C0>>(('xpath', \"//a[contains(@class, 'AppHeader_header__link') and contains(text(), 'Конструктор')]\"))\n +    where <bound method BasePage.is_element_visible of <pages.main_page.MainPage object at 0x00000262B2E6D0C0>> = <pages.main_page.MainPage object at 0x00000262B2E6D0C0>.is_element_visible\n +    and   ('xpath', \"//a[contains(@class, 'AppHeader_header__link') and contains(text(), 'Конструктор')]\") = <locators.main_locators.MainPageLocators object at 0x00000262B2E6C070>.CONSTRUCTOR_BUTTON\n +      where <locators.main_locators.MainPageLocators object at 0x00000262B2E6C070> = <pages.main_page.MainPage object at 0x00000262B2E6D0C0>.locators", "trace": "tests\\test_login.py:29: in test_successful_login\n    assert main_page.is_element_visible(\nE   AssertionError: Главная страница не открылась после входа\nE   assert False\nE    +  where False = <bound method BasePage.is_element_visible of <pages.main_page.MainPage object at 0x00000262B2E6D0C0>>(('xpath', \"//a[contains(@class, 'AppHeader_header__link') and contains(text(), 'Конструктор')]\"))\nE    +    where <bound method BasePage.is_element_visible of <pages.main_page.MainPage object at 0x00000262B2E6D0C0>> = <pages.main_page.MainPage object at 0x00000262B2E6D0C0>.is_element_visible\nE    +    and   ('xpath', \"//a[contains(@class, 'AppHeader_header__link') and contains(text(), 'Конструктор')]\") = <locators.main_locators.MainPageLocators object at 0x00000262B2E6C070>.CONSTRUCTOR_BUTTON\nE    +      where <locators.main_locators.MainPageLocators object at 0x00000262B2E6C070> = <pages.main_page.MainPage object at 0x00000262B2E6D0C0>.locators"}, "description": "Проверяет успешный вход в систему", "steps": [{"name": "Вводим учетные данные", "status": "passed", "start": 1766910819910, "stop": 1766910820077}, {"name": "Кликаем по кнопке входа", "status": "passed", "start": 1766910820077, "stop": 1766910820136}, {"name": "Проверяем, что открылась главная страница", "status": "failed", "statusDetails": {"message": "AssertionError: Главная страница не открылась после входа\nassert False\n +  where False = <bound method BasePage.is_element_visible of <pages.main_page.MainPage object at 0x00000262B2E6D0C0>>(('xpath', \"//a[contains(@class, 'AppHeader_header__link') and contains(text(), 'Конструктор')]\"))\n +    where <bound method BasePage.is_element_visible of <pages.main_page.MainPage object at 0x00000262B2E6D0C0>> = <pages.main_page.MainPage object at 0x00000262B2E6D0C0>.is_element_visible\n +    and   ('xpath', \"//a[contains(@class, 'AppHeader_header__link') and contains(text(), 'Конструктор')]\") = <locators.main_locators.MainPageLocators object at 0x00000262B2E6C070>.CONSTRUCTOR_BUTTON\n +      where <locators.main_locators.MainPageLocators object at 0x00000262B2E6C070> = <pages.main_page.MainPage object at 0x00000262B2E6D0C0>.locators\n", "trace": "  File \"C:\\Users\\vikharev-d\\work\\Task_3\\tests\\test_login.py\", line 29, in test_successful_login\n    assert main_page.is_element_visible(\n"}, "start": 1766910820136, "stop": 1766910832717}], "attachments": [{"name": "screenshot", "source": "d7bd7a14-ccbb-45b9-ad06-7197a16c49b4-attachment.png", "type": "image/png"}], "start": 1766910818828, "stop": 1766910832717, "uuid": "64346b36-d4ab-4396-be5d-9fe86fde3929", "historyId": "48db3c3047f98cac4194751cb72d2c09", "testCaseId": "48db3c3047f98cac4194751cb72d2c09", "fullName": "tests.test_login.TestLogin#test_successful_login", "labels": [{"name": "feature", "value": "Вход в систему"}, {"name": "story", "value": "Функциональность входа"}, {"name": "parentSuite", "value": "tests"}, {"name": "suite", "value": "test_login"}, {"name": "subSuite", "value": "TestLogin"}, {"name": "host", "value": "plr-001004476"}, {"name": "thread", "value": "25952-MainThread"}, {"name": "framework", "value": "pytest"}, {"name": "language", "value": "cpython3"}, {"name": "package", "value": "tests.test_login"}]}