{"name": "Успешный вход в систему", "status": "broken", "statusDetails": {"message": "selenium.common.exceptions.WebDriverException: Message: Service C:\\WebDriver\\chromedriver-win64\\chromedriver.exe unexpectedly exited. Status code was: 1", "trace": "tests\\conftest.py:15: in driver\n    driver = DriverFactory.create_driver(request.param)\nutils\\driver_factory.py:138: in create_driver\n    driver = webdriver.Chrome(\nvenv\\lib\\site-packages\\selenium\\webdriver\\chrome\\webdriver.py:45: in __init__\n    super().__init__(\nvenv\\lib\\site-packages\\selenium\\webdriver\\chromium\\webdriver.py:53: in __init__\n    self.service.start()\nvenv\\lib\\site-packages\\selenium\\webdriver\\common\\service.py:102: in start\n    self.assert_process_still_running()\nvenv\\lib\\site-packages\\selenium\\webdriver\\common\\service.py:115: in assert_process_still_running\n    raise WebDriverException(f\"Service {self._path} unexpectedly exited. Status code was: {return_code}\")\nE   selenium.common.exceptions.WebDriverException: Message: Service C:\\WebDriver\\chromedriver-win64\\chromedriver.exe unexpectedly exited. Status code was: 1"}, "description": "Проверяет успешный вход в систему", "parameters": [{"name": "driver", "value": "'chrome'"}], "start": 1767099912061, "stop": 1767099912061, "uuid": "ba4a14e2-5305-4419-a77f-1b59fdf0a0f9", "historyId": "547c180e8c01c7e94a7aa623cf5670d7", "testCaseId": "48db3c3047f98cac4194751cb72d2c09", "fullName": "tests.test_login.TestLogin#test_successful_login", "labels": [{"name": "feature", "value": "Вход в систему"}, {"name": "story", "value": "Функциональность входа"}, {"name": "parentSuite", "value": "tests"}, {"name": "suite", "value": "test_login"}, {"name": "subSuite", "value": "TestLogin"}, {"name": "host", "value": "plr-001004476"}, {"name": "thread", "value": "29912-MainThread"}, {"name": "framework", "value": "pytest"}, {"name": "language", "value": "cpython3"}, {"name": "package", "value": "tests.test_login"}]}