{"name": "Закрытие модального окна крестиком", "status": "broken", "statusDetails": {"message": "selenium.common.exceptions.TimeoutException: Message:", "trace": "self = <tests.test_constructor.TestConstructor object at 0x000002BB7886F460>\ndriver = <selenium.webdriver.chrome.webdriver.WebDriver (session=\"ad40a5e9381e39bbdb328f6fd243a756\")>\nlogged_in_user = {'api_client': <utils.api_client.ApiClient object at 0x000002BB79225BD0>, 'driver': <selenium.webdriver.chrome.webdriv..., 'user': {'access_token': None, 'email': 'test_46101@example.com', 'name': 'TestUser6139', 'password': 'password123'}}\n\n    @allure.title(\"Закрытие модального окна крестиком\")\n    def test_close_modal(self, driver, logged_in_user):\n        \"\"\"Проверяет закрытие модального окна кликом по крестику\"\"\"\n        main_page = logged_in_user[\"main_page\"]\n    \n        # Открываем модальное окно\n>       main_page.click_first_bun_ingredient()\n\ntests\\test_constructor.py:60: \n_ _ _ _ _ _ _ _ _ _ _ _ _ _ _ _ _ _ _ _ _ _ _ _ _ _ _ _ _ _ _ _ _ _ _ _ _ _ _ _\n\nself = <pages.main_page.MainPage object at 0x000002BB79224160>\n\n    def click_first_bun_ingredient(self):\n        \"\"\"Кликает по первому ингредиенту из булок\"\"\"\n        import time\n        time.sleep(3)  # Ждем загрузки страницы\n        # Ищем ингредиенты напрямую\n>       ingredients = self.find_elements((By.XPATH, \"//a[contains(@class, 'BurgerIngredient_ingredient')]\"), timeout=15)\n\npages\\main_page.py:30: \n_ _ _ _ _ _ _ _ _ _ _ _ _ _ _ _ _ _ _ _ _ _ _ _ _ _ _ _ _ _ _ _ _ _ _ _ _ _ _ _\n\nself = <pages.main_page.MainPage object at 0x000002BB79224160>\nlocator = ('xpath', \"//a[contains(@class, 'BurgerIngredient_ingredient')]\")\ntimeout = 15\n\n    def find_elements(self, locator, timeout=10):\n        \"\"\"Находит все элементы с ожиданием\"\"\"\n        wait = WebDriverWait(self.driver, timeout)\n>       return wait.until(EC.presence_of_all_elements_located(locator))\n\npages\\base_page.py:26: \n_ _ _ _ _ _ _ _ _ _ _ _ _ _ _ _ _ _ _ _ _ _ _ _ _ _ _ _ _ _ _ _ _ _ _ _ _ _ _ _\n\nself = <selenium.webdriver.support.wait.WebDriverWait (session=\"ad40a5e9381e39bbdb328f6fd243a756\")>\nmethod = <function presence_of_all_elements_located.<locals>._predicate at 0x000002BB791B4790>\nmessage = ''\n\n    def until(self, method: Callable[[WebDriver], Union[Literal[False], T]], message: str = \"\") -> T:\n        \"\"\"Calls the method provided with the driver as an argument until the \\\n        return value does not evaluate to ``False``.\n    \n        :param method: callable(WebDriver)\n        :param message: optional message for :exc:`TimeoutException`\n        :returns: the result of the last call to `method`\n        :raises: :exc:`selenium.common.exceptions.TimeoutException` if timeout occurs\n        \"\"\"\n        screen = None\n        stacktrace = None\n    \n        end_time = time.monotonic() + self._timeout\n        while True:\n            try:\n                value = method(self._driver)\n                if value:\n                    return value\n            except self._ignored_exceptions as exc:\n                screen = getattr(exc, \"screen\", None)\n                stacktrace = getattr(exc, \"stacktrace\", None)\n            time.sleep(self._poll)\n            if time.monotonic() > end_time:\n                break\n>       raise TimeoutException(message, screen, stacktrace)\nE       selenium.common.exceptions.TimeoutException: Message:\n\n..\\..\\AppData\\Local\\Programs\\Python\\Python310\\lib\\site-packages\\selenium\\webdriver\\support\\wait.py:101: TimeoutException"}, "description": "Проверяет закрытие модального окна кликом по крестику", "attachments": [{"name": "screenshot", "source": "a31b3ad3-0f6a-4dc2-8c4e-56cd8ff76314-attachment.png", "type": "image/png"}], "start": 1766913941916, "stop": 1766913965981, "uuid": "7339d159-a464-4eeb-abe2-08275659026d", "historyId": "a08caa3e5ae65016ac3cb954acb252fd", "testCaseId": "a08caa3e5ae65016ac3cb954acb252fd", "fullName": "tests.test_constructor.TestConstructor#test_close_modal", "labels": [{"name": "story", "value": "Проверка основного функционала приложения"}, {"name": "feature", "value": "Основной функционал"}, {"name": "parentSuite", "value": "tests"}, {"name": "suite", "value": "test_constructor"}, {"name": "subSuite", "value": "TestConstructor"}, {"name": "host", "value": "plr-001004476"}, {"name": "thread", "value": "11012-MainThread"}, {"name": "framework", "value": "pytest"}, {"name": "language", "value": "cpython3"}, {"name": "package", "value": "tests.test_constructor"}]}