{"name": "Выход из аккаунта", "status": "broken", "statusDetails": {"message": "selenium.common.exceptions.TimeoutException: Message: \nStacktrace:\nSymbols not available. Dumping unresolved backtrace:\n\t0x7ff69f437a35\n\t0x7ff69f437a90\n\t0x7ff69f1b16ad\n\t0x7ff69f20a13e\n\t0x7ff69f20a44c\n\t0x7ff69f25ebe7\n\t0x7ff69f25b8fb\n\t0x7ff69f1fb068\n\t0x7ff69f1fbe93\n\t0x7ff69f6f29d0\n\t0x7ff69f6ece50\n\t0x7ff69f70cc45\n\t0x7ff69f4530ce\n\t0x7ff69f45adbf\n\t0x7ff69f440c14\n\t0x7ff69f440dcf\n\t0x7ff69f426828\n\t0x7ffd8250e8d7\n\t0x7ffd8398c53c", "trace": "E   selenium.common.exceptions.TimeoutException: Message: \n    Stacktrace:\n    Symbols not available. Dumping unresolved backtrace:\n    \t0x7ff69f437a35\n    \t0x7ff69f437a90\n    \t0x7ff69f1b16ad\n    \t0x7ff69f20a13e\n    \t0x7ff69f20a44c\n    \t0x7ff69f25ebe7\n    \t0x7ff69f25b8fb\n    \t0x7ff69f1fb068\n    \t0x7ff69f1fbe93\n    \t0x7ff69f6f29d0\n    \t0x7ff69f6ece50\n    \t0x7ff69f70cc45\n    \t0x7ff69f4530ce\n    \t0x7ff69f45adbf\n    \t0x7ff69f440c14\n    \t0x7ff69f440dcf\n    \t0x7ff69f426828\n    \t0x7ffd8250e8d7\n    \t0x7ffd8398c53c"}, "description": "Проверяет выход из аккаунта", "steps": [{"name": "Кликаем по кнопке 'Выход'", "status": "broken", "statusDetails": {"message": "selenium.common.exceptions.TimeoutException: Message: \nStacktrace:\nSymbols not available. Dumping unresolved backtrace:\n\t0x7ff69f437a35\n\t0x7ff69f437a90\n\t0x7ff69f1b16ad\n\t0x7ff69f20a13e\n\t0x7ff69f20a44c\n\t0x7ff69f25ebe7\n\t0x7ff69f25b8fb\n\t0x7ff69f1fb068\n\t0x7ff69f1fbe93\n\t0x7ff69f6f29d0\n\t0x7ff69f6ece50\n\t0x7ff69f70cc45\n\t0x7ff69f4530ce\n\t0x7ff69f45adbf\n\t0x7ff69f440c14\n\t0x7ff69f440dcf\n\t0x7ff69f426828\n\t0x7ffd8250e8d7\n\t0x7ffd8398c53c\n\n", "trace": "  File \"C:\\Users\\vikharev-d\\work\\Task_3\\tests\\test_user_profile.py\", line 46, in test_logout\n    profile_page.click_logout_button()\n  File \"C:\\Users\\vikharev-d\\work\\Task_3\\pages\\profile_page.py\", line 18, in click_logout_button\n    self.click(self.locators.LOGOUT_BUTTON)\n  File \"C:\\Users\\vikharev-d\\work\\Task_3\\pages\\base_page.py\", line 35, in click\n    element = self.find_visible_element(locator)\n  File \"C:\\Users\\vikharev-d\\work\\Task_3\\pages\\base_page.py\", line 31, in find_visible_element\n    return wait.until(EC.visibility_of_element_located(locator))\n  File \"C:\\Users\\vikharev-d\\AppData\\Local\\Programs\\Python\\Python310\\lib\\site-packages\\selenium\\webdriver\\support\\wait.py\", line 101, in until\n    raise TimeoutException(message, screen, stacktrace)\n"}, "start": 1766912643833, "stop": 1766912654379}], "attachments": [{"name": "screenshot", "source": "8e9fc4be-e9c6-45a6-b137-d77a77a8f863-attachment.png", "type": "image/png"}], "start": 1766912643551, "stop": 1766912654379, "uuid": "a1d39bbb-4b28-4a86-828a-40c5131d13cb", "historyId": "d68f0606c507b3df4345cd7fbac084cb", "testCaseId": "d68f0606c507b3df4345cd7fbac084cb", "fullName": "tests.test_user_profile.TestUserProfile#test_logout", "labels": [{"name": "feature", "value": "Личный кабинет"}, {"name": "story", "value": "Функциональность личного кабинета"}, {"name": "parentSuite", "value": "tests"}, {"name": "suite", "value": "test_user_profile"}, {"name": "subSuite", "value": "TestUserProfile"}, {"name": "host", "value": "plr-001004476"}, {"name": "thread", "value": "27296-MainThread"}, {"name": "framework", "value": "pytest"}, {"name": "language", "value": "cpython3"}, {"name": "package", "value": "tests.test_user_profile"}]}