{"name": "Успешный вход в систему", "status": "failed", "statusDetails": {"message": "AssertionError: Главная страница не открылась после входа\nassert False\n +  where False = <bound method BasePage.is_element_visible of <pages.main_page.MainPage object at 0x000001B596855C90>>(('xpath', \"//a[contains(@class, 'AppHeader_header__link') and contains(text(), 'Конструктор')]\"))\n +    where <bound method BasePage.is_element_visible of <pages.main_page.MainPage object at 0x000001B596855C90>> = <pages.main_page.MainPage object at 0x000001B596855C90>.is_element_visible\n +    and   ('xpath', \"//a[contains(@class, 'AppHeader_header__link') and contains(text(), 'Конструктор')]\") = <locators.main_locators.MainPageLocators object at 0x000001B596855D80>.CONSTRUCTOR_BUTTON\n +      where <locators.main_locators.MainPageLocators object at 0x000001B596855D80> = <pages.main_page.MainPage object at 0x000001B596855C90>.locators", "trace": "tests\\test_login.py:29: in test_successful_login\n    assert main_page.is_element_visible(\nE   AssertionError: Главная страница не открылась после входа\nE   assert False\nE    +  where False = <bound method BasePage.is_element_visible of <pages.main_page.MainPage object at 0x000001B596855C90>>(('xpath', \"//a[contains(@class, 'AppHeader_header__link') and contains(text(), 'Конструктор')]\"))\nE    +    where <bound method BasePage.is_element_visible of <pages.main_page.MainPage object at 0x000001B596855C90>> = <pages.main_page.MainPage object at 0x000001B596855C90>.is_element_visible\nE    +    and   ('xpath', \"//a[contains(@class, 'AppHeader_header__link') and contains(text(), 'Конструктор')]\") = <locators.main_locators.MainPageLocators object at 0x000001B596855D80>.CONSTRUCTOR_BUTTON\nE    +      where <locators.main_locators.MainPageLocators object at 0x000001B596855D80> = <pages.main_page.MainPage object at 0x000001B596855C90>.locators"}, "description": "Проверяет успешный вход в систему", "steps": [{"name": "Вводим учетные данные", "status": "passed", "start": 1766910268272, "stop": 1766910268429}, {"name": "Кликаем по кнопке входа", "status": "passed", "start": 1766910268429, "stop": 1766910268505}, {"name": "Проверяем, что открылась главная страница", "status": "failed", "statusDetails": {"message": "AssertionError: Главная страница не открылась после входа\nassert False\n +  where False = <bound method BasePage.is_element_visible of <pages.main_page.MainPage object at 0x000001B596855C90>>(('xpath', \"//a[contains(@class, 'AppHeader_header__link') and contains(text(), 'Конструктор')]\"))\n +    where <bound method BasePage.is_element_visible of <pages.main_page.MainPage object at 0x000001B596855C90>> = <pages.main_page.MainPage object at 0x000001B596855C90>.is_element_visible\n +    and   ('xpath', \"//a[contains(@class, 'AppHeader_header__link') and contains(text(), 'Конструктор')]\") = <locators.main_locators.MainPageLocators object at 0x000001B596855D80>.CONSTRUCTOR_BUTTON\n +      where <locators.main_locators.MainPageLocators object at 0x000001B596855D80> = <pages.main_page.MainPage object at 0x000001B596855C90>.locators\n", "trace": "  File \"C:\\Users\\vikharev-d\\work\\Task_3\\tests\\test_login.py\", line 29, in test_successful_login\n    assert main_page.is_element_visible(\n"}, "start": 1766910268505, "stop": 1766910281042}], "attachments": [{"name": "screenshot", "source": "99f25b37-dd4a-4c6e-af9b-3cb9801f1a6f-attachment.png", "type": "image/png"}], "start": 1766910267201, "stop": 1766910281042, "uuid": "2deae8b5-9302-4d80-aff2-9224e2dabab2", "historyId": "48db3c3047f98cac4194751cb72d2c09", "testCaseId": "48db3c3047f98cac4194751cb72d2c09", "fullName": "tests.test_login.TestLogin#test_successful_login", "labels": [{"name": "story", "value": "Функциональность входа"}, {"name": "feature", "value": "Вход в систему"}, {"name": "parentSuite", "value": "tests"}, {"name": "suite", "value": "test_login"}, {"name": "subSuite", "value": "TestLogin"}, {"name": "host", "value": "plr-001004476"}, {"name": "thread", "value": "27420-MainThread"}, {"name": "framework", "value": "pytest"}, {"name": "language", "value": "cpython3"}, {"name": "package", "value": "tests.test_login"}]}