{"name": "Номер заказа появляется в разделе 'В работе'", "status": "failed", "statusDetails": {"message": "AssertionError: Заказ 338898 (номер: 338898) не появился в разделе 'В работе' после 15 попыток. Найдены заказы в разделе: []\nassert False", "trace": "tests\\test_order_feed.py:240: in test_order_in_progress\n    assert found, \\\nE   AssertionError: Заказ 338898 (номер: 338898) не появился в разделе 'В работе' после 15 попыток. Найдены заказы в разделе: []\nE   assert False"}, "description": "Проверяет, что номер заказа появляется в разделе 'В работе' после оформления", "steps": [{"name": "Добавляем ингредиенты в конструктор", "status": "passed", "steps": [{"name": "Перетащить ингредиент в конструктор", "status": "passed", "steps": [{"name": "Найти видимый элемент", "status": "passed", "parameters": [{"name": "locator", "value": "('xpath', \"//a[contains(@class, 'BurgerIngredient_ingredient')]//p[text()='Флюоресцентная булка R2-D3']/parent::a\")"}, {"name": "timeout", "value": "10"}], "start": 1767078098600, "stop": 1767078098626}, {"name": "Найти видимый элемент", "status": "passed", "parameters": [{"name": "locator", "value": "('xpath', \"//ul[contains(@class, 'BurgerConstructor_basket__list__l9dp_')]\")"}, {"name": "timeout", "value": "10"}], "start": 1767078098626, "stop": 1767078098655}, {"name": "Перетащить элемент", "status": "passed", "parameters": [{"name": "source", "value": "<selenium.webdriver.remote.webelement.WebElement (session=\"a34e144abddd5c4de03b4514136d14a3\", element=\"f.D971C8BC8C55365D6F300CA62FB8158E.d.F10F317FDE2F4ECAC99FE2E769174C10.e.72\")>"}, {"name": "target", "value": "<selenium.webdriver.remote.webelement.WebElement (session=\"a34e144abddd5c4de03b4514136d14a3\", element=\"f.D971C8BC8C55365D6F300CA62FB8158E.d.F10F317FDE2F4ECAC99FE2E769174C10.e.75\")>"}], "start": 1767078098659, "stop": 1767078098665}], "parameters": [{"name": "ingredient_locator", "value": "('xpath', \"//a[contains(@class, 'BurgerIngredient_ingredient')]//p[text()='Флюоресцентная булка R2-D3']/parent::a\")"}], "start": 1767078098599, "stop": 1767078098665}], "start": 1767078098599, "stop": 1767078100676}, {"name": "Оформляем заказ", "status": "passed", "steps": [{"name": "Кликнуть по кнопке 'Оформить заказ'", "status": "passed", "steps": [{"name": "Проверить, что пользователь авторизован", "status": "passed", "steps": [{"name": "Проверить видимость элемента", "status": "passed", "parameters": [{"name": "locator", "value": "('xpath', \"//button[contains(@class, 'button_button__33qZ0') and contains(text(), 'Оформить заказ')]\")"}, {"name": "timeout", "value": "3"}], "start": 1767078100676, "stop": 1767078100695}], "start": 1767078100676, "stop": 1767078100695}, {"name": "Кликнуть по элементу через JavaScript", "status": "passed", "steps": [{"name": "Найти видимый элемент", "status": "passed", "parameters": [{"name": "locator", "value": "('xpath', \"//button[contains(@class, 'button_button__33qZ0') and contains(text(), 'Оформить заказ')]\")"}, {"name": "timeout", "value": "10"}], "start": 1767078100695, "stop": 1767078100716}], "parameters": [{"name": "locator", "value": "('xpath', \"//button[contains(@class, 'button_button__33qZ0') and contains(text(), 'Оформить заказ')]\")"}], "start": 1767078100695, "stop": 1767078100721}], "start": 1767078100676, "stop": 1767078100721}], "start": 1767078100676, "stop": 1767078103722}, {"name": "Получаем номер заказа из модального окна", "status": "passed", "steps": [{"name": "Проверить видимость модального окна", "status": "passed", "steps": [{"name": "Проверить видимость элемента", "status": "passed", "parameters": [{"name": "locator", "value": "('xpath', \"//div[contains(@class, 'Modal_modal__container')]\")"}, {"name": "timeout", "value": "5"}], "start": 1767078103722, "stop": 1767078103740}], "start": 1767078103722, "stop": 1767078103740}, {"name": "Получить номер заказа из модального окна", "status": "passed", "steps": [{"name": "Найти видимый элемент", "status": "broken", "statusDetails": {"message": "selenium.common.exceptions.TimeoutException: Message: \nStacktrace:\nSymbols not available. Dumping unresolved backtrace:\n\t0x7ff7f9f07a35\n\t0x7ff7f9f07a90\n\t0x7ff7f9c816ad\n\t0x7ff7f9cda13e\n\t0x7ff7f9cda44c\n\t0x7ff7f9d2ebe7\n\t0x7ff7f9d2b8fb\n\t0x7ff7f9ccb068\n\t0x7ff7f9ccbe93\n\t0x7ff7fa1c29d0\n\t0x7ff7fa1bce50\n\t0x7ff7fa1dcc45\n\t0x7ff7f9f230ce\n\t0x7ff7f9f2adbf\n\t0x7ff7f9f10c14\n\t0x7ff7f9f10dcf\n\t0x7ff7f9ef6828\n\t0x7fffdd94e8d7\n\t0x7fffddf6c53c\n\n", "trace": "  File \"C:\\Users\\vikharev-d\\work\\Task_3\\venv\\lib\\site-packages\\allure_commons\\_allure.py\", line 192, in impl\n    return func(*a, **kw)\n  File \"C:\\Users\\vikharev-d\\work\\Task_3\\pages\\base_page.py\", line 66, in find_visible_element\n    element = wait.until(EC.visibility_of_element_located(locator))\n  File \"C:\\Users\\vikharev-d\\work\\Task_3\\venv\\lib\\site-packages\\selenium\\webdriver\\support\\wait.py\", line 101, in until\n    raise TimeoutException(message, screen, stacktrace)\n"}, "parameters": [{"name": "locator", "value": "('xpath', \"//section[2]/div[1]/div//p[contains(@class, 'text_type_digits-default')]\")"}, {"name": "timeout", "value": "30"}], "start": 1767078103741, "stop": 1767078135382}, {"name": "Получить текст модального окна заказа", "status": "passed", "steps": [{"name": "Найти элемент", "status": "passed", "parameters": [{"name": "locator", "value": "('xpath', \"//div[contains(@class, 'Modal_modal__container')]\")"}, {"name": "timeout", "value": "5"}], "start": 1767078135383, "stop": 1767078135386}], "start": 1767078135383, "stop": 1767078135390}], "parameters": [{"name": "timeout", "value": "30"}], "start": 1767078103741, "stop": 1767078135390}], "start": 1767078103722, "stop": 1767078135390}, {"name": "Закрываем модальное окно", "status": "passed", "steps": [{"name": "Закрыть модальное окно", "status": "passed", "steps": [{"name": "Кликнуть по элементу через JavaScript", "status": "passed", "steps": [{"name": "Найти видимый элемент", "status": "passed", "parameters": [{"name": "locator", "value": "('xpath', \"//button[contains(@class, 'Modal_modal__close')]\")"}, {"name": "timeout", "value": "10"}], "start": 1767078135390, "stop": 1767078135416}], "parameters": [{"name": "locator", "value": "('xpath', \"//button[contains(@class, 'Modal_modal__close')]\")"}], "start": 1767078135390, "stop": 1767078135420}], "start": 1767078135390, "stop": 1767078135420}], "start": 1767078135390, "stop": 1767078138435}, {"name": "Переходим в ленту заказов", "status": "passed", "steps": [{"name": "Кликнуть по кнопке 'Лента заказов'", "status": "passed", "steps": [{"name": "Ожидать загрузки главной страницы", "status": "passed", "steps": [{"name": "Ожидать исчезновения элемента", "status": "passed", "parameters": [{"name": "locator", "value": "('xpath', \"//div[contains(@class, 'Modal_modal_overlay')]\")"}, {"name": "timeout", "value": "5"}], "start": 1767078138435, "stop": 1767078138446}], "start": 1767078138435, "stop": 1767078138446}, {"name": "Кликнуть по элементу через JavaScript", "status": "passed", "steps": [{"name": "Найти видимый элемент", "status": "passed", "parameters": [{"name": "locator", "value": "('xpath', \"//a[contains(@class, 'AppHeader_header__link') and contains(@href, '/feed')]\")"}, {"name": "timeout", "value": "10"}], "start": 1767078138447, "stop": 1767078138469}], "parameters": [{"name": "locator", "value": "('xpath', \"//a[contains(@class, 'AppHeader_header__link') and contains(@href, '/feed')]\")"}], "start": 1767078138447, "stop": 1767078138476}], "start": 1767078138435, "stop": 1767078138476}, {"name": "Проверить видимость заголовка 'Лента заказов'", "status": "passed", "steps": [{"name": "Проверить видимость элемента", "status": "passed", "parameters": [{"name": "locator", "value": "('xpath', \"//h1[contains(text(), 'Лента заказов')]\")"}, {"name": "timeout", "value": "5"}], "start": 1767078138476, "stop": 1767078139257}], "start": 1767078138476, "stop": 1767078139257}], "start": 1767078138435, "stop": 1767078141266}, {"name": "Ожидаем обновления раздела 'В работе'", "status": "passed", "steps": [{"name": "Проверить, есть ли заказ в разделе 'В работе'", "status": "passed", "steps": [{"name": "Получить список заказов в работе", "status": "passed", "steps": [{"name": "Проверить видимость элемента", "status": "passed", "parameters": [{"name": "locator", "value": "('xpath', \"//div[contains(@class, 'OrderFeed_orderListReady__')]\")"}, {"name": "timeout", "value": "5"}], "start": 1767078141266, "stop": 1767078151847}], "start": 1767078141266, "stop": 1767078151847}, {"name": "Найти все элементы", "status": "broken", "statusDetails": {"message": "selenium.common.exceptions.TimeoutException: Message: \n\n", "trace": "  File \"C:\\Users\\vikharev-d\\work\\Task_3\\venv\\lib\\site-packages\\allure_commons\\_allure.py\", line 192, in impl\n    return func(*a, **kw)\n  File \"C:\\Users\\vikharev-d\\work\\Task_3\\pages\\base_page.py\", line 52, in find_elements\n    return wait.until(EC.presence_of_all_elements_located(locator))\n  File \"C:\\Users\\vikharev-d\\work\\Task_3\\venv\\lib\\site-packages\\selenium\\webdriver\\support\\wait.py\", line 101, in until\n    raise TimeoutException(message, screen, stacktrace)\n"}, "parameters": [{"name": "locator", "value": "('xpath', \"//div[contains(@class, 'OrderFeed_orderListReady__')]//li\")"}, {"name": "timeout", "value": "10"}], "start": 1767078151847, "stop": 1767078162394}], "parameters": [{"name": "order_number", "value": "'338898'"}], "start": 1767078141266, "stop": 1767078162394}, {"name": "Проверить, есть ли заказ в разделе 'В работе'", "status": "passed", "steps": [{"name": "Получить список заказов в работе", "status": "passed", "steps": [{"name": "Проверить видимость элемента", "status": "passed", "parameters": [{"name": "locator", "value": "('xpath', \"//div[contains(@class, 'OrderFeed_orderListReady__')]\")"}, {"name": "timeout", "value": "5"}], "start": 1767078164398, "stop": 1767078174941}], "start": 1767078164398, "stop": 1767078174941}, {"name": "Найти все элементы", "status": "broken", "statusDetails": {"message": "selenium.common.exceptions.TimeoutException: Message: \n\n", "trace": "  File \"C:\\Users\\vikharev-d\\work\\Task_3\\venv\\lib\\site-packages\\allure_commons\\_allure.py\", line 192, in impl\n    return func(*a, **kw)\n  File \"C:\\Users\\vikharev-d\\work\\Task_3\\pages\\base_page.py\", line 52, in find_elements\n    return wait.until(EC.presence_of_all_elements_located(locator))\n  File \"C:\\Users\\vikharev-d\\work\\Task_3\\venv\\lib\\site-packages\\selenium\\webdriver\\support\\wait.py\", line 101, in until\n    raise TimeoutException(message, screen, stacktrace)\n"}, "parameters": [{"name": "locator", "value": "('xpath', \"//div[contains(@class, 'OrderFeed_orderListReady__')]//li\")"}, {"name": "timeout", "value": "10"}], "start": 1767078174941, "stop": 1767078185497}], "parameters": [{"name": "order_number", "value": "'338898'"}], "start": 1767078164398, "stop": 1767078185497}, {"name": "Проверить, есть ли заказ в разделе 'В работе'", "status": "passed", "steps": [{"name": "Получить список заказов в работе", "status": "passed", "steps": [{"name": "Проверить видимость элемента", "status": "passed", "parameters": [{"name": "locator", "value": "('xpath', \"//div[contains(@class, 'OrderFeed_orderListReady__')]\")"}, {"name": "timeout", "value": "5"}], "start": 1767078188009, "stop": 1767078198565}], "start": 1767078188009, "stop": 1767078198565}, {"name": "Найти все элементы", "status": "broken", "statusDetails": {"message": "selenium.common.exceptions.TimeoutException: Message: \n\n", "trace": "  File \"C:\\Users\\vikharev-d\\work\\Task_3\\venv\\lib\\site-packages\\allure_commons\\_allure.py\", line 192, in impl\n    return func(*a, **kw)\n  File \"C:\\Users\\vikharev-d\\work\\Task_3\\pages\\base_page.py\", line 52, in find_elements\n    return wait.until(EC.presence_of_all_elements_located(locator))\n  File \"C:\\Users\\vikharev-d\\work\\Task_3\\venv\\lib\\site-packages\\selenium\\webdriver\\support\\wait.py\", line 101, in until\n    raise TimeoutException(message, screen, stacktrace)\n"}, "parameters": [{"name": "locator", "value": "('xpath', \"//div[contains(@class, 'OrderFeed_orderListReady__')]//li\")"}, {"name": "timeout", "value": "10"}], "start": 1767078198566, "stop": 1767078209109}], "parameters": [{"name": "order_number", "value": "'338898'"}], "start": 1767078188009, "stop": 1767078209109}, {"name": "Проверить, есть ли заказ в разделе 'В работе'", "status": "passed", "steps": [{"name": "Получить список заказов в работе", "status": "passed", "steps": [{"name": "Проверить видимость элемента", "status": "passed", "parameters": [{"name": "locator", "value": "('xpath', \"//div[contains(@class, 'OrderFeed_orderListReady__')]\")"}, {"name": "timeout", "value": "5"}], "start": 1767078212110, "stop": 1767078222680}], "start": 1767078212110, "stop": 1767078222680}, {"name": "Найти все элементы", "status": "broken", "statusDetails": {"message": "selenium.common.exceptions.TimeoutException: Message: \n\n", "trace": "  File \"C:\\Users\\vikharev-d\\work\\Task_3\\venv\\lib\\site-packages\\allure_commons\\_allure.py\", line 192, in impl\n    return func(*a, **kw)\n  File \"C:\\Users\\vikharev-d\\work\\Task_3\\pages\\base_page.py\", line 52, in find_elements\n    return wait.until(EC.presence_of_all_elements_located(locator))\n  File \"C:\\Users\\vikharev-d\\work\\Task_3\\venv\\lib\\site-packages\\selenium\\webdriver\\support\\wait.py\", line 101, in until\n    raise TimeoutException(message, screen, stacktrace)\n"}, "parameters": [{"name": "locator", "value": "('xpath', \"//div[contains(@class, 'OrderFeed_orderListReady__')]//li\")"}, {"name": "timeout", "value": "10"}], "start": 1767078222680, "stop": 1767078233205}], "parameters": [{"name": "order_number", "value": "'338898'"}], "start": 1767078212110, "stop": 1767078233205}, {"name": "Проверить, есть ли заказ в разделе 'В работе'", "status": "passed", "steps": [{"name": "Получить список заказов в работе", "status": "passed", "steps": [{"name": "Проверить видимость элемента", "status": "passed", "parameters": [{"name": "locator", "value": "('xpath', \"//div[contains(@class, 'OrderFeed_orderListReady__')]\")"}, {"name": "timeout", "value": "5"}], "start": 1767078236708, "stop": 1767078247274}], "start": 1767078236708, "stop": 1767078247274}, {"name": "Найти все элементы", "status": "broken", "statusDetails": {"message": "selenium.common.exceptions.TimeoutException: Message: \n\n", "trace": "  File \"C:\\Users\\vikharev-d\\work\\Task_3\\venv\\lib\\site-packages\\allure_commons\\_allure.py\", line 192, in impl\n    return func(*a, **kw)\n  File \"C:\\Users\\vikharev-d\\work\\Task_3\\pages\\base_page.py\", line 52, in find_elements\n    return wait.until(EC.presence_of_all_elements_located(locator))\n  File \"C:\\Users\\vikharev-d\\work\\Task_3\\venv\\lib\\site-packages\\selenium\\webdriver\\support\\wait.py\", line 101, in until\n    raise TimeoutException(message, screen, stacktrace)\n"}, "parameters": [{"name": "locator", "value": "('xpath', \"//div[contains(@class, 'OrderFeed_orderListReady__')]//li\")"}, {"name": "timeout", "value": "10"}], "start": 1767078247275, "stop": 1767078257826}], "parameters": [{"name": "order_number", "value": "'338898'"}], "start": 1767078236708, "stop": 1767078257826}, {"name": "Проверить, есть ли заказ в разделе 'В работе'", "status": "passed", "steps": [{"name": "Получить список заказов в работе", "status": "passed", "steps": [{"name": "Проверить видимость элемента", "status": "passed", "parameters": [{"name": "locator", "value": "('xpath', \"//div[contains(@class, 'OrderFeed_orderListReady__')]\")"}, {"name": "timeout", "value": "5"}], "start": 1767078261836, "stop": 1767078272375}], "start": 1767078261836, "stop": 1767078272375}, {"name": "Найти все элементы", "status": "broken", "statusDetails": {"message": "selenium.common.exceptions.TimeoutException: Message: \n\n", "trace": "  File \"C:\\Users\\vikharev-d\\work\\Task_3\\venv\\lib\\site-packages\\allure_commons\\_allure.py\", line 192, in impl\n    return func(*a, **kw)\n  File \"C:\\Users\\vikharev-d\\work\\Task_3\\pages\\base_page.py\", line 52, in find_elements\n    return wait.until(EC.presence_of_all_elements_located(locator))\n  File \"C:\\Users\\vikharev-d\\work\\Task_3\\venv\\lib\\site-packages\\selenium\\webdriver\\support\\wait.py\", line 101, in until\n    raise TimeoutException(message, screen, stacktrace)\n"}, "parameters": [{"name": "locator", "value": "('xpath', \"//div[contains(@class, 'OrderFeed_orderListReady__')]//li\")"}, {"name": "timeout", "value": "10"}], "start": 1767078272375, "stop": 1767078282918}], "parameters": [{"name": "order_number", "value": "'338898'"}], "start": 1767078261836, "stop": 1767078282918}, {"name": "Проверить, есть ли заказ в разделе 'В работе'", "status": "passed", "steps": [{"name": "Получить список заказов в работе", "status": "passed", "steps": [{"name": "Проверить видимость элемента", "status": "passed", "parameters": [{"name": "locator", "value": "('xpath', \"//div[contains(@class, 'OrderFeed_orderListReady__')]\")"}, {"name": "timeout", "value": "5"}], "start": 1767078287433, "stop": 1767078298004}], "start": 1767078287433, "stop": 1767078298004}, {"name": "Найти все элементы", "status": "broken", "statusDetails": {"message": "selenium.common.exceptions.TimeoutException: Message: \n\n", "trace": "  File \"C:\\Users\\vikharev-d\\work\\Task_3\\venv\\lib\\site-packages\\allure_commons\\_allure.py\", line 192, in impl\n    return func(*a, **kw)\n  File \"C:\\Users\\vikharev-d\\work\\Task_3\\pages\\base_page.py\", line 52, in find_elements\n    return wait.until(EC.presence_of_all_elements_located(locator))\n  File \"C:\\Users\\vikharev-d\\work\\Task_3\\venv\\lib\\site-packages\\selenium\\webdriver\\support\\wait.py\", line 101, in until\n    raise TimeoutException(message, screen, stacktrace)\n"}, "parameters": [{"name": "locator", "value": "('xpath', \"//div[contains(@class, 'OrderFeed_orderListReady__')]//li\")"}, {"name": "timeout", "value": "10"}], "start": 1767078298004, "stop": 1767078308554}], "parameters": [{"name": "order_number", "value": "'338898'"}], "start": 1767078287433, "stop": 1767078308554}, {"name": "Проверить, есть ли заказ в разделе 'В работе'", "status": "passed", "steps": [{"name": "Получить список заказов в работе", "status": "passed", "steps": [{"name": "Проверить видимость элемента", "status": "passed", "parameters": [{"name": "locator", "value": "('xpath', \"//div[contains(@class, 'OrderFeed_orderListReady__')]\")"}, {"name": "timeout", "value": "5"}], "start": 1767078313569, "stop": 1767078324130}], "start": 1767078313569, "stop": 1767078324130}, {"name": "Найти все элементы", "status": "broken", "statusDetails": {"message": "selenium.common.exceptions.TimeoutException: Message: \n\n", "trace": "  File \"C:\\Users\\vikharev-d\\work\\Task_3\\venv\\lib\\site-packages\\allure_commons\\_allure.py\", line 192, in impl\n    return func(*a, **kw)\n  File \"C:\\Users\\vikharev-d\\work\\Task_3\\pages\\base_page.py\", line 52, in find_elements\n    return wait.until(EC.presence_of_all_elements_located(locator))\n  File \"C:\\Users\\vikharev-d\\work\\Task_3\\venv\\lib\\site-packages\\selenium\\webdriver\\support\\wait.py\", line 101, in until\n    raise TimeoutException(message, screen, stacktrace)\n"}, "parameters": [{"name": "locator", "value": "('xpath', \"//div[contains(@class, 'OrderFeed_orderListReady__')]//li\")"}, {"name": "timeout", "value": "10"}], "start": 1767078324130, "stop": 1767078334669}], "parameters": [{"name": "order_number", "value": "'338898'"}], "start": 1767078313569, "stop": 1767078334669}, {"name": "Проверить, есть ли заказ в разделе 'В работе'", "status": "passed", "steps": [{"name": "Получить список заказов в работе", "status": "passed", "steps": [{"name": "Проверить видимость элемента", "status": "passed", "parameters": [{"name": "locator", "value": "('xpath', \"//div[contains(@class, 'OrderFeed_orderListReady__')]\")"}, {"name": "timeout", "value": "5"}], "start": 1767078340173, "stop": 1767078350712}], "start": 1767078340173, "stop": 1767078350712}, {"name": "Найти все элементы", "status": "broken", "statusDetails": {"message": "selenium.common.exceptions.TimeoutException: Message: \n\n", "trace": "  File \"C:\\Users\\vikharev-d\\work\\Task_3\\venv\\lib\\site-packages\\allure_commons\\_allure.py\", line 192, in impl\n    return func(*a, **kw)\n  File \"C:\\Users\\vikharev-d\\work\\Task_3\\pages\\base_page.py\", line 52, in find_elements\n    return wait.until(EC.presence_of_all_elements_located(locator))\n  File \"C:\\Users\\vikharev-d\\work\\Task_3\\venv\\lib\\site-packages\\selenium\\webdriver\\support\\wait.py\", line 101, in until\n    raise TimeoutException(message, screen, stacktrace)\n"}, "parameters": [{"name": "locator", "value": "('xpath', \"//div[contains(@class, 'OrderFeed_orderListReady__')]//li\")"}, {"name": "timeout", "value": "10"}], "start": 1767078350713, "stop": 1767078361271}], "parameters": [{"name": "order_number", "value": "'338898'"}], "start": 1767078340173, "stop": 1767078361271}, {"name": "Проверить, есть ли заказ в разделе 'В работе'", "status": "passed", "steps": [{"name": "Получить список заказов в работе", "status": "passed", "steps": [{"name": "Проверить видимость элемента", "status": "passed", "parameters": [{"name": "locator", "value": "('xpath', \"//div[contains(@class, 'OrderFeed_orderListReady__')]\")"}, {"name": "timeout", "value": "5"}], "start": 1767078367276, "stop": 1767078377817}], "start": 1767078367276, "stop": 1767078377817}, {"name": "Найти все элементы", "status": "broken", "statusDetails": {"message": "selenium.common.exceptions.TimeoutException: Message: \n\n", "trace": "  File \"C:\\Users\\vikharev-d\\work\\Task_3\\venv\\lib\\site-packages\\allure_commons\\_allure.py\", line 192, in impl\n    return func(*a, **kw)\n  File \"C:\\Users\\vikharev-d\\work\\Task_3\\pages\\base_page.py\", line 52, in find_elements\n    return wait.until(EC.presence_of_all_elements_located(locator))\n  File \"C:\\Users\\vikharev-d\\work\\Task_3\\venv\\lib\\site-packages\\selenium\\webdriver\\support\\wait.py\", line 101, in until\n    raise TimeoutException(message, screen, stacktrace)\n"}, "parameters": [{"name": "locator", "value": "('xpath', \"//div[contains(@class, 'OrderFeed_orderListReady__')]//li\")"}, {"name": "timeout", "value": "10"}], "start": 1767078377818, "stop": 1767078388358}], "parameters": [{"name": "order_number", "value": "'338898'"}], "start": 1767078367276, "stop": 1767078388358}, {"name": "Проверить, есть ли заказ в разделе 'В работе'", "status": "passed", "steps": [{"name": "Получить список заказов в работе", "status": "passed", "steps": [{"name": "Проверить видимость элемента", "status": "passed", "parameters": [{"name": "locator", "value": "('xpath', \"//div[contains(@class, 'OrderFeed_orderListReady__')]\")"}, {"name": "timeout", "value": "5"}], "start": 1767078394861, "stop": 1767078405395}], "start": 1767078394861, "stop": 1767078405395}, {"name": "Найти все элементы", "status": "broken", "statusDetails": {"message": "selenium.common.exceptions.TimeoutException: Message: \n\n", "trace": "  File \"C:\\Users\\vikharev-d\\work\\Task_3\\venv\\lib\\site-packages\\allure_commons\\_allure.py\", line 192, in impl\n    return func(*a, **kw)\n  File \"C:\\Users\\vikharev-d\\work\\Task_3\\pages\\base_page.py\", line 52, in find_elements\n    return wait.until(EC.presence_of_all_elements_located(locator))\n  File \"C:\\Users\\vikharev-d\\work\\Task_3\\venv\\lib\\site-packages\\selenium\\webdriver\\support\\wait.py\", line 101, in until\n    raise TimeoutException(message, screen, stacktrace)\n"}, "parameters": [{"name": "locator", "value": "('xpath', \"//div[contains(@class, 'OrderFeed_orderListReady__')]//li\")"}, {"name": "timeout", "value": "10"}], "start": 1767078405396, "stop": 1767078415943}], "parameters": [{"name": "order_number", "value": "'338898'"}], "start": 1767078394861, "stop": 1767078415943}, {"name": "Проверить, есть ли заказ в разделе 'В работе'", "status": "passed", "steps": [{"name": "Получить список заказов в работе", "status": "passed", "steps": [{"name": "Проверить видимость элемента", "status": "passed", "parameters": [{"name": "locator", "value": "('xpath', \"//div[contains(@class, 'OrderFeed_orderListReady__')]\")"}, {"name": "timeout", "value": "5"}], "start": 1767078422944, "stop": 1767078433494}], "start": 1767078422944, "stop": 1767078433494}, {"name": "Найти все элементы", "status": "broken", "statusDetails": {"message": "selenium.common.exceptions.TimeoutException: Message: \n\n", "trace": "  File \"C:\\Users\\vikharev-d\\work\\Task_3\\venv\\lib\\site-packages\\allure_commons\\_allure.py\", line 192, in impl\n    return func(*a, **kw)\n  File \"C:\\Users\\vikharev-d\\work\\Task_3\\pages\\base_page.py\", line 52, in find_elements\n    return wait.until(EC.presence_of_all_elements_located(locator))\n  File \"C:\\Users\\vikharev-d\\work\\Task_3\\venv\\lib\\site-packages\\selenium\\webdriver\\support\\wait.py\", line 101, in until\n    raise TimeoutException(message, screen, stacktrace)\n"}, "parameters": [{"name": "locator", "value": "('xpath', \"//div[contains(@class, 'OrderFeed_orderListReady__')]//li\")"}, {"name": "timeout", "value": "10"}], "start": 1767078433495, "stop": 1767078444038}], "parameters": [{"name": "order_number", "value": "'338898'"}], "start": 1767078422944, "stop": 1767078444038}, {"name": "Проверить, есть ли заказ в разделе 'В работе'", "status": "passed", "steps": [{"name": "Получить список заказов в работе", "status": "passed", "steps": [{"name": "Проверить видимость элемента", "status": "passed", "parameters": [{"name": "locator", "value": "('xpath', \"//div[contains(@class, 'OrderFeed_orderListReady__')]\")"}, {"name": "timeout", "value": "5"}], "start": 1767078451539, "stop": 1767078462085}], "start": 1767078451539, "stop": 1767078462085}, {"name": "Найти все элементы", "status": "broken", "statusDetails": {"message": "selenium.common.exceptions.TimeoutException: Message: \n\n", "trace": "  File \"C:\\Users\\vikharev-d\\work\\Task_3\\venv\\lib\\site-packages\\allure_commons\\_allure.py\", line 192, in impl\n    return func(*a, **kw)\n  File \"C:\\Users\\vikharev-d\\work\\Task_3\\pages\\base_page.py\", line 52, in find_elements\n    return wait.until(EC.presence_of_all_elements_located(locator))\n  File \"C:\\Users\\vikharev-d\\work\\Task_3\\venv\\lib\\site-packages\\selenium\\webdriver\\support\\wait.py\", line 101, in until\n    raise TimeoutException(message, screen, stacktrace)\n"}, "parameters": [{"name": "locator", "value": "('xpath', \"//div[contains(@class, 'OrderFeed_orderListReady__')]//li\")"}, {"name": "timeout", "value": "10"}], "start": 1767078462086, "stop": 1767078472626}], "parameters": [{"name": "order_number", "value": "'338898'"}], "start": 1767078451539, "stop": 1767078472626}, {"name": "Проверить, есть ли заказ в разделе 'В работе'", "status": "passed", "steps": [{"name": "Получить список заказов в работе", "status": "passed", "steps": [{"name": "Проверить видимость элемента", "status": "passed", "parameters": [{"name": "locator", "value": "('xpath', \"//div[contains(@class, 'OrderFeed_orderListReady__')]\")"}, {"name": "timeout", "value": "5"}], "start": 1767078480634, "stop": 1767078491187}], "start": 1767078480633, "stop": 1767078491187}, {"name": "Найти все элементы", "status": "broken", "statusDetails": {"message": "selenium.common.exceptions.TimeoutException: Message: \n\n", "trace": "  File \"C:\\Users\\vikharev-d\\work\\Task_3\\venv\\lib\\site-packages\\allure_commons\\_allure.py\", line 192, in impl\n    return func(*a, **kw)\n  File \"C:\\Users\\vikharev-d\\work\\Task_3\\pages\\base_page.py\", line 52, in find_elements\n    return wait.until(EC.presence_of_all_elements_located(locator))\n  File \"C:\\Users\\vikharev-d\\work\\Task_3\\venv\\lib\\site-packages\\selenium\\webdriver\\support\\wait.py\", line 101, in until\n    raise TimeoutException(message, screen, stacktrace)\n"}, "parameters": [{"name": "locator", "value": "('xpath', \"//div[contains(@class, 'OrderFeed_orderListReady__')]//li\")"}, {"name": "timeout", "value": "10"}], "start": 1767078491187, "stop": 1767078501760}], "parameters": [{"name": "order_number", "value": "'338898'"}], "start": 1767078480633, "stop": 1767078501760}, {"name": "Проверить, есть ли заказ в разделе 'В работе'", "status": "passed", "steps": [{"name": "Получить список заказов в работе", "status": "passed", "steps": [{"name": "Проверить видимость элемента", "status": "passed", "parameters": [{"name": "locator", "value": "('xpath', \"//div[contains(@class, 'OrderFeed_orderListReady__')]\")"}, {"name": "timeout", "value": "5"}], "start": 1767078510272, "stop": 1767078520839}], "start": 1767078510272, "stop": 1767078520839}, {"name": "Найти все элементы", "status": "broken", "statusDetails": {"message": "selenium.common.exceptions.TimeoutException: Message: \n\n", "trace": "  File \"C:\\Users\\vikharev-d\\work\\Task_3\\venv\\lib\\site-packages\\allure_commons\\_allure.py\", line 192, in impl\n    return func(*a, **kw)\n  File \"C:\\Users\\vikharev-d\\work\\Task_3\\pages\\base_page.py\", line 52, in find_elements\n    return wait.until(EC.presence_of_all_elements_located(locator))\n  File \"C:\\Users\\vikharev-d\\work\\Task_3\\venv\\lib\\site-packages\\selenium\\webdriver\\support\\wait.py\", line 101, in until\n    raise TimeoutException(message, screen, stacktrace)\n"}, "parameters": [{"name": "locator", "value": "('xpath', \"//div[contains(@class, 'OrderFeed_orderListReady__')]//li\")"}, {"name": "timeout", "value": "10"}], "start": 1767078520839, "stop": 1767078531402}], "parameters": [{"name": "order_number", "value": "'338898'"}], "start": 1767078510272, "stop": 1767078531402}], "start": 1767078141266, "stop": 1767078540417}, {"name": "Проверяем, что номер заказа появился в разделе 'В работе'", "status": "failed", "statusDetails": {"message": "AssertionError: Заказ 338898 (номер: 338898) не появился в разделе 'В работе' после 15 попыток. Найдены заказы в разделе: []\nassert False\n", "trace": "  File \"C:\\Users\\vikharev-d\\work\\Task_3\\tests\\test_order_feed.py\", line 240, in test_order_in_progress\n    assert found, \\\n"}, "steps": [{"name": "Получить список заказов в работе", "status": "passed", "steps": [{"name": "Проверить видимость элемента", "status": "passed", "parameters": [{"name": "locator", "value": "('xpath', \"//div[contains(@class, 'OrderFeed_orderListReady__')]\")"}, {"name": "timeout", "value": "5"}], "start": 1767078540417, "stop": 1767078550976}], "start": 1767078540417, "stop": 1767078550977}], "start": 1767078540417, "stop": 1767078550977}], "attachments": [{"name": "screenshot", "source": "cfcb55d9-f9bb-445a-8077-517499db2ce2-attachment.png", "type": "image/png"}], "parameters": [{"name": "driver", "value": "'chrome'"}], "start": 1767078098599, "stop": 1767078550977, "uuid": "c8761324-bd81-4317-8183-827a0ee27c43", "historyId": "1371006384a94e07753a70d1d0a000fa", "testCaseId": "db22de7e6445bc8b783ef3182ac18fe0", "fullName": "tests.test_order_feed.TestOrderFeed#test_order_in_progress", "labels": [{"name": "feature", "value": "Лента заказов"}, {"name": "story", "value": "Функциональность ленты заказов"}, {"name": "parentSuite", "value": "tests"}, {"name": "suite", "value": "test_order_feed"}, {"name": "subSuite", "value": "TestOrderFeed"}, {"name": "host", "value": "plr-001004476"}, {"name": "thread", "value": "18616-MainThread"}, {"name": "framework", "value": "pytest"}, {"name": "language", "value": "cpython3"}, {"name": "package", "value": "tests.test_order_feed"}]}