{"name": "Закрытие модального окна крестиком", "status": "broken", "statusDetails": {"message": "selenium.common.exceptions.TimeoutException: Message: \nStacktrace:\nSymbols not available. Dumping unresolved backtrace:\n\t0x7ff69f437a35\n\t0x7ff69f437a90\n\t0x7ff69f1b16ad\n\t0x7ff69f20a13e\n\t0x7ff69f20a44c\n\t0x7ff69f25ebe7\n\t0x7ff69f25b8fb\n\t0x7ff69f1fb068\n\t0x7ff69f1fbe93\n\t0x7ff69f6f29d0\n\t0x7ff69f6ece50\n\t0x7ff69f70cc45\n\t0x7ff69f4530ce\n\t0x7ff69f45adbf\n\t0x7ff69f440c14\n\t0x7ff69f440dcf\n\t0x7ff69f426828\n\t0x7ffd8250e8d7\n\t0x7ffd8398c53c", "trace": "tests\\test_constructor.py:60: in test_close_modal\n    main_page.click_first_bun_ingredient()\npages\\main_page.py:40: in click_first_bun_ingredient\n    self.click(self.locators.FIRST_BUN_INGREDIENT)\npages\\base_page.py:35: in click\n    element = self.find_visible_element(locator)\npages\\base_page.py:31: in find_visible_element\n    return wait.until(EC.visibility_of_element_located(locator))\n..\\..\\AppData\\Local\\Programs\\Python\\Python310\\lib\\site-packages\\selenium\\webdriver\\support\\wait.py:101: in until\n    raise TimeoutException(message, screen, stacktrace)\nE   selenium.common.exceptions.TimeoutException: Message: \nE   Stacktrace:\nE   Symbols not available. Dumping unresolved backtrace:\nE   \t0x7ff69f437a35\nE   \t0x7ff69f437a90\nE   \t0x7ff69f1b16ad\nE   \t0x7ff69f20a13e\nE   \t0x7ff69f20a44c\nE   \t0x7ff69f25ebe7\nE   \t0x7ff69f25b8fb\nE   \t0x7ff69f1fb068\nE   \t0x7ff69f1fbe93\nE   \t0x7ff69f6f29d0\nE   \t0x7ff69f6ece50\nE   \t0x7ff69f70cc45\nE   \t0x7ff69f4530ce\nE   \t0x7ff69f45adbf\nE   \t0x7ff69f440c14\nE   \t0x7ff69f440dcf\nE   \t0x7ff69f426828\nE   \t0x7ffd8250e8d7\nE   \t0x7ffd8398c53c"}, "description": "Проверяет закрытие модального окна кликом по крестику", "attachments": [{"name": "screenshot", "source": "faabab61-6961-4d99-9ba3-e2c3e9d65682-attachment.png", "type": "image/png"}], "start": 1766913389279, "stop": 1766913412389, "uuid": "51ad43b9-c3bd-4c8d-94ac-fac35b468013", "historyId": "a08caa3e5ae65016ac3cb954acb252fd", "testCaseId": "a08caa3e5ae65016ac3cb954acb252fd", "fullName": "tests.test_constructor.TestConstructor#test_close_modal", "labels": [{"name": "feature", "value": "Основной функционал"}, {"name": "story", "value": "Проверка основного функционала приложения"}, {"name": "parentSuite", "value": "tests"}, {"name": "suite", "value": "test_constructor"}, {"name": "subSuite", "value": "TestConstructor"}, {"name": "host", "value": "plr-001004476"}, {"name": "thread", "value": "27912-MainThread"}, {"name": "framework", "value": "pytest"}, {"name": "language", "value": "cpython3"}, {"name": "package", "value": "tests.test_constructor"}]}