{"uuid": "ed18e8c9-3edd-4242-82a0-2d1bf2aa8303", "children": ["ea8d5af2-5f02-46bd-9df0-317fe2eddf76"], "befores": [{"name": "logged_in_user", "status": "broken", "statusDetails": {"message": "selenium.common.exceptions.TimeoutException: Message: \n\n", "trace": "  File \"C:\\Users\\vikharev-d\\work\\Task_3\\venv\\lib\\site-packages\\pluggy\\_callers.py\", line 38, in run_old_style_hookwrapper\n    res = yield\n  File \"C:\\Users\\vikharev-d\\work\\Task_3\\venv\\lib\\site-packages\\pluggy\\_callers.py\", line 139, in _multicall\n    teardown.throw(exception)\n  File \"C:\\Users\\vikharev-d\\work\\Task_3\\venv\\lib\\site-packages\\pluggy\\_callers.py\", line 53, in run_old_style_hookwrapper\n    return result.get_result()\n  File \"C:\\Users\\vikharev-d\\work\\Task_3\\venv\\lib\\site-packages\\pluggy\\_result.py\", line 103, in get_result\n    raise exc.with_traceback(tb)\n  File \"C:\\Users\\vikharev-d\\work\\Task_3\\venv\\lib\\site-packages\\pluggy\\_callers.py\", line 38, in run_old_style_hookwrapper\n    res = yield\n  File \"C:\\Users\\vikharev-d\\work\\Task_3\\venv\\lib\\site-packages\\pluggy\\_callers.py\", line 121, in _multicall\n    res = hook_impl.function(*args)\n  File \"C:\\Users\\vikharev-d\\work\\Task_3\\venv\\lib\\site-packages\\_pytest\\fixtures.py\", line 1123, in pytest_fixture_setup\n    result = call_fixture_func(fixturefunc, request, kwargs)\n  File \"C:\\Users\\vikharev-d\\work\\Task_3\\venv\\lib\\site-packages\\_pytest\\fixtures.py\", line 895, in call_fixture_func\n    fixture_result = next(generator)\n  File \"C:\\Users\\vikharev-d\\work\\Task_3\\tests\\conftest.py\", line 77, in logged_in_user\n    login_page.login(registered_user[\"email\"], registered_user[\"password\"])\n  File \"C:\\Users\\vikharev-d\\work\\Task_3\\venv\\lib\\site-packages\\allure_commons\\_allure.py\", line 192, in impl\n    return func(*a, **kw)\n  File \"C:\\Users\\vikharev-d\\work\\Task_3\\pages\\login_page.py\", line 41, in login\n    self.wait_for_url_not_contains(\"/login\", timeout=10)\n  File \"C:\\Users\\vikharev-d\\work\\Task_3\\venv\\lib\\site-packages\\allure_commons\\_allure.py\", line 192, in impl\n    return func(*a, **kw)\n  File \"C:\\Users\\vikharev-d\\work\\Task_3\\pages\\base_page.py\", line 174, in wait_for_url_not_contains\n    return wait.until(lambda d: url_part not in d.current_url)\n  File \"C:\\Users\\vikharev-d\\work\\Task_3\\venv\\lib\\site-packages\\selenium\\webdriver\\support\\wait.py\", line 101, in until\n    raise TimeoutException(message, screen, stacktrace)\n"}, "steps": [{"name": "Открыть страницу", "status": "passed", "start": 1767001897671, "stop": 1767001897914}, {"name": "Выполнить вход", "status": "broken", "statusDetails": {"message": "selenium.common.exceptions.TimeoutException: Message: \n\n", "trace": "  File \"C:\\Users\\vikharev-d\\work\\Task_3\\venv\\lib\\site-packages\\allure_commons\\_allure.py\", line 192, in impl\n    return func(*a, **kw)\n  File \"C:\\Users\\vikharev-d\\work\\Task_3\\pages\\login_page.py\", line 41, in login\n    self.wait_for_url_not_contains(\"/login\", timeout=10)\n  File \"C:\\Users\\vikharev-d\\work\\Task_3\\venv\\lib\\site-packages\\allure_commons\\_allure.py\", line 192, in impl\n    return func(*a, **kw)\n  File \"C:\\Users\\vikharev-d\\work\\Task_3\\pages\\base_page.py\", line 174, in wait_for_url_not_contains\n    return wait.until(lambda d: url_part not in d.current_url)\n  File \"C:\\Users\\vikharev-d\\work\\Task_3\\venv\\lib\\site-packages\\selenium\\webdriver\\support\\wait.py\", line 101, in until\n    raise TimeoutException(message, screen, stacktrace)\n"}, "steps": [{"name": "Ввести email", "status": "passed", "steps": [{"name": "Ввести текст в поле", "status": "passed", "steps": [{"name": "Найти видимый элемент", "status": "passed", "parameters": [{"name": "locator", "value": "('xpath', \"//input[@name='name' and @type='text']\")"}, {"name": "timeout", "value": "10"}], "start": 1767001897914, "stop": 1767001899082}], "parameters": [{"name": "locator", "value": "('xpath', \"//input[@name='name' and @type='text']\")"}, {"name": "text", "value": "'test_38016@example.com'"}], "start": 1767001897914, "stop": 1767001899140}], "parameters": [{"name": "email", "value": "'test_38016@example.com'"}], "start": 1767001897914, "stop": 1767001899140}, {"name": "Ввести пароль", "status": "passed", "steps": [{"name": "Ввести текст в поле", "status": "passed", "steps": [{"name": "Найти видимый элемент", "status": "passed", "parameters": [{"name": "locator", "value": "('xpath', \"//input[@name='Пароль' and @type='password']\")"}, {"name": "timeout", "value": "10"}], "start": 1767001899141, "stop": 1767001899174}], "parameters": [{"name": "locator", "value": "('xpath', \"//input[@name='Пароль' and @type='password']\")"}, {"name": "text", "value": "'password123'"}], "start": 1767001899141, "stop": 1767001899210}], "parameters": [{"name": "password", "value": "'password123'"}], "start": 1767001899140, "stop": 1767001899210}, {"name": "Кликнуть по кнопке входа", "status": "passed", "steps": [{"name": "Кликнуть по элементу через JavaScript", "status": "passed", "steps": [{"name": "Найти видимый элемент", "status": "passed", "parameters": [{"name": "locator", "value": "('xpath', \"//button[contains(@class, 'button_button') and contains(text(), 'Войти')]\")"}, {"name": "timeout", "value": "10"}], "start": 1767001899211, "stop": 1767001899257}], "parameters": [{"name": "locator", "value": "('xpath', \"//button[contains(@class, 'button_button') and contains(text(), 'Войти')]\")"}], "start": 1767001899211, "stop": 1767001899262}], "start": 1767001899211, "stop": 1767001899262}, {"name": "Проверить, что URL не содержит часть", "status": "broken", "statusDetails": {"message": "selenium.common.exceptions.TimeoutException: Message: \n\n", "trace": "  File \"C:\\Users\\vikharev-d\\work\\Task_3\\venv\\lib\\site-packages\\allure_commons\\_allure.py\", line 192, in impl\n    return func(*a, **kw)\n  File \"C:\\Users\\vikharev-d\\work\\Task_3\\pages\\base_page.py\", line 174, in wait_for_url_not_contains\n    return wait.until(lambda d: url_part not in d.current_url)\n  File \"C:\\Users\\vikharev-d\\work\\Task_3\\venv\\lib\\site-packages\\selenium\\webdriver\\support\\wait.py\", line 101, in until\n    raise TimeoutException(message, screen, stacktrace)\n"}, "parameters": [{"name": "url_part", "value": "'/login'"}, {"name": "timeout", "value": "10"}], "start": 1767001899262, "stop": 1767001909545}], "parameters": [{"name": "email", "value": "'test_38016@example.com'"}, {"name": "password", "value": "'password123'"}], "start": 1767001897914, "stop": 1767001909545}], "start": 1767001897668, "stop": 1767001909546}], "start": 1767001897668, "stop": 1767001909642}