{"name": "Закрытие модального окна крестиком", "status": "broken", "statusDetails": {"message": "selenium.common.exceptions.TimeoutException: Message:", "trace": "tests\\test_constructor.py:60: in test_close_modal\n    main_page.click_first_bun_ingredient()\npages\\main_page.py:30: in click_first_bun_ingredient\n    ingredients = self.find_elements((By.XPATH, \"//a[contains(@class, 'BurgerIngredient_ingredient')]\"), timeout=15)\npages\\base_page.py:26: in find_elements\n    return wait.until(EC.presence_of_all_elements_located(locator))\n..\\..\\AppData\\Local\\Programs\\Python\\Python310\\lib\\site-packages\\selenium\\webdriver\\support\\wait.py:101: in until\n    raise TimeoutException(message, screen, stacktrace)\nE   selenium.common.exceptions.TimeoutException: Message:"}, "description": "Проверяет закрытие модального окна кликом по крестику", "attachments": [{"name": "screenshot", "source": "277b314d-bef4-43cc-8314-b4e60e6b1a13-attachment.png", "type": "image/png"}], "start": 1766913470548, "stop": 1766913494612, "uuid": "db15790d-f115-4943-ab58-099134cce2e4", "historyId": "a08caa3e5ae65016ac3cb954acb252fd", "testCaseId": "a08caa3e5ae65016ac3cb954acb252fd", "fullName": "tests.test_constructor.TestConstructor#test_close_modal", "labels": [{"name": "story", "value": "Проверка основного функционала приложения"}, {"name": "feature", "value": "Основной функционал"}, {"name": "parentSuite", "value": "tests"}, {"name": "suite", "value": "test_constructor"}, {"name": "subSuite", "value": "TestConstructor"}, {"name": "host", "value": "plr-001004476"}, {"name": "thread", "value": "27052-MainThread"}, {"name": "framework", "value": "pytest"}, {"name": "language", "value": "cpython3"}, {"name": "package", "value": "tests.test_constructor"}]}