{"name": "Увеличение счетчика ингредиента при добавлении", "status": "broken", "statusDetails": {"message": "selenium.common.exceptions.WebDriverException: Message: Service C:\\WebDriver\\chromedriver-win64\\chromedriver.exe unexpectedly exited. Status code was: 1", "trace": "tests\\conftest.py:15: in driver\n    driver = DriverFactory.create_driver(request.param)\nutils\\driver_factory.py:138: in create_driver\n    driver = webdriver.Chrome(\nvenv\\lib\\site-packages\\selenium\\webdriver\\chrome\\webdriver.py:45: in __init__\n    super().__init__(\nvenv\\lib\\site-packages\\selenium\\webdriver\\chromium\\webdriver.py:53: in __init__\n    self.service.start()\nvenv\\lib\\site-packages\\selenium\\webdriver\\common\\service.py:102: in start\n    self.assert_process_still_running()\nvenv\\lib\\site-packages\\selenium\\webdriver\\common\\service.py:115: in assert_process_still_running\n    raise WebDriverException(f\"Service {self._path} unexpectedly exited. Status code was: {return_code}\")\nE   selenium.common.exceptions.WebDriverException: Message: Service C:\\WebDriver\\chromedriver-win64\\chromedriver.exe unexpectedly exited. Status code was: 1"}, "description": "Проверяет увеличение счетчика ингредиента при добавлении в заказ", "parameters": [{"name": "driver", "value": "'chrome'"}], "start": 1767099902907, "stop": 1767099902907, "uuid": "9f60ce63-07dd-4f96-84c7-f399bc8cdbc0", "historyId": "560d986ddbb56fab67c1e20478a42257", "testCaseId": "9c542995b5503c1530460062e9c339f5", "fullName": "tests.test_constructor.TestConstructor#test_ingredient_counter_increase", "labels": [{"name": "feature", "value": "Основной функционал"}, {"name": "story", "value": "Проверка основного функционала приложения"}, {"name": "parentSuite", "value": "tests"}, {"name": "suite", "value": "test_constructor"}, {"name": "subSuite", "value": "TestConstructor"}, {"name": "host", "value": "plr-001004476"}, {"name": "thread", "value": "29912-MainThread"}, {"name": "framework", "value": "pytest"}, {"name": "language", "value": "cpython3"}, {"name": "package", "value": "tests.test_constructor"}]}