{"name": "Оформление заказа залогиненным пользователем", "status": "broken", "statusDetails": {"message": "selenium.common.exceptions.TimeoutException: Message: \nStacktrace:\nRemoteError@chrome://remote/content/shared/RemoteError.sys.mjs:8:8\nWebDriverError@chrome://remote/content/shared/webdriver/Errors.sys.mjs:202:5\nNoSuchElementError@chrome://remote/content/shared/webdriver/Errors.sys.mjs:555:5\ndom.find/</<@chrome://remote/content/shared/DOM.sys.mjs:136:16", "trace": "tests\\test_constructor.py:326: in test_create_order\n    order_number = main_page.get_text(OrderFeedPageLocators.ORDER_NUMBER)\npages\\base_page.py:119: in get_text\n    element = self.find_visible_element(locator)\npages\\base_page.py:66: in find_visible_element\n    element = wait.until(EC.visibility_of_element_located(locator))\nvenv\\lib\\site-packages\\selenium\\webdriver\\support\\wait.py:101: in until\n    raise TimeoutException(message, screen, stacktrace)\nE   selenium.common.exceptions.TimeoutException: Message: \nE   Stacktrace:\nE   RemoteError@chrome://remote/content/shared/RemoteError.sys.mjs:8:8\nE   WebDriverError@chrome://remote/content/shared/webdriver/Errors.sys.mjs:202:5\nE   NoSuchElementError@chrome://remote/content/shared/webdriver/Errors.sys.mjs:555:5\nE   dom.find/</<@chrome://remote/content/shared/DOM.sys.mjs:136:16"}, "description": "Проверяет оформление заказа залогиненным пользователем", "steps": [{"name": "Загрузка сайта, проверка что сайт загружен", "status": "passed", "steps": [{"name": "Открыть страницу", "status": "passed", "start": 1767007672853, "stop": 1767007674269}, {"name": "Ожидать загрузки главной страницы", "status": "passed", "steps": [{"name": "Ожидать исчезновения элемента", "status": "passed", "parameters": [{"name": "locator", "value": "('xpath', \"//div[contains(@class, 'Modal_modal_overlay')]\")"}, {"name": "timeout", "value": "5"}], "start": 1767007674269, "stop": 1767007674308}], "start": 1767007674269, "stop": 1767007674308}], "start": 1767007672852, "stop": 1767007674308}, {"name": "Авторизуемся (используем данные из фикстуры registered_user)", "status": "passed", "steps": [{"name": "Открыть страницу", "status": "passed", "start": 1767007674310, "stop": 1767007674615}, {"name": "Ожидать загрузки главной страницы", "status": "passed", "steps": [{"name": "Ожидать исчезновения элемента", "status": "passed", "parameters": [{"name": "locator", "value": "('xpath', \"//div[contains(@class, 'Modal_modal_overlay')]\")"}, {"name": "timeout", "value": "5"}], "start": 1767007674615, "stop": 1767007674650}], "start": 1767007674615, "stop": 1767007674650}, {"name": "Проверить видимость элемента", "status": "passed", "parameters": [{"name": "locator", "value": "('xpath', \"//button[contains(@class, 'button_button') and contains(text(), 'Войти в аккаунт')]\")"}, {"name": "timeout", "value": "5"}], "start": 1767007674650, "stop": 1767007674767}, {"name": "Кликнуть по элементу через JavaScript", "status": "passed", "steps": [{"name": "Найти видимый элемент", "status": "passed", "parameters": [{"name": "locator", "value": "('xpath', \"//button[contains(@class, 'button_button') and contains(text(), 'Войти в аккаунт')]\")"}, {"name": "timeout", "value": "10"}], "start": 1767007674767, "stop": 1767007674837}], "parameters": [{"name": "locator", "value": "('xpath', \"//button[contains(@class, 'button_button') and contains(text(), 'Войти в аккаунт')]\")"}], "start": 1767007674767, "stop": 1767007674880}, {"name": "Проверить видимость формы входа", "status": "passed", "steps": [{"name": "Проверить видимость элемента", "status": "passed", "parameters": [{"name": "locator", "value": "('xpath', \"//button[contains(@class, 'button_button') and contains(text(), 'Войти')]\")"}, {"name": "timeout", "value": "5"}], "start": 1767007674881, "stop": 1767007674919}], "start": 1767007674881, "stop": 1767007674919}, {"name": "Выполнить вход", "status": "passed", "steps": [{"name": "Получить текущий URL", "status": "passed", "start": 1767007674919, "stop": 1767007674923}, {"name": "Ввести email", "status": "passed", "steps": [{"name": "Ввести текст в поле", "status": "passed", "steps": [{"name": "Найти видимый элемент", "status": "passed", "parameters": [{"name": "locator", "value": "('xpath', \"//input[@name='name' and @type='text']\")"}, {"name": "timeout", "value": "10"}], "start": 1767007674923, "stop": 1767007674977}], "parameters": [{"name": "locator", "value": "('xpath', \"//input[@name='name' and @type='text']\")"}, {"name": "text", "value": "'test_e7a0fd66-9597-49c6-a6ff-aa42e1484058@mail.ru'"}], "start": 1767007674923, "stop": 1767007675068}], "parameters": [{"name": "email", "value": "'test_e7a0fd66-9597-49c6-a6ff-aa42e1484058@mail.ru'"}], "start": 1767007674923, "stop": 1767007675069}, {"name": "Ввести пароль", "status": "passed", "steps": [{"name": "Ввести текст в поле", "status": "passed", "steps": [{"name": "Найти видимый элемент", "status": "passed", "parameters": [{"name": "locator", "value": "('xpath', \"//input[@name='Пароль' and @type='password']\")"}, {"name": "timeout", "value": "10"}], "start": 1767007675069, "stop": 1767007675115}], "parameters": [{"name": "locator", "value": "('xpath', \"//input[@name='Пароль' and @type='password']\")"}, {"name": "text", "value": "'123456'"}], "start": 1767007675069, "stop": 1767007675148}], "parameters": [{"name": "password", "value": "'123456'"}], "start": 1767007675069, "stop": 1767007675148}, {"name": "Получить текущий URL", "status": "passed", "start": 1767007675148, "stop": 1767007675154}, {"name": "Кликнуть по кнопке входа", "status": "passed", "steps": [{"name": "Кликнуть по элементу через JavaScript", "status": "passed", "steps": [{"name": "Найти видимый элемент", "status": "passed", "parameters": [{"name": "locator", "value": "('xpath', \"//button[contains(@class, 'button_button') and contains(text(), 'Войти')]\")"}, {"name": "timeout", "value": "10"}], "start": 1767007675155, "stop": 1767007675211}], "parameters": [{"name": "locator", "value": "('xpath', \"//button[contains(@class, 'button_button') and contains(text(), 'Войти')]\")"}], "start": 1767007675155, "stop": 1767007675226}], "start": 1767007675155, "stop": 1767007675226}], "parameters": [{"name": "email", "value": "'test_e7a0fd66-9597-49c6-a6ff-aa42e1484058@mail.ru'"}, {"name": "password", "value": "'123456'"}], "start": 1767007674919, "stop": 1767007677760}, {"name": "Открыть страницу", "status": "passed", "start": 1767007677763, "stop": 1767007678072}, {"name": "Ожидать загрузки главной страницы", "status": "passed", "steps": [{"name": "Ожидать исчезновения элемента", "status": "passed", "parameters": [{"name": "locator", "value": "('xpath', \"//div[contains(@class, 'Modal_modal_overlay')]\")"}, {"name": "timeout", "value": "5"}], "start": 1767007678072, "stop": 1767007678109}], "start": 1767007678072, "stop": 1767007678109}, {"name": "Проверить, что пользователь авторизован", "status": "passed", "steps": [{"name": "Проверить видимость элемента", "status": "passed", "parameters": [{"name": "locator", "value": "('xpath', \"//button[contains(@class, 'button_button__33qZ0') and contains(text(), 'Оформить заказ')]\")"}, {"name": "timeout", "value": "3"}], "start": 1767007681134, "stop": 1767007681180}], "start": 1767007681134, "stop": 1767007681180}, {"name": "Проверить, что пользователь авторизован", "status": "passed", "steps": [{"name": "Проверить видимость элемента", "status": "passed", "parameters": [{"name": "locator", "value": "('xpath', \"//button[contains(@class, 'button_button__33qZ0') and contains(text(), 'Оформить заказ')]\")"}, {"name": "timeout", "value": "3"}], "start": 1767007681181, "stop": 1767007681229}], "start": 1767007681181, "stop": 1767007681229}], "attachments": [{"name": "User credentials", "source": "e68120d4-3ce5-43dd-a193-520323f6718b-attachment.txt", "type": "text/plain"}], "start": 1767007674308, "stop": 1767007681229}, {"name": "Переходим в конструктор, проверяем что находимся в конструкторе и мы авторизованы (находим заголовок 'Соберите бургер' и в области конструктора есть кнопка 'Оформить заказ')", "status": "passed", "steps": [{"name": "Кликнуть по кнопке 'Конструктор'", "status": "passed", "steps": [{"name": "Ожидать загрузки главной страницы", "status": "passed", "steps": [{"name": "Ожидать исчезновения элемента", "status": "passed", "parameters": [{"name": "locator", "value": "('xpath', \"//div[contains(@class, 'Modal_modal_overlay')]\")"}, {"name": "timeout", "value": "5"}], "start": 1767007681229, "stop": 1767007681244}], "start": 1767007681229, "stop": 1767007681244}, {"name": "Кликнуть по элементу через JavaScript", "status": "passed", "steps": [{"name": "Найти видимый элемент", "status": "passed", "parameters": [{"name": "locator", "value": "('xpath', \"//a[contains(@class, 'AppHeader_header__link') and (@href='/' or @href='https://stellarburgers.education-services.ru/')]\")"}, {"name": "timeout", "value": "10"}], "start": 1767007681245, "stop": 1767007681306}], "parameters": [{"name": "locator", "value": "('xpath', \"//a[contains(@class, 'AppHeader_header__link') and (@href='/' or @href='https://stellarburgers.education-services.ru/')]\")"}], "start": 1767007681245, "stop": 1767007681325}], "start": 1767007681229, "stop": 1767007681325}, {"name": "Проверить видимость конструктора", "status": "passed", "steps": [{"name": "Проверить видимость элемента", "status": "passed", "parameters": [{"name": "locator", "value": "('xpath', \"//h1[contains(text(), 'Соберите бургер')]\")"}, {"name": "timeout", "value": "5"}], "start": 1767007681325, "stop": 1767007681368}], "start": 1767007681325, "stop": 1767007681368}, {"name": "Проверить, что пользователь авторизован", "status": "passed", "steps": [{"name": "Проверить видимость элемента", "status": "passed", "parameters": [{"name": "locator", "value": "('xpath', \"//button[contains(@class, 'button_button__33qZ0') and contains(text(), 'Оформить заказ')]\")"}, {"name": "timeout", "value": "3"}], "start": 1767007681369, "stop": 1767007681404}], "start": 1767007681369, "stop": 1767007681404}], "start": 1767007681229, "stop": 1767007681408}, {"name": "Добавляем первый ингредиент из списка булки (перетаскиваем в область конструктора, проверяем что изменился счетчик)", "status": "passed", "steps": [{"name": "Получить счетчик ингредиента", "status": "passed", "steps": [{"name": "Найти элемент", "status": "passed", "parameters": [{"name": "locator", "value": "('xpath', \"//a[contains(@class, 'BurgerIngredient_ingredient')]//p[text()='Флюоресцентная булка R2-D3']/parent::a\")"}, {"name": "timeout", "value": "10"}], "start": 1767007681408, "stop": 1767007681412}], "parameters": [{"name": "ingredient_locator", "value": "('xpath', \"//a[contains(@class, 'BurgerIngredient_ingredient')]//p[text()='Флюоресцентная булка R2-D3']/parent::a\")"}], "start": 1767007681408, "stop": 1767007681428}, {"name": "Перетащить ингредиент в конструктор", "status": "passed", "steps": [{"name": "Найти видимый элемент", "status": "passed", "parameters": [{"name": "locator", "value": "('xpath', \"//a[contains(@class, 'BurgerIngredient_ingredient')]//p[text()='Флюоресцентная булка R2-D3']/parent::a\")"}, {"name": "timeout", "value": "10"}], "start": 1767007681429, "stop": 1767007681488}, {"name": "Найти видимый элемент", "status": "passed", "parameters": [{"name": "locator", "value": "('xpath', \"//ul[contains(@class, 'BurgerConstructor_basket__list__l9dp_')]\")"}, {"name": "timeout", "value": "10"}], "start": 1767007681489, "stop": 1767007681556}, {"name": "Перетащить элемент", "status": "passed", "parameters": [{"name": "source", "value": "<selenium.webdriver.remote.webelement.WebElement (session=\"fbbaee99-a94d-4828-b7cc-224b07eeb058\", element=\"5d501e15-d39b-4b25-8ade-98903ef213db\")>"}, {"name": "target", "value": "<selenium.webdriver.remote.webelement.WebElement (session=\"fbbaee99-a94d-4828-b7cc-224b07eeb058\", element=\"107568b2-4306-4aad-ab71-e69edcc04d80\")>"}], "start": 1767007681564, "stop": 1767007681577}], "parameters": [{"name": "ingredient_locator", "value": "('xpath', \"//a[contains(@class, 'BurgerIngredient_ingredient')]//p[text()='Флюоресцентная булка R2-D3']/parent::a\")"}], "start": 1767007681429, "stop": 1767007681577}, {"name": "Ожидать появления счетчика ингредиента", "status": "passed", "parameters": [{"name": "timeout", "value": "10"}], "start": 1767007681577, "stop": 1767007681590}, {"name": "Получить счетчик ингредиента", "status": "passed", "steps": [{"name": "Найти элемент", "status": "passed", "parameters": [{"name": "locator", "value": "('xpath', \"//a[contains(@class, 'BurgerIngredient_ingredient')]//p[text()='Флюоресцентная булка R2-D3']/parent::a\")"}, {"name": "timeout", "value": "10"}], "start": 1767007681590, "stop": 1767007681593}], "parameters": [{"name": "ingredient_locator", "value": "('xpath', \"//a[contains(@class, 'BurgerIngredient_ingredient')]//p[text()='Флюоресцентная булка R2-D3']/parent::a\")"}], "start": 1767007681590, "stop": 1767007681611}], "start": 1767007681408, "stop": 1767007681611}, {"name": "Кликаем на кнопку 'Оформить заказ'", "status": "passed", "steps": [{"name": "Кликнуть по кнопке 'Оформить заказ'", "status": "passed", "steps": [{"name": "Проверить, что пользователь авторизован", "status": "passed", "steps": [{"name": "Проверить видимость элемента", "status": "passed", "parameters": [{"name": "locator", "value": "('xpath', \"//button[contains(@class, 'button_button__33qZ0') and contains(text(), 'Оформить заказ')]\")"}, {"name": "timeout", "value": "3"}], "start": 1767007681611, "stop": 1767007681643}], "start": 1767007681611, "stop": 1767007681643}, {"name": "Кликнуть по элементу через JavaScript", "status": "passed", "steps": [{"name": "Найти видимый элемент", "status": "passed", "parameters": [{"name": "locator", "value": "('xpath', \"//button[contains(@class, 'button_button__33qZ0') and contains(text(), 'Оформить заказ')]\")"}, {"name": "timeout", "value": "10"}], "start": 1767007681643, "stop": 1767007681686}], "parameters": [{"name": "locator", "value": "('xpath', \"//button[contains(@class, 'button_button__33qZ0') and contains(text(), 'Оформить заказ')]\")"}], "start": 1767007681643, "stop": 1767007681697}], "start": 1767007681611, "stop": 1767007681697}], "start": 1767007681611, "stop": 1767007681697}, {"name": "Получаем модальное окно с текстом 'идентификатор заказа', 'tick animation', 'Ваш заказ начали готовить', 'Дождитесь готовности на орбитальной станции'", "status": "broken", "statusDetails": {"message": "selenium.common.exceptions.TimeoutException: Message: \nStacktrace:\nRemoteError@chrome://remote/content/shared/RemoteError.sys.mjs:8:8\nWebDriverError@chrome://remote/content/shared/webdriver/Errors.sys.mjs:202:5\nNoSuchElementError@chrome://remote/content/shared/webdriver/Errors.sys.mjs:555:5\ndom.find/</<@chrome://remote/content/shared/DOM.sys.mjs:136:16\n\n", "trace": "  File \"C:\\Users\\vikharev-d\\work\\Task_3\\tests\\test_constructor.py\", line 326, in test_create_order\n    order_number = main_page.get_text(OrderFeedPageLocators.ORDER_NUMBER)\n  File \"C:\\Users\\vikharev-d\\work\\Task_3\\venv\\lib\\site-packages\\allure_commons\\_allure.py\", line 192, in impl\n    return func(*a, **kw)\n  File \"C:\\Users\\vikharev-d\\work\\Task_3\\pages\\base_page.py\", line 119, in get_text\n    element = self.find_visible_element(locator)\n  File \"C:\\Users\\vikharev-d\\work\\Task_3\\venv\\lib\\site-packages\\allure_commons\\_allure.py\", line 192, in impl\n    return func(*a, **kw)\n  File \"C:\\Users\\vikharev-d\\work\\Task_3\\pages\\base_page.py\", line 66, in find_visible_element\n    element = wait.until(EC.visibility_of_element_located(locator))\n  File \"C:\\Users\\vikharev-d\\work\\Task_3\\venv\\lib\\site-packages\\selenium\\webdriver\\support\\wait.py\", line 101, in until\n    raise TimeoutException(message, screen, stacktrace)\n"}, "steps": [{"name": "Проверить видимость модального окна", "status": "passed", "steps": [{"name": "Проверить видимость элемента", "status": "passed", "parameters": [{"name": "locator", "value": "('xpath', \"//div[contains(@class, 'Modal_modal__container')]\")"}, {"name": "timeout", "value": "5"}], "start": 1767007684702, "stop": 1767007684733}], "start": 1767007684702, "stop": 1767007684733}, {"name": "Проверить видимость сообщения об успешном заказе", "status": "passed", "steps": [{"name": "Проверить видимость элемента", "status": "passed", "parameters": [{"name": "locator", "value": "('xpath', \"//h2[contains(@class, 'Modal_modal_title') and contains(@class, 'text_type_digits-large')]\")"}, {"name": "timeout", "value": "5"}], "start": 1767007684733, "stop": 1767007695259}, {"name": "Проверить видимость элемента", "status": "passed", "parameters": [{"name": "locator", "value": "('xpath', \"//p[contains(text(), 'идентификатор заказа')]\")"}, {"name": "timeout", "value": "5"}], "start": 1767007695259, "stop": 1767007695300}], "start": 1767007684733, "stop": 1767007695300}, {"name": "Получить текст элемента", "status": "broken", "statusDetails": {"message": "selenium.common.exceptions.TimeoutException: Message: \nStacktrace:\nRemoteError@chrome://remote/content/shared/RemoteError.sys.mjs:8:8\nWebDriverError@chrome://remote/content/shared/webdriver/Errors.sys.mjs:202:5\nNoSuchElementError@chrome://remote/content/shared/webdriver/Errors.sys.mjs:555:5\ndom.find/</<@chrome://remote/content/shared/DOM.sys.mjs:136:16\n\n", "trace": "  File \"C:\\Users\\vikharev-d\\work\\Task_3\\venv\\lib\\site-packages\\allure_commons\\_allure.py\", line 192, in impl\n    return func(*a, **kw)\n  File \"C:\\Users\\vikharev-d\\work\\Task_3\\pages\\base_page.py\", line 119, in get_text\n    element = self.find_visible_element(locator)\n  File \"C:\\Users\\vikharev-d\\work\\Task_3\\venv\\lib\\site-packages\\allure_commons\\_allure.py\", line 192, in impl\n    return func(*a, **kw)\n  File \"C:\\Users\\vikharev-d\\work\\Task_3\\pages\\base_page.py\", line 66, in find_visible_element\n    element = wait.until(EC.visibility_of_element_located(locator))\n  File \"C:\\Users\\vikharev-d\\work\\Task_3\\venv\\lib\\site-packages\\selenium\\webdriver\\support\\wait.py\", line 101, in until\n    raise TimeoutException(message, screen, stacktrace)\n"}, "steps": [{"name": "Найти видимый элемент", "status": "broken", "statusDetails": {"message": "selenium.common.exceptions.TimeoutException: Message: \nStacktrace:\nRemoteError@chrome://remote/content/shared/RemoteError.sys.mjs:8:8\nWebDriverError@chrome://remote/content/shared/webdriver/Errors.sys.mjs:202:5\nNoSuchElementError@chrome://remote/content/shared/webdriver/Errors.sys.mjs:555:5\ndom.find/</<@chrome://remote/content/shared/DOM.sys.mjs:136:16\n\n", "trace": "  File \"C:\\Users\\vikharev-d\\work\\Task_3\\venv\\lib\\site-packages\\allure_commons\\_allure.py\", line 192, in impl\n    return func(*a, **kw)\n  File \"C:\\Users\\vikharev-d\\work\\Task_3\\pages\\base_page.py\", line 66, in find_visible_element\n    element = wait.until(EC.visibility_of_element_located(locator))\n  File \"C:\\Users\\vikharev-d\\work\\Task_3\\venv\\lib\\site-packages\\selenium\\webdriver\\support\\wait.py\", line 101, in until\n    raise TimeoutException(message, screen, stacktrace)\n"}, "parameters": [{"name": "locator", "value": "('xpath', \"//h2[contains(@class, 'Modal_modal_title') and contains(@class, 'text_type_digits-large')]\")"}, {"name": "timeout", "value": "10"}], "start": 1767007695301, "stop": 1767007705836}], "parameters": [{"name": "locator", "value": "('xpath', \"//h2[contains(@class, 'Modal_modal_title') and contains(@class, 'text_type_digits-large')]\")"}], "start": 1767007695301, "stop": 1767007705836}], "start": 1767007681697, "stop": 1767007705836}], "attachments": [{"name": "screenshot", "source": "3b3efae7-f15f-4dd0-88be-a21477e4aa39-attachment.png", "type": "image/png"}], "parameters": [{"name": "driver", "value": "'firefox'"}], "start": 1767007672852, "stop": 1767007705837, "uuid": "9d330ef6-6234-466f-b6f9-38cdd00a1f7e", "historyId": "620ca03644e02f7506bd2c615af8094b", "testCaseId": "08697d8feb5c30f95bcfbb211cf0c003", "fullName": "tests.test_constructor.TestConstructor#test_create_order", "labels": [{"name": "feature", "value": "Основной функционал"}, {"name": "story", "value": "Проверка основного функционала приложения"}, {"name": "parentSuite", "value": "tests"}, {"name": "suite", "value": "test_constructor"}, {"name": "subSuite", "value": "TestConstructor"}, {"name": "host", "value": "plr-001004476"}, {"name": "thread", "value": "30520-MainThread"}, {"name": "framework", "value": "pytest"}, {"name": "language", "value": "cpython3"}, {"name": "package", "value": "tests.test_constructor"}]}