{"name": "Переход в раздел 'История заказов'", "status": "broken", "statusDetails": {"message": "selenium.common.exceptions.TimeoutException: Message: \nStacktrace:\nRemoteError@chrome://remote/content/shared/RemoteError.sys.mjs:8:8\nWebDriverError@chrome://remote/content/shared/webdriver/Errors.sys.mjs:202:5\nNoSuchElementError@chrome://remote/content/shared/webdriver/Errors.sys.mjs:555:5\ndom.find/</<@chrome://remote/content/shared/DOM.sys.mjs:136:16", "trace": "tests\\test_user_profile.py:27: in test_go_to_order_history\n    main_page.click_personal_account_button()\npages\\main_page.py:22: in click_personal_account_button\n    self.click(self.locators.PERSONAL_ACCOUNT_BUTTON)\npages\\base_page.py:35: in click\n    element = self.find_visible_element(locator)\npages\\base_page.py:31: in find_visible_element\n    return wait.until(EC.visibility_of_element_located(locator))\n..\\..\\AppData\\Local\\Programs\\Python\\Python310\\lib\\site-packages\\selenium\\webdriver\\support\\wait.py:101: in until\n    raise TimeoutException(message, screen, stacktrace)\nE   selenium.common.exceptions.TimeoutException: Message: \nE   Stacktrace:\nE   RemoteError@chrome://remote/content/shared/RemoteError.sys.mjs:8:8\nE   WebDriverError@chrome://remote/content/shared/webdriver/Errors.sys.mjs:202:5\nE   NoSuchElementError@chrome://remote/content/shared/webdriver/Errors.sys.mjs:555:5\nE   dom.find/</<@chrome://remote/content/shared/DOM.sys.mjs:136:16"}, "description": "Проверяет переход в раздел 'История заказов'", "attachments": [{"name": "screenshot", "source": "103292c6-a643-401c-87cb-79115dc06176-attachment.png", "type": "image/png"}], "start": 1766911393036, "stop": 1766911403561, "uuid": "7e009c25-33db-471c-9279-62e7d65be681", "historyId": "914afb0613043401af311cdaded0ae57", "testCaseId": "914afb0613043401af311cdaded0ae57", "fullName": "tests.test_user_profile.TestUserProfile#test_go_to_order_history", "labels": [{"name": "feature", "value": "Личный кабинет"}, {"name": "story", "value": "Функциональность личного кабинета"}, {"name": "parentSuite", "value": "tests"}, {"name": "suite", "value": "test_user_profile"}, {"name": "subSuite", "value": "TestUserProfile"}, {"name": "host", "value": "plr-001004476"}, {"name": "thread", "value": "27152-MainThread"}, {"name": "framework", "value": "pytest"}, {"name": "language", "value": "cpython3"}, {"name": "package", "value": "tests.test_user_profile"}]}