{"name": "Номер заказа появляется в разделе 'В работе'", "status": "broken", "statusDetails": {"message": "selenium.common.exceptions.TimeoutException: Message: \nStacktrace:\nSymbols not available. Dumping unresolved backtrace:\n\t0x7ff69f437a35\n\t0x7ff69f437a90\n\t0x7ff69f1b16ad\n\t0x7ff69f20a13e\n\t0x7ff69f20a44c\n\t0x7ff69f25ebe7\n\t0x7ff69f25b8fb\n\t0x7ff69f1fb068\n\t0x7ff69f1fbe93\n\t0x7ff69f6f29d0\n\t0x7ff69f6ece50\n\t0x7ff69f70cc45\n\t0x7ff69f4530ce\n\t0x7ff69f45adbf\n\t0x7ff69f440c14\n\t0x7ff69f440dcf\n\t0x7ff69f426828\n\t0x7ffd8250e8d7\n\t0x7ffd8398c53c", "trace": "tests\\test_order_feed.py:128: in test_order_in_progress\n    main_page.drag_ingredient_to_constructor(main_page.locators.FIRST_BUN_INGREDIENT)\npages\\main_page.py:52: in drag_ingredient_to_constructor\n    ingredient = self.find_visible_element(ingredient_locator)\npages\\base_page.py:31: in find_visible_element\n    return wait.until(EC.visibility_of_element_located(locator))\n..\\..\\AppData\\Local\\Programs\\Python\\Python310\\lib\\site-packages\\selenium\\webdriver\\support\\wait.py:101: in until\n    raise TimeoutException(message, screen, stacktrace)\nE   selenium.common.exceptions.TimeoutException: Message: \nE   Stacktrace:\nE   Symbols not available. Dumping unresolved backtrace:\nE   \t0x7ff69f437a35\nE   \t0x7ff69f437a90\nE   \t0x7ff69f1b16ad\nE   \t0x7ff69f20a13e\nE   \t0x7ff69f20a44c\nE   \t0x7ff69f25ebe7\nE   \t0x7ff69f25b8fb\nE   \t0x7ff69f1fb068\nE   \t0x7ff69f1fbe93\nE   \t0x7ff69f6f29d0\nE   \t0x7ff69f6ece50\nE   \t0x7ff69f70cc45\nE   \t0x7ff69f4530ce\nE   \t0x7ff69f45adbf\nE   \t0x7ff69f440c14\nE   \t0x7ff69f440dcf\nE   \t0x7ff69f426828\nE   \t0x7ffd8250e8d7\nE   \t0x7ffd8398c53c"}, "description": "Проверяет, что номер заказа появляется в разделе 'В работе' после оформления", "steps": [{"name": "Добавляем ингредиенты в конструктор", "status": "broken", "statusDetails": {"message": "selenium.common.exceptions.TimeoutException: Message: \nStacktrace:\nSymbols not available. Dumping unresolved backtrace:\n\t0x7ff69f437a35\n\t0x7ff69f437a90\n\t0x7ff69f1b16ad\n\t0x7ff69f20a13e\n\t0x7ff69f20a44c\n\t0x7ff69f25ebe7\n\t0x7ff69f25b8fb\n\t0x7ff69f1fb068\n\t0x7ff69f1fbe93\n\t0x7ff69f6f29d0\n\t0x7ff69f6ece50\n\t0x7ff69f70cc45\n\t0x7ff69f4530ce\n\t0x7ff69f45adbf\n\t0x7ff69f440c14\n\t0x7ff69f440dcf\n\t0x7ff69f426828\n\t0x7ffd8250e8d7\n\t0x7ffd8398c53c\n\n", "trace": "  File \"C:\\Users\\vikharev-d\\work\\Task_3\\tests\\test_order_feed.py\", line 128, in test_order_in_progress\n    main_page.drag_ingredient_to_constructor(main_page.locators.FIRST_BUN_INGREDIENT)\n  File \"C:\\Users\\vikharev-d\\work\\Task_3\\pages\\main_page.py\", line 52, in drag_ingredient_to_constructor\n    ingredient = self.find_visible_element(ingredient_locator)\n  File \"C:\\Users\\vikharev-d\\work\\Task_3\\pages\\base_page.py\", line 31, in find_visible_element\n    return wait.until(EC.visibility_of_element_located(locator))\n  File \"C:\\Users\\vikharev-d\\AppData\\Local\\Programs\\Python\\Python310\\lib\\site-packages\\selenium\\webdriver\\support\\wait.py\", line 101, in until\n    raise TimeoutException(message, screen, stacktrace)\n"}, "start": 1766910914136, "stop": 1766910924691}], "attachments": [{"name": "screenshot", "source": "c89fc587-ff95-4473-b2db-9d8f1ba9e538-attachment.png", "type": "image/png"}], "start": 1766910914136, "stop": 1766910924691, "uuid": "cd9a5a3c-340c-482a-8a9d-c0e1ff772027", "historyId": "db22de7e6445bc8b783ef3182ac18fe0", "testCaseId": "db22de7e6445bc8b783ef3182ac18fe0", "fullName": "tests.test_order_feed.TestOrderFeed#test_order_in_progress", "labels": [{"name": "story", "value": "Функциональность ленты заказов"}, {"name": "feature", "value": "Лента заказов"}, {"name": "parentSuite", "value": "tests"}, {"name": "suite", "value": "test_order_feed"}, {"name": "subSuite", "value": "TestOrderFeed"}, {"name": "host", "value": "plr-001004476"}, {"name": "thread", "value": "25952-MainThread"}, {"name": "framework", "value": "pytest"}, {"name": "language", "value": "cpython3"}, {"name": "package", "value": "tests.test_order_feed"}]}