{"name": "Увеличение счетчика 'Выполнено за всё время'", "status": "broken", "statusDetails": {"message": "selenium.common.exceptions.TimeoutException: Message: \nStacktrace:\nRemoteError@chrome://remote/content/shared/RemoteError.sys.mjs:8:8\nWebDriverError@chrome://remote/content/shared/webdriver/Errors.sys.mjs:202:5\nNoSuchElementError@chrome://remote/content/shared/webdriver/Errors.sys.mjs:555:5\ndom.find/</<@chrome://remote/content/shared/DOM.sys.mjs:136:16", "trace": "tests\\test_order_feed.py:60: in test_total_orders_counter_increase\n    main_page.click_order_feed_button()\npages\\main_page.py:18: in click_order_feed_button\n    self.click(self.locators.ORDER_FEED_BUTTON)\npages\\base_page.py:35: in click\n    element = self.find_visible_element(locator)\npages\\base_page.py:31: in find_visible_element\n    return wait.until(EC.visibility_of_element_located(locator))\n..\\..\\AppData\\Local\\Programs\\Python\\Python310\\lib\\site-packages\\selenium\\webdriver\\support\\wait.py:101: in until\n    raise TimeoutException(message, screen, stacktrace)\nE   selenium.common.exceptions.TimeoutException: Message: \nE   Stacktrace:\nE   RemoteError@chrome://remote/content/shared/RemoteError.sys.mjs:8:8\nE   WebDriverError@chrome://remote/content/shared/webdriver/Errors.sys.mjs:202:5\nE   NoSuchElementError@chrome://remote/content/shared/webdriver/Errors.sys.mjs:555:5\nE   dom.find/</<@chrome://remote/content/shared/DOM.sys.mjs:136:16"}, "description": "Проверяет увеличение счетчика 'Выполнено за всё время' при создании заказа", "attachments": [{"name": "screenshot", "source": "631ae113-5d96-4861-8558-bd37330d4b20-attachment.png", "type": "image/png"}], "start": 1766911248527, "stop": 1766911259045, "uuid": "a9daff2f-091b-4c12-b3f6-9324701edb1e", "historyId": "350bdcc5b17f80dc9c7cb916b696ed49", "testCaseId": "350bdcc5b17f80dc9c7cb916b696ed49", "fullName": "tests.test_order_feed.TestOrderFeed#test_total_orders_counter_increase", "labels": [{"name": "story", "value": "Функциональность ленты заказов"}, {"name": "feature", "value": "Лента заказов"}, {"name": "parentSuite", "value": "tests"}, {"name": "suite", "value": "test_order_feed"}, {"name": "subSuite", "value": "TestOrderFeed"}, {"name": "host", "value": "plr-001004476"}, {"name": "thread", "value": "27152-MainThread"}, {"name": "framework", "value": "pytest"}, {"name": "language", "value": "cpython3"}, {"name": "package", "value": "tests.test_order_feed"}]}