{"name": "Увеличение счетчика 'Выполнено за всё время'", "status": "failed", "statusDetails": {"message": "AssertionError: Счетчик 'Выполнено за всё время' не увеличился. Было: 0, стало: 0\nassert 0 > 0", "trace": "tests\\test_order_feed.py:125: in test_total_orders_counter_increase\n    assert new_total > initial_total, \\\nE   AssertionError: Счетчик 'Выполнено за всё время' не увеличился. Было: 0, стало: 0\nE   assert 0 > 0"}, "description": "Проверяет увеличение счетчика 'Выполнено за всё время' при создании заказа", "steps": [{"name": "Переходим в 'Лента Заказов' и проверяем заголовок", "status": "passed", "steps": [{"name": "Кликнуть по кнопке 'Лента заказов'", "status": "passed", "steps": [{"name": "Ожидать загрузки главной страницы", "status": "passed", "steps": [{"name": "Ожидать исчезновения элемента", "status": "passed", "parameters": [{"name": "locator", "value": "('xpath', \"//div[contains(@class, 'Modal_modal_overlay')]\")"}, {"name": "timeout", "value": "5"}], "start": 1767014900327, "stop": 1767014904406}], "start": 1767014900327, "stop": 1767014904406}, {"name": "Кликнуть по элементу через JavaScript", "status": "passed", "steps": [{"name": "Найти видимый элемент", "status": "passed", "parameters": [{"name": "locator", "value": "('xpath', \"//a[contains(@class, 'AppHeader_header__link') and contains(@href, '/feed')]\")"}, {"name": "timeout", "value": "10"}], "start": 1767014904406, "stop": 1767014904432}], "parameters": [{"name": "locator", "value": "('xpath', \"//a[contains(@class, 'AppHeader_header__link') and contains(@href, '/feed')]\")"}], "start": 1767014904406, "stop": 1767014904442}], "start": 1767014900327, "stop": 1767014904442}, {"name": "Проверить видимость заголовка 'Лента заказов'", "status": "passed", "steps": [{"name": "Проверить видимость элемента", "status": "passed", "parameters": [{"name": "locator", "value": "('xpath', \"//h1[contains(text(), 'Лента заказов')]\")"}, {"name": "timeout", "value": "5"}], "start": 1767014904442, "stop": 1767014905434}], "start": 1767014904442, "stop": 1767014905434}], "start": 1767014900327, "stop": 1767014905434}, {"name": "Получаем начальное значение счетчика 'Выполнено за всё время'", "status": "passed", "steps": [{"name": "Получить счетчик 'Выполнено за всё время'", "status": "passed", "steps": [{"name": "Получить текст элемента", "status": "broken", "statusDetails": {"message": "selenium.common.exceptions.TimeoutException: Message: \nStacktrace:\nRemoteError@chrome://remote/content/shared/RemoteError.sys.mjs:8:8\nWebDriverError@chrome://remote/content/shared/webdriver/Errors.sys.mjs:202:5\nNoSuchElementError@chrome://remote/content/shared/webdriver/Errors.sys.mjs:555:5\ndom.find/</<@chrome://remote/content/shared/DOM.sys.mjs:136:16\n\n", "trace": "  File \"C:\\Users\\vikharev-d\\work\\Task_3\\venv\\lib\\site-packages\\allure_commons\\_allure.py\", line 192, in impl\n    return func(*a, **kw)\n  File \"C:\\Users\\vikharev-d\\work\\Task_3\\pages\\base_page.py\", line 119, in get_text\n    element = self.find_visible_element(locator)\n  File \"C:\\Users\\vikharev-d\\work\\Task_3\\venv\\lib\\site-packages\\allure_commons\\_allure.py\", line 192, in impl\n    return func(*a, **kw)\n  File \"C:\\Users\\vikharev-d\\work\\Task_3\\pages\\base_page.py\", line 66, in find_visible_element\n    element = wait.until(EC.visibility_of_element_located(locator))\n  File \"C:\\Users\\vikharev-d\\work\\Task_3\\venv\\lib\\site-packages\\selenium\\webdriver\\support\\wait.py\", line 101, in until\n    raise TimeoutException(message, screen, stacktrace)\n"}, "steps": [{"name": "Найти видимый элемент", "status": "broken", "statusDetails": {"message": "selenium.common.exceptions.TimeoutException: Message: \nStacktrace:\nRemoteError@chrome://remote/content/shared/RemoteError.sys.mjs:8:8\nWebDriverError@chrome://remote/content/shared/webdriver/Errors.sys.mjs:202:5\nNoSuchElementError@chrome://remote/content/shared/webdriver/Errors.sys.mjs:555:5\ndom.find/</<@chrome://remote/content/shared/DOM.sys.mjs:136:16\n\n", "trace": "  File \"C:\\Users\\vikharev-d\\work\\Task_3\\venv\\lib\\site-packages\\allure_commons\\_allure.py\", line 192, in impl\n    return func(*a, **kw)\n  File \"C:\\Users\\vikharev-d\\work\\Task_3\\pages\\base_page.py\", line 66, in find_visible_element\n    element = wait.until(EC.visibility_of_element_located(locator))\n  File \"C:\\Users\\vikharev-d\\work\\Task_3\\venv\\lib\\site-packages\\selenium\\webdriver\\support\\wait.py\", line 101, in until\n    raise TimeoutException(message, screen, stacktrace)\n"}, "parameters": [{"name": "locator", "value": "('xpath', \"//p[contains(text(), 'Выполнено за всё время')]/following-sibling::p\")"}, {"name": "timeout", "value": "10"}], "start": 1767014905434, "stop": 1767014915968}], "parameters": [{"name": "locator", "value": "('xpath', \"//p[contains(text(), 'Выполнено за всё время')]/following-sibling::p\")"}], "start": 1767014905434, "stop": 1767014915969}], "start": 1767014905434, "stop": 1767014915969}], "start": 1767014905434, "stop": 1767014915969}, {"name": "Переходим в конструктор для создания заказа", "status": "passed", "steps": [{"name": "Кликнуть по кнопке 'Конструктор'", "status": "passed", "steps": [{"name": "Ожидать загрузки главной страницы", "status": "passed", "steps": [{"name": "Ожидать исчезновения элемента", "status": "passed", "parameters": [{"name": "locator", "value": "('xpath', \"//div[contains(@class, 'Modal_modal_overlay')]\")"}, {"name": "timeout", "value": "5"}], "start": 1767014915969, "stop": 1767014915976}], "start": 1767014915969, "stop": 1767014915976}, {"name": "Кликнуть по элементу через JavaScript", "status": "passed", "steps": [{"name": "Найти видимый элемент", "status": "passed", "parameters": [{"name": "locator", "value": "('xpath', \"//a[contains(@class, 'AppHeader_header__link') and (@href='/' or @href='https://stellarburgers.education-services.ru/')]\")"}, {"name": "timeout", "value": "10"}], "start": 1767014915976, "stop": 1767014916001}], "parameters": [{"name": "locator", "value": "('xpath', \"//a[contains(@class, 'AppHeader_header__link') and (@href='/' or @href='https://stellarburgers.education-services.ru/')]\")"}], "start": 1767014915976, "stop": 1767014916014}], "start": 1767014915969, "stop": 1767014916014}, {"name": "Ожидать загрузки главной страницы", "status": "passed", "steps": [{"name": "Ожидать исчезновения элемента", "status": "passed", "parameters": [{"name": "locator", "value": "('xpath', \"//div[contains(@class, 'Modal_modal_overlay')]\")"}, {"name": "timeout", "value": "5"}], "start": 1767014916014, "stop": 1767014916024}], "start": 1767014916014, "stop": 1767014916024}], "start": 1767014915969, "stop": 1767014916024}, {"name": "Перетаскиваем первый элемент из списка 'Булки' в область конструктора", "status": "passed", "steps": [{"name": "Получить счетчик ингредиента", "status": "passed", "steps": [{"name": "Найти элемент", "status": "passed", "parameters": [{"name": "locator", "value": "('xpath', \"//a[contains(@class, 'BurgerIngredient_ingredient')]//p[text()='Флюоресцентная булка R2-D3']/parent::a\")"}, {"name": "timeout", "value": "10"}], "start": 1767014916024, "stop": 1767014916026}], "parameters": [{"name": "ingredient_locator", "value": "('xpath', \"//a[contains(@class, 'BurgerIngredient_ingredient')]//p[text()='Флюоресцентная булка R2-D3']/parent::a\")"}], "start": 1767014916024, "stop": 1767014916035}, {"name": "Перетащить ингредиент в конструктор", "status": "passed", "steps": [{"name": "Найти видимый элемент", "status": "passed", "parameters": [{"name": "locator", "value": "('xpath', \"//a[contains(@class, 'BurgerIngredient_ingredient')]//p[text()='Флюоресцентная булка R2-D3']/parent::a\")"}, {"name": "timeout", "value": "10"}], "start": 1767014916036, "stop": 1767014916068}, {"name": "Найти видимый элемент", "status": "passed", "parameters": [{"name": "locator", "value": "('xpath', \"//ul[contains(@class, 'BurgerConstructor_basket__list__l9dp_')]\")"}, {"name": "timeout", "value": "10"}], "start": 1767014916068, "stop": 1767014916109}, {"name": "Перетащить элемент", "status": "passed", "parameters": [{"name": "source", "value": "<selenium.webdriver.remote.webelement.WebElement (session=\"beeba23a-ae77-47e9-91ef-12c5963c270e\", element=\"1cc139f4-ea89-4c9c-998e-6f7b3497223f\")>"}, {"name": "target", "value": "<selenium.webdriver.remote.webelement.WebElement (session=\"beeba23a-ae77-47e9-91ef-12c5963c270e\", element=\"0e281de3-1aaa-4948-983b-4ec022027cb0\")>"}], "start": 1767014916112, "stop": 1767014916118}], "parameters": [{"name": "ingredient_locator", "value": "('xpath', \"//a[contains(@class, 'BurgerIngredient_ingredient')]//p[text()='Флюоресцентная булка R2-D3']/parent::a\")"}], "start": 1767014916035, "stop": 1767014916119}, {"name": "Ожидать появления счетчика ингредиента", "status": "passed", "parameters": [{"name": "timeout", "value": "('xpath', \"//a[contains(@class, 'BurgerIngredient_ingredient')]//p[text()='Флюоресцентная булка R2-D3']/parent::a\")"}], "start": 1767014916119, "stop": 1767014916119}, {"name": "Получить счетчик ингредиента", "status": "passed", "steps": [{"name": "Найти элемент", "status": "passed", "parameters": [{"name": "locator", "value": "('xpath', \"//a[contains(@class, 'BurgerIngredient_ingredient')]//p[text()='Флюоресцентная булка R2-D3']/parent::a\")"}, {"name": "timeout", "value": "10"}], "start": 1767014916119, "stop": 1767014916120}], "parameters": [{"name": "ingredient_locator", "value": "('xpath', \"//a[contains(@class, 'BurgerIngredient_ingredient')]//p[text()='Флюоресцентная булка R2-D3']/parent::a\")"}], "start": 1767014916119, "stop": 1767014916130}], "start": 1767014916024, "stop": 1767014916130}, {"name": "Оформляем заказ", "status": "passed", "steps": [{"name": "Кликнуть по кнопке 'Оформить заказ'", "status": "passed", "steps": [{"name": "Проверить, что пользователь авторизован", "status": "passed", "steps": [{"name": "Проверить видимость элемента", "status": "passed", "parameters": [{"name": "locator", "value": "('xpath', \"//button[contains(@class, 'button_button__33qZ0') and contains(text(), 'Оформить заказ')]\")"}, {"name": "timeout", "value": "3"}], "start": 1767014916130, "stop": 1767014916148}], "start": 1767014916130, "stop": 1767014916148}, {"name": "Кликнуть по элементу через JavaScript", "status": "passed", "steps": [{"name": "Найти видимый элемент", "status": "passed", "parameters": [{"name": "locator", "value": "('xpath', \"//button[contains(@class, 'button_button__33qZ0') and contains(text(), 'Оформить заказ')]\")"}, {"name": "timeout", "value": "10"}], "start": 1767014916149, "stop": 1767014916172}], "parameters": [{"name": "locator", "value": "('xpath', \"//button[contains(@class, 'button_button__33qZ0') and contains(text(), 'Оформить заказ')]\")"}], "start": 1767014916149, "stop": 1767014916177}], "start": 1767014916130, "stop": 1767014916177}, {"name": "Проверить видимость модального окна", "status": "passed", "steps": [{"name": "Проверить видимость элемента", "status": "passed", "parameters": [{"name": "locator", "value": "('xpath', \"//div[contains(@class, 'Modal_modal__container')]\")"}, {"name": "timeout", "value": "5"}], "start": 1767014919192, "stop": 1767014919214}], "start": 1767014919192, "stop": 1767014919214}], "start": 1767014916130, "stop": 1767014919214}, {"name": "Закрываем модальное окно и переходим в ленту заказов", "status": "passed", "steps": [{"name": "Закрыть модальное окно", "status": "passed", "steps": [{"name": "Кликнуть по элементу через JavaScript", "status": "passed", "steps": [{"name": "Найти видимый элемент", "status": "passed", "parameters": [{"name": "locator", "value": "('xpath', \"//button[contains(@class, 'Modal_modal__close')]\")"}, {"name": "timeout", "value": "10"}], "start": 1767014919214, "stop": 1767014919236}], "parameters": [{"name": "locator", "value": "('xpath', \"//button[contains(@class, 'Modal_modal__close')]\")"}], "start": 1767014919214, "stop": 1767014919240}], "start": 1767014919214, "stop": 1767014919240}, {"name": "Кликнуть по кнопке 'Лента заказов'", "status": "passed", "steps": [{"name": "Ожидать загрузки главной страницы", "status": "passed", "steps": [{"name": "Ожидать исчезновения элемента", "status": "passed", "parameters": [{"name": "locator", "value": "('xpath', \"//div[contains(@class, 'Modal_modal_overlay')]\")"}, {"name": "timeout", "value": "5"}], "start": 1767014919240, "stop": 1767014919771}], "start": 1767014919240, "stop": 1767014919771}, {"name": "Кликнуть по элементу через JavaScript", "status": "passed", "steps": [{"name": "Найти видимый элемент", "status": "passed", "parameters": [{"name": "locator", "value": "('xpath', \"//a[contains(@class, 'AppHeader_header__link') and contains(@href, '/feed')]\")"}, {"name": "timeout", "value": "10"}], "start": 1767014919771, "stop": 1767014919792}], "parameters": [{"name": "locator", "value": "('xpath', \"//a[contains(@class, 'AppHeader_header__link') and contains(@href, '/feed')]\")"}], "start": 1767014919771, "stop": 1767014919798}], "start": 1767014919240, "stop": 1767014919798}], "start": 1767014919214, "stop": 1767014921807}, {"name": "Проверяем, что счетчик строго больше начального значения", "status": "failed", "statusDetails": {"message": "AssertionError: Счетчик 'Выполнено за всё время' не увеличился. Было: 0, стало: 0\nassert 0 > 0\n", "trace": "  File \"C:\\Users\\vikharev-d\\work\\Task_3\\tests\\test_order_feed.py\", line 125, in test_total_orders_counter_increase\n    assert new_total > initial_total, \\\n"}, "steps": [{"name": "Получить счетчик 'Выполнено за всё время'", "status": "passed", "steps": [{"name": "Получить текст элемента", "status": "broken", "statusDetails": {"message": "selenium.common.exceptions.TimeoutException: Message: \nStacktrace:\nRemoteError@chrome://remote/content/shared/RemoteError.sys.mjs:8:8\nWebDriverError@chrome://remote/content/shared/webdriver/Errors.sys.mjs:202:5\nNoSuchElementError@chrome://remote/content/shared/webdriver/Errors.sys.mjs:555:5\ndom.find/</<@chrome://remote/content/shared/DOM.sys.mjs:136:16\n\n", "trace": "  File \"C:\\Users\\vikharev-d\\work\\Task_3\\venv\\lib\\site-packages\\allure_commons\\_allure.py\", line 192, in impl\n    return func(*a, **kw)\n  File \"C:\\Users\\vikharev-d\\work\\Task_3\\pages\\base_page.py\", line 119, in get_text\n    element = self.find_visible_element(locator)\n  File \"C:\\Users\\vikharev-d\\work\\Task_3\\venv\\lib\\site-packages\\allure_commons\\_allure.py\", line 192, in impl\n    return func(*a, **kw)\n  File \"C:\\Users\\vikharev-d\\work\\Task_3\\pages\\base_page.py\", line 66, in find_visible_element\n    element = wait.until(EC.visibility_of_element_located(locator))\n  File \"C:\\Users\\vikharev-d\\work\\Task_3\\venv\\lib\\site-packages\\selenium\\webdriver\\support\\wait.py\", line 101, in until\n    raise TimeoutException(message, screen, stacktrace)\n"}, "steps": [{"name": "Найти видимый элемент", "status": "broken", "statusDetails": {"message": "selenium.common.exceptions.TimeoutException: Message: \nStacktrace:\nRemoteError@chrome://remote/content/shared/RemoteError.sys.mjs:8:8\nWebDriverError@chrome://remote/content/shared/webdriver/Errors.sys.mjs:202:5\nNoSuchElementError@chrome://remote/content/shared/webdriver/Errors.sys.mjs:555:5\ndom.find/</<@chrome://remote/content/shared/DOM.sys.mjs:136:16\n\n", "trace": "  File \"C:\\Users\\vikharev-d\\work\\Task_3\\venv\\lib\\site-packages\\allure_commons\\_allure.py\", line 192, in impl\n    return func(*a, **kw)\n  File \"C:\\Users\\vikharev-d\\work\\Task_3\\pages\\base_page.py\", line 66, in find_visible_element\n    element = wait.until(EC.visibility_of_element_located(locator))\n  File \"C:\\Users\\vikharev-d\\work\\Task_3\\venv\\lib\\site-packages\\selenium\\webdriver\\support\\wait.py\", line 101, in until\n    raise TimeoutException(message, screen, stacktrace)\n"}, "parameters": [{"name": "locator", "value": "('xpath', \"//p[contains(text(), 'Выполнено за всё время')]/following-sibling::p\")"}, {"name": "timeout", "value": "10"}], "start": 1767014921807, "stop": 1767014932335}], "parameters": [{"name": "locator", "value": "('xpath', \"//p[contains(text(), 'Выполнено за всё время')]/following-sibling::p\")"}], "start": 1767014921807, "stop": 1767014932335}], "start": 1767014921807, "stop": 1767014932336}], "start": 1767014921807, "stop": 1767014932336}], "attachments": [{"name": "screenshot", "source": "bf5cb8d2-21c7-47f2-9c67-60e01c0f688c-attachment.png", "type": "image/png"}], "parameters": [{"name": "driver", "value": "'firefox'"}], "start": 1767014900327, "stop": 1767014932336, "uuid": "95a230ab-144f-467c-8e10-ce7f10029ac3", "historyId": "6f301ea30dde78aa752e8f183b448f27", "testCaseId": "350bdcc5b17f80dc9c7cb916b696ed49", "fullName": "tests.test_order_feed.TestOrderFeed#test_total_orders_counter_increase", "labels": [{"name": "feature", "value": "Лента заказов"}, {"name": "story", "value": "Функциональность ленты заказов"}, {"name": "parentSuite", "value": "tests"}, {"name": "suite", "value": "test_order_feed"}, {"name": "subSuite", "value": "TestOrderFeed"}, {"name": "host", "value": "plr-001004476"}, {"name": "thread", "value": "21300-MainThread"}, {"name": "framework", "value": "pytest"}, {"name": "language", "value": "cpython3"}, {"name": "package", "value": "tests.test_order_feed"}]}