{"name": "Всплывающее окно с деталями ингредиента", "status": "broken", "statusDetails": {"message": "selenium.common.exceptions.WebDriverException: Message: Service C:\\WebDriver\\chromedriver-win64\\chromedriver.exe unexpectedly exited. Status code was: 1", "trace": "tests\\conftest.py:15: in driver\n    driver = DriverFactory.create_driver(request.param)\nutils\\driver_factory.py:138: in create_driver\n    driver = webdriver.Chrome(\nvenv\\lib\\site-packages\\selenium\\webdriver\\chrome\\webdriver.py:45: in __init__\n    super().__init__(\nvenv\\lib\\site-packages\\selenium\\webdriver\\chromium\\webdriver.py:53: in __init__\n    self.service.start()\nvenv\\lib\\site-packages\\selenium\\webdriver\\common\\service.py:102: in start\n    self.assert_process_still_running()\nvenv\\lib\\site-packages\\selenium\\webdriver\\common\\service.py:115: in assert_process_still_running\n    raise WebDriverException(f\"Service {self._path} unexpectedly exited. Status code was: {return_code}\")\nE   selenium.common.exceptions.WebDriverException: Message: Service C:\\WebDriver\\chromedriver-win64\\chromedriver.exe unexpectedly exited. Status code was: 1"}, "description": "Проверяет открытие модального окна с деталями ингредиента", "parameters": [{"name": "driver", "value": "'chrome'"}], "start": 1767100837421, "stop": 1767100837421, "uuid": "9da53ee1-dce1-48e9-a36c-2b5ebe3a8248", "historyId": "3a18a664e1f92c023eb2838ad6fef7d9", "testCaseId": "d615fcda3f5266a5e3a773476d48d4a3", "fullName": "tests.test_constructor.TestConstructor#test_ingredient_modal", "labels": [{"name": "feature", "value": "Основной функционал"}, {"name": "story", "value": "Проверка основного функционала приложения"}, {"name": "parentSuite", "value": "tests"}, {"name": "suite", "value": "test_constructor"}, {"name": "subSuite", "value": "TestConstructor"}, {"name": "host", "value": "plr-001004476"}, {"name": "thread", "value": "27168-MainThread"}, {"name": "framework", "value": "pytest"}, {"name": "language", "value": "cpython3"}, {"name": "package", "value": "tests.test_constructor"}]}