{"name": "Оформление заказа залогиненным пользователем", "status": "failed", "statusDetails": {"message": "AssertionError: Авторизация не прошла. Кнопка 'Оформить заказ' не найдена после логина.\nassert False\n +  where False = <bound method MainPage.is_user_logged_in of <pages.main_page.MainPage object at 0x00000257DD909690>>()\n +    where <bound method MainPage.is_user_logged_in of <pages.main_page.MainPage object at 0x00000257DD909690>> = <pages.main_page.MainPage object at 0x00000257DD909690>.is_user_logged_in", "trace": "tests\\test_constructor.py:241: in test_create_order\n    assert main_page.is_user_logged_in(), \\\nE   AssertionError: Авторизация не прошла. Кнопка 'Оформить заказ' не найдена после логина.\nE   assert False\nE    +  where False = <bound method MainPage.is_user_logged_in of <pages.main_page.MainPage object at 0x00000257DD909690>>()\nE    +    where <bound method MainPage.is_user_logged_in of <pages.main_page.MainPage object at 0x00000257DD909690>> = <pages.main_page.MainPage object at 0x00000257DD909690>.is_user_logged_in"}, "description": "Проверяет оформление заказа залогиненным пользователем", "steps": [{"name": "Загрузка сайта, проверка что сайт загружен", "status": "passed", "steps": [{"name": "Открыть страницу", "status": "passed", "start": 1767005716892, "stop": 1767005718833}, {"name": "Ожидать загрузки главной страницы", "status": "passed", "steps": [{"name": "Ожидать исчезновения элемента", "status": "passed", "parameters": [{"name": "locator", "value": "('xpath', \"//div[contains(@class, 'Modal_modal_overlay')]\")"}, {"name": "timeout", "value": "5"}], "start": 1767005718833, "stop": 1767005718875}], "start": 1767005718833, "stop": 1767005718875}], "start": 1767005716892, "stop": 1767005718875}, {"name": "Авторизуемся (используем данные из фикстуры registered_user)", "status": "failed", "statusDetails": {"message": "AssertionError: Авторизация не прошла. Кнопка 'Оформить заказ' не найдена после логина.\nassert False\n +  where False = <bound method MainPage.is_user_logged_in of <pages.main_page.MainPage object at 0x00000257DD909690>>()\n +    where <bound method MainPage.is_user_logged_in of <pages.main_page.MainPage object at 0x00000257DD909690>> = <pages.main_page.MainPage object at 0x00000257DD909690>.is_user_logged_in\n", "trace": "  File \"C:\\Users\\vikharev-d\\work\\Task_3\\tests\\test_constructor.py\", line 241, in test_create_order\n    assert main_page.is_user_logged_in(), \\\n"}, "steps": [{"name": "Открыть страницу", "status": "passed", "start": 1767005718875, "stop": 1767005719110}, {"name": "Проверить видимость формы входа", "status": "passed", "steps": [{"name": "Проверить видимость элемента", "status": "passed", "parameters": [{"name": "locator", "value": "('xpath', \"//button[contains(@class, 'button_button') and contains(text(), 'Войти')]\")"}, {"name": "timeout", "value": "5"}], "start": 1767005719110, "stop": 1767005719146}], "start": 1767005719110, "stop": 1767005719146}, {"name": "Выполнить вход", "status": "passed", "steps": [{"name": "Ввести email", "status": "passed", "steps": [{"name": "Ввести текст в поле", "status": "passed", "steps": [{"name": "Найти видимый элемент", "status": "passed", "parameters": [{"name": "locator", "value": "('xpath', \"//input[@name='name' and @type='text']\")"}, {"name": "timeout", "value": "10"}], "start": 1767005719146, "stop": 1767005719189}], "parameters": [{"name": "locator", "value": "('xpath', \"//input[@name='name' and @type='text']\")"}, {"name": "text", "value": "'test_78972@example.com'"}], "start": 1767005719146, "stop": 1767005719274}], "parameters": [{"name": "email", "value": "'test_78972@example.com'"}], "start": 1767005719146, "stop": 1767005719274}, {"name": "Ввести пароль", "status": "passed", "steps": [{"name": "Ввести текст в поле", "status": "passed", "steps": [{"name": "Найти видимый элемент", "status": "passed", "parameters": [{"name": "locator", "value": "('xpath', \"//input[@name='Пароль' and @type='password']\")"}, {"name": "timeout", "value": "10"}], "start": 1767005719276, "stop": 1767005719315}], "parameters": [{"name": "locator", "value": "('xpath', \"//input[@name='Пароль' and @type='password']\")"}, {"name": "text", "value": "'password123'"}], "start": 1767005719276, "stop": 1767005719355}], "parameters": [{"name": "password", "value": "'password123'"}], "start": 1767005719276, "stop": 1767005719355}, {"name": "Кликнуть по кнопке входа", "status": "passed", "steps": [{"name": "Кликнуть по элементу через JavaScript", "status": "passed", "steps": [{"name": "Найти видимый элемент", "status": "passed", "parameters": [{"name": "locator", "value": "('xpath', \"//button[contains(@class, 'button_button') and contains(text(), 'Войти')]\")"}, {"name": "timeout", "value": "10"}], "start": 1767005719356, "stop": 1767005719406}], "parameters": [{"name": "locator", "value": "('xpath', \"//button[contains(@class, 'button_button') and contains(text(), 'Войти')]\")"}], "start": 1767005719356, "stop": 1767005719412}], "start": 1767005719355, "stop": 1767005719412}], "parameters": [{"name": "email", "value": "'test_78972@example.com'"}, {"name": "password", "value": "'password123'"}], "start": 1767005719146, "stop": 1767005721426}, {"name": "Открыть страницу", "status": "passed", "start": 1767005736853, "stop": 1767005737090}, {"name": "Ожидать загрузки главной страницы", "status": "passed", "steps": [{"name": "Ожидать исчезновения элемента", "status": "passed", "parameters": [{"name": "locator", "value": "('xpath', \"//div[contains(@class, 'Modal_modal_overlay')]\")"}, {"name": "timeout", "value": "5"}], "start": 1767005737090, "stop": 1767005737127}], "start": 1767005737090, "stop": 1767005737127}, {"name": "Проверить, что пользователь авторизован", "status": "passed", "steps": [{"name": "Проверить видимость элемента", "status": "passed", "parameters": [{"name": "locator", "value": "('xpath', \"//button[contains(@class, 'button_button__33qZ0') and contains(text(), 'Оформить заказ')]\")"}, {"name": "timeout", "value": "3"}], "start": 1767005738145, "stop": 1767005748710}, {"name": "Проверить видимость элемента", "status": "passed", "parameters": [{"name": "locator", "value": "('xpath', \"//button[contains(@class, 'button_button') and contains(text(), 'Войти в аккаунт')]\")"}, {"name": "timeout", "value": "2"}], "start": 1767005748710, "stop": 1767005748741}], "start": 1767005738145, "stop": 1767005748741}, {"name": "Открыть страницу", "status": "passed", "start": 1767005749751, "stop": 1767005749823}, {"name": "Ожидать загрузки главной страницы", "status": "passed", "steps": [{"name": "Ожидать исчезновения элемента", "status": "passed", "parameters": [{"name": "locator", "value": "('xpath', \"//div[contains(@class, 'Modal_modal_overlay')]\")"}, {"name": "timeout", "value": "5"}], "start": 1767005749824, "stop": 1767005749976}], "start": 1767005749824, "stop": 1767005749976}, {"name": "Проверить, что пользователь авторизован", "status": "passed", "steps": [{"name": "Проверить видимость элемента", "status": "passed", "parameters": [{"name": "locator", "value": "('xpath', \"//button[contains(@class, 'button_button__33qZ0') and contains(text(), 'Оформить заказ')]\")"}, {"name": "timeout", "value": "3"}], "start": 1767005749977, "stop": 1767005760535}, {"name": "Проверить видимость элемента", "status": "passed", "parameters": [{"name": "locator", "value": "('xpath', \"//button[contains(@class, 'button_button') and contains(text(), 'Войти в аккаунт')]\")"}, {"name": "timeout", "value": "2"}], "start": 1767005760535, "stop": 1767005760552}], "start": 1767005749976, "stop": 1767005760552}, {"name": "Открыть страницу", "status": "passed", "start": 1767005761557, "stop": 1767005761778}, {"name": "Ожидать загрузки главной страницы", "status": "passed", "steps": [{"name": "Ожидать исчезновения элемента", "status": "passed", "parameters": [{"name": "locator", "value": "('xpath', \"//div[contains(@class, 'Modal_modal_overlay')]\")"}, {"name": "timeout", "value": "5"}], "start": 1767005761779, "stop": 1767005761796}], "start": 1767005761779, "stop": 1767005761796}, {"name": "Проверить, что пользователь авторизован", "status": "passed", "steps": [{"name": "Проверить видимость элемента", "status": "passed", "parameters": [{"name": "locator", "value": "('xpath', \"//button[contains(@class, 'button_button__33qZ0') and contains(text(), 'Оформить заказ')]\")"}, {"name": "timeout", "value": "3"}], "start": 1767005761796, "stop": 1767005772342}, {"name": "Проверить видимость элемента", "status": "passed", "parameters": [{"name": "locator", "value": "('xpath', \"//button[contains(@class, 'button_button') and contains(text(), 'Войти в аккаунт')]\")"}, {"name": "timeout", "value": "2"}], "start": 1767005772342, "stop": 1767005772359}], "start": 1767005761796, "stop": 1767005772359}, {"name": "Открыть страницу", "status": "passed", "start": 1767005773369, "stop": 1767005773583}, {"name": "Ожидать загрузки главной страницы", "status": "passed", "steps": [{"name": "Ожидать исчезновения элемента", "status": "passed", "parameters": [{"name": "locator", "value": "('xpath', \"//div[contains(@class, 'Modal_modal_overlay')]\")"}, {"name": "timeout", "value": "5"}], "start": 1767005773583, "stop": 1767005773603}], "start": 1767005773583, "stop": 1767005773603}, {"name": "Проверить, что пользователь авторизован", "status": "passed", "steps": [{"name": "Проверить видимость элемента", "status": "passed", "parameters": [{"name": "locator", "value": "('xpath', \"//button[contains(@class, 'button_button__33qZ0') and contains(text(), 'Оформить заказ')]\")"}, {"name": "timeout", "value": "3"}], "start": 1767005773603, "stop": 1767005784139}, {"name": "Проверить видимость элемента", "status": "passed", "parameters": [{"name": "locator", "value": "('xpath', \"//button[contains(@class, 'button_button') and contains(text(), 'Войти в аккаунт')]\")"}, {"name": "timeout", "value": "2"}], "start": 1767005784139, "stop": 1767005784166}], "start": 1767005773603, "stop": 1767005784166}], "start": 1767005718875, "stop": 1767005784166}], "attachments": [{"name": "screenshot", "source": "52064662-6450-4c78-8061-b288a7cae1d8-attachment.png", "type": "image/png"}], "parameters": [{"name": "driver", "value": "'chrome'"}], "start": 1767005716888, "stop": 1767005784167, "uuid": "171400f9-c2ae-4578-8572-e259c037a962", "historyId": "ce482e565c0f91204c0af966a9b26300", "testCaseId": "08697d8feb5c30f95bcfbb211cf0c003", "fullName": "tests.test_constructor.TestConstructor#test_create_order", "labels": [{"name": "feature", "value": "Основной функционал"}, {"name": "story", "value": "Проверка основного функционала приложения"}, {"name": "parentSuite", "value": "tests"}, {"name": "suite", "value": "test_constructor"}, {"name": "subSuite", "value": "TestConstructor"}, {"name": "host", "value": "plr-001004476"}, {"name": "thread", "value": "26516-MainThread"}, {"name": "framework", "value": "pytest"}, {"name": "language", "value": "cpython3"}, {"name": "package", "value": "tests.test_constructor"}]}